<?xml version="1.0" encoding="UTF-8"?>
<coverage generated="1777469011926" clover="3.2.0">
  <project timestamp="1777469011926" name="All files">
    <metrics statements="384" coveredstatements="289" conditionals="239" coveredconditionals="142" methods="86" coveredmethods="68" elements="709" coveredelements="499" complexity="0" loc="384" ncloc="384" packages="3" files="6" classes="6"/>
    <package name="game">
      <metrics statements="248" coveredstatements="219" conditionals="131" coveredconditionals="96" methods="58" coveredmethods="54"/>
      <file name="Game.js" path="/home/skk/Desktop/tetris_client/backend/src/game/Game.js">
        <metrics statements="143" coveredstatements="114" conditionals="95" coveredconditionals="62" methods="26" coveredmethods="22"/>
        <line num="3" count="2" type="stmt"/>
        <line num="4" count="2" type="stmt"/>
        <line num="19" count="2" type="stmt"/>
        <line num="22" count="2" type="stmt"/>
        <line num="34" count="49" type="stmt"/>
        <line num="35" count="49" type="stmt"/>
        <line num="36" count="49" type="stmt"/>
        <line num="39" count="49" type="stmt"/>
        <line num="40" count="49" type="stmt"/>
        <line num="42" count="49" type="stmt"/>
        <line num="44" count="49" type="stmt"/>
        <line num="45" count="49" type="stmt"/>
        <line num="46" count="49" type="stmt"/>
        <line num="58" count="57" type="cond" truecount="1" falsecount="1"/>
        <line num="59" count="57" type="stmt"/>
        <line num="60" count="57" type="cond" truecount="2" falsecount="0"/>
        <line num="61" count="57" type="stmt"/>
        <line num="62" count="57" type="stmt"/>
        <line num="72" count="8" type="stmt"/>
        <line num="73" count="8" type="cond" truecount="2" falsecount="0"/>
        <line num="75" count="7" type="stmt"/>
        <line num="78" count="7" type="cond" truecount="4" falsecount="0"/>
        <line num="79" count="3" type="stmt"/>
        <line num="83" count="7" type="cond" truecount="2" falsecount="0"/>
        <line num="84" count="1" type="stmt"/>
        <line num="85" count="1" type="cond" truecount="1" falsecount="1"/>
        <line num="86" count="1" type="cond" truecount="2" falsecount="0"/>
        <line num="90" count="7" type="stmt"/>
        <line num="101" count="27" type="stmt"/>
        <line num="102" count="27" type="cond" truecount="4" falsecount="0"/>
        <line num="103" count="25" type="cond" truecount="2" falsecount="0"/>
        <line num="104" count="24" type="cond" truecount="1" falsecount="1"/>
        <line num="106" count="24" type="stmt"/>
        <line num="107" count="24" type="stmt"/>
        <line num="108" count="24" type="stmt"/>
        <line num="110" count="24" type="stmt"/>
        <line num="111" count="26" type="stmt"/>
        <line num="112" count="26" type="stmt"/>
        <line num="113" count="26" type="stmt"/>
        <line num="116" count="24" type="stmt"/>
        <line num="117" count="24" type="stmt"/>
        <line num="124" count="25" type="cond" truecount="2" falsecount="0"/>
        <line num="125" count="19" type="stmt"/>
        <line num="126" count="19" type="stmt"/>
        <line num="134" count="3" type="stmt"/>
        <line num="135" count="3" type="stmt"/>
        <line num="136" count="3" type="stmt"/>
        <line num="137" count="3" type="stmt"/>
        <line num="138" count="3" type="stmt"/>
        <line num="147" count="3" type="cond" truecount="1" falsecount="1"/>
        <line num="148" count="3" type="stmt"/>
        <line num="149" count="3" type="stmt"/>
        <line num="150" count="3" type="stmt"/>
        <line num="152" count="3" type="stmt"/>
        <line num="155" count="3" type="cond" truecount="1" falsecount="1"/>
        <line num="156" count="0" type="stmt"/>
        <line num="157" count="0" type="stmt"/>
        <line num="165" count="0" type="stmt"/>
        <line num="166" count="0" type="stmt"/>
        <line num="178" count="6" type="stmt"/>
        <line num="179" count="6" type="cond" truecount="4" falsecount="0"/>
        <line num="181" count="4" type="cond" truecount="4" falsecount="0"/>
        <line num="182" count="4" type="cond" truecount="2" falsecount="0"/>
        <line num="184" count="4" type="stmt"/>
        <line num="185" count="4" type="cond" truecount="1" falsecount="1"/>
        <line num="186" count="4" type="stmt"/>
        <line num="187" count="4" type="cond" truecount="2" falsecount="0"/>
        <line num="188" count="0" type="cond" truecount="0" falsecount="2"/>
        <line num="190" count="0" type="stmt"/>
        <line num="199" count="3" type="stmt"/>
        <line num="200" count="3" type="cond" truecount="4" falsecount="0"/>
        <line num="201" count="2" type="stmt"/>
        <line num="209" count="2" type="stmt"/>
        <line num="210" count="2" type="cond" truecount="3" falsecount="1"/>
        <line num="211" count="2" type="stmt"/>
        <line num="212" count="2" type="stmt"/>
        <line num="221" count="19" type="stmt"/>
        <line num="225" count="19" type="stmt"/>
        <line num="236" count="0" type="cond" truecount="0" falsecount="2"/>
        <line num="237" count="0" type="cond" truecount="0" falsecount="4"/>
        <line num="238" count="0" type="stmt"/>
        <line num="239" count="0" type="cond" truecount="0" falsecount="4"/>
        <line num="240" count="0" type="cond" truecount="0" falsecount="2"/>
        <line num="241" count="0" type="stmt"/>
        <line num="242" count="0" type="stmt"/>
        <line num="243" count="0" type="stmt"/>
        <line num="249" count="1" type="stmt"/>
        <line num="254" count="29" type="stmt"/>
        <line num="255" count="29" type="stmt"/>
        <line num="256" count="29" type="stmt"/>
        <line num="257" count="29" type="stmt"/>
        <line num="258" count="29" type="stmt"/>
        <line num="259" count="29" type="stmt"/>
        <line num="260" count="29" type="stmt"/>
        <line num="261" count="29" type="stmt"/>
        <line num="262" count="29" type="stmt"/>
        <line num="263" count="29" type="stmt"/>
        <line num="264" count="29" type="stmt"/>
        <line num="269" count="18" type="stmt"/>
        <line num="270" count="18" type="cond" truecount="1" falsecount="1"/>
        <line num="271" count="18" type="stmt"/>
        <line num="272" count="18" type="cond" truecount="2" falsecount="0"/>
        <line num="273" count="1" type="stmt"/>
        <line num="274" count="1" type="stmt"/>
        <line num="277" count="18" type="stmt"/>
        <line num="281" count="1" type="stmt"/>
        <line num="282" count="1" type="cond" truecount="1" falsecount="1"/>
        <line num="283" count="1" type="stmt"/>
        <line num="285" count="0" type="stmt"/>
        <line num="295" count="3" type="stmt"/>
        <line num="298" count="3" type="stmt"/>
        <line num="299" count="3" type="stmt"/>
        <line num="302" count="3" type="cond" truecount="2" falsecount="0"/>
        <line num="303" count="1" type="stmt"/>
        <line num="304" count="1" type="stmt"/>
        <line num="305" count="1" type="stmt"/>
        <line num="308" count="1" type="stmt"/>
        <line num="309" count="1" type="cond" truecount="1" falsecount="1"/>
        <line num="310" count="1" type="stmt"/>
        <line num="315" count="3" type="cond" truecount="1" falsecount="1"/>
        <line num="316" count="0" type="stmt"/>
        <line num="317" count="0" type="stmt"/>
        <line num="321" count="3" type="stmt"/>
        <line num="324" count="3" type="cond" truecount="1" falsecount="1"/>
        <line num="325" count="0" type="stmt"/>
        <line num="326" count="0" type="stmt"/>
        <line num="330" count="3" type="stmt"/>
        <line num="333" count="3" type="cond" truecount="1" falsecount="1"/>
        <line num="341" count="0" type="stmt"/>
        <line num="346" count="0" type="stmt"/>
        <line num="347" count="0" type="stmt"/>
        <line num="351" count="0" type="stmt"/>
        <line num="355" count="1" type="stmt"/>
        <line num="356" count="2" type="cond" truecount="4" falsecount="0"/>
        <line num="357" count="1" type="stmt"/>
        <line num="363" count="0" type="stmt"/>
        <line num="365" count="0" type="cond" truecount="0" falsecount="4"/>
        <line num="366" count="0" type="stmt"/>
        <line num="367" count="0" type="stmt"/>
        <line num="370" count="0" type="cond" truecount="0" falsecount="2"/>
        <line num="371" count="0" type="stmt"/>
        <line num="376" count="18" type="stmt"/>
        <line num="380" count="2" type="stmt"/>
      </file>
      <file name="Piece.js" path="/home/skk/Desktop/tetris_client/backend/src/game/Piece.js">
        <metrics statements="15" coveredstatements="15" conditionals="1" coveredconditionals="1" methods="6" coveredmethods="6"/>
        <line num="7" count="4" type="stmt"/>
        <line num="73" count="4" type="stmt"/>
        <line num="82" count="88" type="stmt"/>
        <line num="83" count="272" type="stmt"/>
        <line num="84" count="88" type="stmt"/>
        <line num="85" count="88" type="stmt"/>
        <line num="97" count="39" type="stmt"/>
        <line num="98" count="39" type="stmt"/>
        <line num="99" count="25865" type="stmt"/>
        <line num="100" count="25865" type="stmt"/>
        <line num="101" count="25865" type="stmt"/>
        <line num="102" count="25865" type="stmt"/>
        <line num="114" count="33" type="stmt"/>
        <line num="115" count="25705" type="stmt"/>
        <line num="118" count="4" type="stmt"/>
      </file>
      <file name="Player.js" path="/home/skk/Desktop/tetris_client/backend/src/game/Player.js">
        <metrics statements="24" coveredstatements="24" conditionals="2" coveredconditionals="2" methods="3" coveredmethods="3"/>
        <line num="3" count="3" type="stmt"/>
        <line num="4" count="3" type="stmt"/>
        <line num="16" count="74" type="stmt"/>
        <line num="17" count="74" type="stmt"/>
        <line num="20" count="74" type="stmt"/>
        <line num="23" count="74" type="stmt"/>
        <line num="24" count="74" type="stmt"/>
        <line num="25" count="74" type="stmt"/>
        <line num="26" count="74" type="stmt"/>
        <line num="27" count="74" type="stmt"/>
        <line num="28" count="74" type="stmt"/>
        <line num="29" count="74" type="stmt"/>
        <line num="30" count="74" type="stmt"/>
        <line num="31" count="74" type="stmt"/>
        <line num="32" count="74" type="stmt"/>
        <line num="35" count="74" type="stmt"/>
        <line num="44" count="41" type="stmt"/>
        <line num="45" count="41" type="cond" truecount="2" falsecount="0"/>
        <line num="47" count="33" type="stmt"/>
        <line num="48" count="33" type="stmt"/>
        <line num="51" count="8" type="stmt"/>
        <line num="52" count="8" type="stmt"/>
        <line num="60" count="101" type="stmt"/>
        <line num="76" count="3" type="stmt"/>
      </file>
      <file name="logic.js" path="/home/skk/Desktop/tetris_client/backend/src/game/logic.js">
        <metrics statements="66" coveredstatements="66" conditionals="33" coveredconditionals="31" methods="23" coveredmethods="23"/>
        <line num="3" count="4" type="stmt"/>
        <line num="4" count="4" type="stmt"/>
        <line num="13" count="2760" type="stmt"/>
        <line num="27" count="121" type="stmt"/>
        <line num="28" count="257" type="stmt"/>
        <line num="29" count="628" type="cond" truecount="2" falsecount="0"/>
        <line num="30" count="382" type="stmt"/>
        <line num="31" count="382" type="stmt"/>
        <line num="32" count="382" type="cond" truecount="4" falsecount="0"/>
        <line num="33" count="377" type="cond" truecount="4" falsecount="0"/>
        <line num="34" count="373" type="cond" truecount="2" falsecount="0"/>
        <line num="37" count="103" type="stmt"/>
        <line num="49" count="13" type="stmt"/>
        <line num="50" count="13" type="stmt"/>
        <line num="51" count="38" type="stmt"/>
        <line num="52" count="13" type="stmt"/>
        <line num="53" count="36" type="stmt"/>
        <line num="54" count="110" type="stmt"/>
        <line num="57" count="13" type="stmt"/>
        <line num="69" count="5" type="stmt"/>
        <line num="70" count="5" type="stmt"/>
        <line num="71" count="5" type="stmt"/>
        <line num="72" count="10" type="cond" truecount="2" falsecount="0"/>
        <line num="73" count="4" type="stmt"/>
        <line num="76" count="1" type="stmt"/>
        <line num="90" count="10" type="stmt"/>
        <line num="91" count="10" type="stmt"/>
        <line num="92" count="10" type="cond" truecount="2" falsecount="0"/>
        <line num="93" count="8" type="stmt"/>
        <line num="95" count="2" type="stmt"/>
        <line num="105" count="5" type="stmt"/>
        <line num="106" count="5" type="stmt"/>
        <line num="107" count="86" type="stmt"/>
        <line num="109" count="5" type="stmt"/>
        <line num="121" count="120" type="stmt"/>
        <line num="122" count="6" type="stmt"/>
        <line num="123" count="15" type="stmt"/>
        <line num="124" count="43" type="cond" truecount="2" falsecount="0"/>
        <line num="125" count="19" type="stmt"/>
        <line num="126" count="19" type="stmt"/>
        <line num="127" count="19" type="cond" truecount="5" falsecount="1"/>
        <line num="128" count="19" type="stmt"/>
        <line num="132" count="6" type="stmt"/>
        <line num="142" count="369" type="stmt"/>
        <line num="143" count="9" type="stmt"/>
        <line num="144" count="20" type="stmt"/>
        <line num="145" count="9" type="stmt"/>
        <line num="158" count="4" type="cond" truecount="2" falsecount="0"/>
        <line num="159" count="3" type="stmt"/>
        <line num="160" count="6" type="stmt"/>
        <line num="161" count="6" type="stmt"/>
        <line num="162" count="6" type="stmt"/>
        <line num="164" count="3" type="stmt"/>
        <line num="176" count="6" type="stmt"/>
        <line num="177" count="60" type="stmt"/>
        <line num="178" count="1176" type="cond" truecount="2" falsecount="0"/>
        <line num="180" count="46" type="stmt"/>
        <line num="193" count="56" type="stmt"/>
        <line num="205" count="6" type="stmt"/>
        <line num="206" count="6" type="cond" truecount="1" falsecount="1"/>
        <line num="215" count="5" type="stmt"/>
        <line num="225" count="52" type="stmt"/>
        <line num="226" count="52" type="stmt"/>
        <line num="227" count="52" type="cond" truecount="2" falsecount="0"/>
        <line num="228" count="52" type="stmt"/>
        <line num="231" count="4" type="stmt"/>
      </file>
    </package>
    <package name="persistence">
      <metrics statements="43" coveredstatements="0" conditionals="38" coveredconditionals="0" methods="10" coveredmethods="0"/>
      <file name="scoresStore.js" path="/home/skk/Desktop/tetris_client/backend/src/persistence/scoresStore.js">
        <metrics statements="43" coveredstatements="0" conditionals="38" coveredconditionals="0" methods="10" coveredmethods="0"/>
        <line num="3" count="0" type="stmt"/>
        <line num="4" count="0" type="stmt"/>
        <line num="5" count="0" type="stmt"/>
        <line num="7" count="0" type="stmt"/>
        <line num="8" count="0" type="stmt"/>
        <line num="11" count="0" type="stmt"/>
        <line num="12" count="0" type="stmt"/>
        <line num="14" count="0" type="stmt"/>
        <line num="15" count="0" type="stmt"/>
        <line num="16" count="0" type="cond" truecount="0" falsecount="2"/>
        <line num="17" count="0" type="stmt"/>
        <line num="18" count="0" type="stmt"/>
        <line num="19" count="0" type="cond" truecount="0" falsecount="5"/>
        <line num="20" count="0" type="stmt"/>
        <line num="24" count="0" type="stmt"/>
        <line num="25" count="0" type="stmt"/>
        <line num="28" count="0" type="stmt"/>
        <line num="29" count="0" type="stmt"/>
        <line num="30" count="0" type="stmt"/>
        <line num="31" count="0" type="stmt"/>
        <line num="32" count="0" type="stmt"/>
        <line num="33" count="0" type="stmt"/>
        <line num="34" count="0" type="stmt"/>
        <line num="36" count="0" type="stmt"/>
        <line num="39" count="0" type="stmt"/>
        <line num="42" count="0" type="stmt"/>
        <line num="43" count="0" type="stmt"/>
        <line num="44" count="0" type="cond" truecount="0" falsecount="2"/>
        <line num="47" count="0" type="stmt"/>
        <line num="49" count="0" type="cond" truecount="0" falsecount="2"/>
        <line num="53" count="0" type="cond" truecount="0" falsecount="5"/>
        <line num="54" count="0" type="cond" truecount="0" falsecount="2"/>
        <line num="56" count="0" type="stmt"/>
        <line num="57" count="0" type="cond" truecount="0" falsecount="4"/>
        <line num="58" count="0" type="stmt"/>
        <line num="66" count="0" type="cond" truecount="0" falsecount="2"/>
        <line num="67" count="0" type="cond" truecount="0" falsecount="2"/>
        <line num="70" count="0" type="cond" truecount="0" falsecount="2"/>
        <line num="71" count="0" type="stmt"/>
        <line num="72" count="0" type="stmt"/>
        <line num="73" count="0" type="stmt"/>
        <line num="77" count="0" type="stmt"/>
        <line num="82" count="0" type="stmt"/>
      </file>
    </package>
    <package name="sockets">
      <metrics statements="93" coveredstatements="70" conditionals="70" coveredconditionals="46" methods="18" coveredmethods="14"/>
      <file name="gameHandler.js" path="/home/skk/Desktop/tetris_client/backend/src/sockets/gameHandler.js">
        <metrics statements="93" coveredstatements="70" conditionals="70" coveredconditionals="46" methods="18" coveredmethods="14"/>
        <line num="3" count="1" type="stmt"/>
        <line num="14" count="30" type="stmt"/>
        <line num="18" count="30" type="cond" truecount="0" falsecount="1"/>
        <line num="19" count="25" type="cond" truecount="4" falsecount="0"/>
        <line num="20" count="2" type="stmt"/>
        <line num="21" count="2" type="stmt"/>
        <line num="25" count="23" type="stmt"/>
        <line num="26" count="23" type="stmt"/>
        <line num="29" count="23" type="cond" truecount="2" falsecount="0"/>
        <line num="30" count="19" type="stmt"/>
        <line num="33" count="23" type="stmt"/>
        <line num="36" count="23" type="stmt"/>
        <line num="37" count="23" type="cond" truecount="1" falsecount="1"/>
        <line num="38" count="0" type="cond" truecount="0" falsecount="2"/>
        <line num="39" count="0" type="stmt"/>
        <line num="40" count="0" type="stmt"/>
        <line num="41" count="0" type="stmt"/>
        <line num="43" count="0" type="stmt"/>
        <line num="44" count="0" type="stmt"/>
        <line num="45" count="0" type="stmt"/>
        <line num="48" count="0" type="stmt"/>
        <line num="51" count="0" type="stmt"/>
        <line num="55" count="23" type="cond" truecount="2" falsecount="0"/>
        <line num="56" count="1" type="stmt"/>
        <line num="57" count="1" type="stmt"/>
        <line num="60" count="22" type="stmt"/>
        <line num="61" count="22" type="stmt"/>
        <line num="62" count="22" type="stmt"/>
        <line num="65" count="22" type="stmt"/>
        <line num="68" count="25" type="stmt"/>
        <line num="73" count="22" type="stmt"/>
        <line num="78" count="30" type="stmt"/>
        <line num="79" count="7" type="stmt"/>
        <line num="80" count="7" type="cond" truecount="2" falsecount="0"/>
        <line num="82" count="6" type="cond" truecount="2" falsecount="0"/>
        <line num="83" count="1" type="stmt"/>
        <line num="84" count="1" type="stmt"/>
        <line num="87" count="5" type="stmt"/>
        <line num="88" count="5" type="stmt"/>
        <line num="95" count="30" type="cond" truecount="0" falsecount="1"/>
        <line num="96" count="0" type="stmt"/>
        <line num="97" count="0" type="cond" truecount="0" falsecount="2"/>
        <line num="98" count="0" type="cond" truecount="0" falsecount="2"/>
        <line num="99" count="0" type="stmt"/>
        <line num="105" count="30" type="cond" truecount="0" falsecount="1"/>
        <line num="106" count="3" type="stmt"/>
        <line num="107" count="3" type="cond" truecount="4" falsecount="0"/>
        <line num="108" count="2" type="cond" truecount="2" falsecount="0"/>
        <line num="109" count="1" type="stmt"/>
        <line num="113" count="30" type="stmt"/>
        <line num="114" count="2" type="stmt"/>
        <line num="115" count="2" type="cond" truecount="4" falsecount="0"/>
        <line num="116" count="1" type="stmt"/>
        <line num="120" count="30" type="stmt"/>
        <line num="121" count="2" type="stmt"/>
        <line num="122" count="2" type="cond" truecount="4" falsecount="0"/>
        <line num="123" count="1" type="stmt"/>
        <line num="128" count="30" type="stmt"/>
        <line num="129" count="4" type="stmt"/>
        <line num="130" count="4" type="cond" truecount="2" falsecount="0"/>
        <line num="131" count="3" type="cond" truecount="2" falsecount="0"/>
        <line num="133" count="2" type="stmt"/>
        <line num="134" count="2" type="cond" truecount="4" falsecount="0"/>
        <line num="135" count="1" type="stmt"/>
        <line num="136" count="1" type="stmt"/>
        <line num="139" count="1" type="stmt"/>
        <line num="140" count="1" type="stmt"/>
        <line num="141" count="1" type="stmt"/>
        <line num="147" count="30" type="cond" truecount="0" falsecount="1"/>
        <line num="148" count="0" type="cond" truecount="0" falsecount="4"/>
        <line num="149" count="0" type="cond" truecount="0" falsecount="2"/>
        <line num="150" count="0" type="stmt"/>
        <line num="152" count="0" type="stmt"/>
        <line num="153" count="0" type="stmt"/>
        <line num="160" count="30" type="cond" truecount="0" falsecount="1"/>
        <line num="161" count="0" type="cond" truecount="0" falsecount="2"/>
        <line num="162" count="0" type="stmt"/>
        <line num="163" count="0" type="stmt"/>
        <line num="165" count="0" type="stmt"/>
        <line num="166" count="0" type="stmt"/>
        <line num="173" count="30" type="stmt"/>
        <line num="174" count="4" type="stmt"/>
        <line num="176" count="4" type="stmt"/>
        <line num="177" count="4" type="cond" truecount="2" falsecount="0"/>
        <line num="181" count="3" type="cond" truecount="1" falsecount="1"/>
        <line num="183" count="3" type="stmt"/>
        <line num="184" count="3" type="cond" truecount="1" falsecount="1"/>
        <line num="186" count="3" type="cond" truecount="2" falsecount="0"/>
        <line num="188" count="3" type="stmt"/>
        <line num="195" count="3" type="cond" truecount="2" falsecount="0"/>
        <line num="196" count="2" type="stmt"/>
        <line num="197" count="2" type="stmt"/>
        <line num="202" count="1" type="stmt"/>
      </file>
    </package>
  </project>
</coverage>
