{"/home/skk/Desktop/tetris_client/backend/src/game/Game.js": {"path":"/home/skk/Desktop/tetris_client/backend/src/game/Game.js","statementMap":{"0":{"start":{"line":3,"column":15},"end":{"line":3,"column":34}},"1":{"start":{"line":4,"column":34},"end":{"line":4,"column":52}},"2":{"start":{"line":19,"column":4},"end":{"line":19,"column":22}},"3":{"start":{"line":22,"column":18},"end":{"line":22,"column":20}},"4":{"start":{"line":34,"column":4},"end":{"line":34,"column":24}},"5":{"start":{"line":35,"column":4},"end":{"line":35,"column":16}},"6":{"start":{"line":36,"column":4},"end":{"line":36,"column":34}},"7":{"start":{"line":39,"column":4},"end":{"line":39,"column":28}},"8":{"start":{"line":40,"column":4},"end":{"line":40,"column":27}},"9":{"start":{"line":42,"column":4},"end":{"line":42,"column":27}},"10":{"start":{"line":44,"column":4},"end":{"line":44,"column":24}},"11":{"start":{"line":45,"column":4},"end":{"line":45,"column":29}},"12":{"start":{"line":46,"column":4},"end":{"line":46,"column":21}},"13":{"start":{"line":58,"column":4},"end":{"line":58,"column":69}},"14":{"start":{"line":58,"column":36},"end":{"line":58,"column":69}},"15":{"start":{"line":59,"column":19},"end":{"line":59,"column":45}},"16":{"start":{"line":60,"column":4},"end":{"line":60,"column":53}},"17":{"start":{"line":60,"column":33},"end":{"line":60,"column":53}},"18":{"start":{"line":61,"column":4},"end":{"line":61,"column":38}},"19":{"start":{"line":62,"column":4},"end":{"line":62,"column":17}},"20":{"start":{"line":72,"column":19},"end":{"line":72,"column":45}},"21":{"start":{"line":73,"column":4},"end":{"line":73,"column":28}},"22":{"start":{"line":73,"column":17},"end":{"line":73,"column":28}},"23":{"start":{"line":75,"column":4},"end":{"line":75,"column":33}},"24":{"start":{"line":78,"column":4},"end":{"line":80,"column":5}},"25":{"start":{"line":79,"column":6},"end":{"line":79,"column":54}},"26":{"start":{"line":83,"column":4},"end":{"line":88,"column":5}},"27":{"start":{"line":84,"column":20},"end":{"line":84,"column":40}},"28":{"start":{"line":85,"column":6},"end":{"line":87,"column":7}},"29":{"start":{"line":86,"column":8},"end":{"line":86,"column":38}},"30":{"start":{"line":90,"column":4},"end":{"line":90,"column":17}},"31":{"start":{"line":101,"column":17},"end":{"line":101,"column":47}},"32":{"start":{"line":102,"column":4},"end":{"line":102,"column":43}},"33":{"start":{"line":102,"column":31},"end":{"line":102,"column":43}},"34":{"start":{"line":103,"column":4},"end":{"line":103,"column":47}},"35":{"start":{"line":103,"column":35},"end":{"line":103,"column":47}},"36":{"start":{"line":104,"column":4},"end":{"line":104,"column":45}},"37":{"start":{"line":104,"column":33},"end":{"line":104,"column":45}},"38":{"start":{"line":106,"column":4},"end":{"line":106,"column":27}},"39":{"start":{"line":107,"column":4},"end":{"line":107,"column":64}},"40":{"start":{"line":108,"column":4},"end":{"line":108,"column":27}},"41":{"start":{"line":110,"column":4},"end":{"line":114,"column":5}},"42":{"start":{"line":111,"column":6},"end":{"line":111,"column":36}},"43":{"start":{"line":112,"column":6},"end":{"line":112,"column":25}},"44":{"start":{"line":113,"column":6},"end":{"line":113,"column":43}},"45":{"start":{"line":116,"column":4},"end":{"line":116,"column":67}},"46":{"start":{"line":116,"column":43},"end":{"line":116,"column":55}},"47":{"start":{"line":117,"column":4},"end":{"line":117,"column":15}},"48":{"start":{"line":124,"column":4},"end":{"line":127,"column":5}},"49":{"start":{"line":125,"column":6},"end":{"line":125,"column":39}},"50":{"start":{"line":126,"column":6},"end":{"line":126,"column":31}},"51":{"start":{"line":134,"column":4},"end":{"line":134,"column":15}},"52":{"start":{"line":135,"column":4},"end":{"line":135,"column":27}},"53":{"start":{"line":136,"column":4},"end":{"line":136,"column":27}},"54":{"start":{"line":137,"column":4},"end":{"line":139,"column":5}},"55":{"start":{"line":138,"column":6},"end":{"line":138,"column":36}},"56":{"start":{"line":147,"column":4},"end":{"line":147,"column":42}},"57":{"start":{"line":147,"column":36},"end":{"line":147,"column":42}},"58":{"start":{"line":148,"column":4},"end":{"line":148,"column":15}},"59":{"start":{"line":149,"column":4},"end":{"line":149,"column":28}},"60":{"start":{"line":150,"column":4},"end":{"line":153,"column":6}},"61":{"start":{"line":152,"column":53},"end":{"line":152,"column":63}},"62":{"start":{"line":155,"column":4},"end":{"line":167,"column":5}},"63":{"start":{"line":156,"column":25},"end":{"line":156,"column":49}},"64":{"start":{"line":157,"column":22},"end":{"line":164,"column":9}},"65":{"start":{"line":157,"column":61},"end":{"line":164,"column":7}},"66":{"start":{"line":165,"column":22},"end":{"line":165,"column":70}},"67":{"start":{"line":166,"column":6},"end":{"line":166,"column":91}},"68":{"start":{"line":178,"column":19},"end":{"line":178,"column":45}},"69":{"start":{"line":179,"column":4},"end":{"line":179,"column":40}},"70":{"start":{"line":179,"column":34},"end":{"line":179,"column":40}},"71":{"start":{"line":181,"column":15},"end":{"line":181,"column":72}},"72":{"start":{"line":182,"column":15},"end":{"line":182,"column":43}},"73":{"start":{"line":184,"column":18},"end":{"line":184,"column":69}},"74":{"start":{"line":185,"column":4},"end":{"line":191,"column":5}},"75":{"start":{"line":186,"column":6},"end":{"line":186,"column":33}},"76":{"start":{"line":187,"column":6},"end":{"line":187,"column":55}},"77":{"start":{"line":187,"column":32},"end":{"line":187,"column":55}},"78":{"start":{"line":188,"column":11},"end":{"line":191,"column":5}},"79":{"start":{"line":190,"column":6},"end":{"line":190,"column":35}},"80":{"start":{"line":199,"column":19},"end":{"line":199,"column":45}},"81":{"start":{"line":200,"column":4},"end":{"line":200,"column":40}},"82":{"start":{"line":200,"column":34},"end":{"line":200,"column":40}},"83":{"start":{"line":201,"column":4},"end":{"line":201,"column":71}},"84":{"start":{"line":209,"column":19},"end":{"line":209,"column":45}},"85":{"start":{"line":210,"column":4},"end":{"line":210,"column":40}},"86":{"start":{"line":210,"column":34},"end":{"line":210,"column":40}},"87":{"start":{"line":211,"column":4},"end":{"line":211,"column":68}},"88":{"start":{"line":212,"column":4},"end":{"line":212,"column":33}},"89":{"start":{"line":221,"column":4},"end":{"line":226,"column":5}},"90":{"start":{"line":225,"column":53},"end":{"line":225,"column":63}},"91":{"start":{"line":236,"column":4},"end":{"line":236,"column":47}},"92":{"start":{"line":236,"column":35},"end":{"line":236,"column":47}},"93":{"start":{"line":237,"column":4},"end":{"line":237,"column":58}},"94":{"start":{"line":237,"column":46},"end":{"line":237,"column":58}},"95":{"start":{"line":238,"column":19},"end":{"line":238,"column":45}},"96":{"start":{"line":239,"column":4},"end":{"line":239,"column":47}},"97":{"start":{"line":239,"column":35},"end":{"line":239,"column":47}},"98":{"start":{"line":240,"column":4},"end":{"line":240,"column":39}},"99":{"start":{"line":240,"column":28},"end":{"line":240,"column":39}},"100":{"start":{"line":241,"column":4},"end":{"line":241,"column":20}},"101":{"start":{"line":242,"column":4},"end":{"line":242,"column":79}},"102":{"start":{"line":243,"column":4},"end":{"line":243,"column":15}},"103":{"start":{"line":249,"column":4},"end":{"line":249,"column":60}},"104":{"start":{"line":249,"column":52},"end":{"line":249,"column":59}},"105":{"start":{"line":254,"column":4},"end":{"line":254,"column":24}},"106":{"start":{"line":255,"column":4},"end":{"line":255,"column":30}},"107":{"start":{"line":256,"column":4},"end":{"line":256,"column":30}},"108":{"start":{"line":257,"column":4},"end":{"line":257,"column":27}},"109":{"start":{"line":258,"column":4},"end":{"line":258,"column":25}},"110":{"start":{"line":259,"column":4},"end":{"line":259,"column":20}},"111":{"start":{"line":260,"column":4},"end":{"line":260,"column":20}},"112":{"start":{"line":261,"column":4},"end":{"line":261,"column":27}},"113":{"start":{"line":262,"column":4},"end":{"line":262,"column":27}},"114":{"start":{"line":263,"column":4},"end":{"line":263,"column":29}},"115":{"start":{"line":264,"column":4},"end":{"line":264,"column":43}},"116":{"start":{"line":269,"column":4},"end":{"line":276,"column":5}},"117":{"start":{"line":270,"column":6},"end":{"line":270,"column":33}},"118":{"start":{"line":270,"column":25},"end":{"line":270,"column":33}},"119":{"start":{"line":271,"column":6},"end":{"line":271,"column":38}},"120":{"start":{"line":272,"column":6},"end":{"line":275,"column":7}},"121":{"start":{"line":273,"column":8},"end":{"line":273,"column":31}},"122":{"start":{"line":274,"column":8},"end":{"line":274,"column":34}},"123":{"start":{"line":277,"column":4},"end":{"line":277,"column":30}},"124":{"start":{"line":281,"column":18},"end":{"line":281,"column":67}},"125":{"start":{"line":282,"column":4},"end":{"line":286,"column":5}},"126":{"start":{"line":283,"column":6},"end":{"line":283,"column":33}},"127":{"start":{"line":285,"column":6},"end":{"line":285,"column":35}},"128":{"start":{"line":295,"column":4},"end":{"line":295,"column":61}},"129":{"start":{"line":298,"column":38},"end":{"line":298,"column":61}},"130":{"start":{"line":299,"column":4},"end":{"line":299,"column":25}},"131":{"start":{"line":302,"column":4},"end":{"line":312,"column":5}},"132":{"start":{"line":303,"column":6},"end":{"line":303,"column":41}},"133":{"start":{"line":304,"column":6},"end":{"line":304,"column":64}},"134":{"start":{"line":305,"column":6},"end":{"line":305,"column":56}},"135":{"start":{"line":308,"column":22},"end":{"line":308,"column":38}},"136":{"start":{"line":309,"column":6},"end":{"line":311,"column":7}},"137":{"start":{"line":310,"column":8},"end":{"line":310,"column":59}},"138":{"start":{"line":315,"column":4},"end":{"line":318,"column":5}},"139":{"start":{"line":316,"column":6},"end":{"line":316,"column":71}},"140":{"start":{"line":317,"column":6},"end":{"line":317,"column":31}},"141":{"start":{"line":321,"column":4},"end":{"line":321,"column":46}},"142":{"start":{"line":324,"column":4},"end":{"line":327,"column":5}},"143":{"start":{"line":325,"column":6},"end":{"line":325,"column":35}},"144":{"start":{"line":326,"column":6},"end":{"line":326,"column":12}},"145":{"start":{"line":330,"column":4},"end":{"line":330,"column":41}},"146":{"start":{"line":333,"column":4},"end":{"line":342,"column":5}},"147":{"start":{"line":341,"column":6},"end":{"line":341,"column":35}},"148":{"start":{"line":346,"column":4},"end":{"line":346,"column":24}},"149":{"start":{"line":347,"column":4},"end":{"line":350,"column":6}},"150":{"start":{"line":351,"column":4},"end":{"line":351,"column":23}},"151":{"start":{"line":355,"column":4},"end":{"line":359,"column":5}},"152":{"start":{"line":356,"column":6},"end":{"line":358,"column":7}},"153":{"start":{"line":357,"column":8},"end":{"line":357,"column":38}},"154":{"start":{"line":363,"column":18},"end":{"line":363,"column":38}},"155":{"start":{"line":365,"column":4},"end":{"line":368,"column":5}},"156":{"start":{"line":366,"column":6},"end":{"line":366,"column":28}},"157":{"start":{"line":367,"column":6},"end":{"line":367,"column":12}},"158":{"start":{"line":370,"column":4},"end":{"line":372,"column":5}},"159":{"start":{"line":371,"column":6},"end":{"line":371,"column":24}},"160":{"start":{"line":376,"column":4},"end":{"line":376,"column":63}},"161":{"start":{"line":380,"column":0},"end":{"line":380,"column":36}}},"fnMap":{"0":{"name":"(anonymous_0)","decl":{"start":{"line":33,"column":2},"end":{"line":33,"column":3}},"loc":{"start":{"line":33,"column":46},"end":{"line":47,"column":3}},"line":33},"1":{"name":"(anonymous_1)","decl":{"start":{"line":57,"column":2},"end":{"line":57,"column":3}},"loc":{"start":{"line":57,"column":28},"end":{"line":63,"column":3}},"line":57},"2":{"name":"(anonymous_2)","decl":{"start":{"line":71,"column":2},"end":{"line":71,"column":3}},"loc":{"start":{"line":71,"column":25},"end":{"line":91,"column":3}},"line":71},"3":{"name":"(anonymous_3)","decl":{"start":{"line":100,"column":2},"end":{"line":100,"column":3}},"loc":{"start":{"line":100,"column":22},"end":{"line":118,"column":3}},"line":100},"4":{"name":"(anonymous_4)","decl":{"start":{"line":116,"column":37},"end":{"line":116,"column":38}},"loc":{"start":{"line":116,"column":43},"end":{"line":116,"column":55}},"line":116},"5":{"name":"(anonymous_5)","decl":{"start":{"line":123,"column":2},"end":{"line":123,"column":3}},"loc":{"start":{"line":123,"column":9},"end":{"line":128,"column":3}},"line":123},"6":{"name":"(anonymous_6)","decl":{"start":{"line":133,"column":2},"end":{"line":133,"column":3}},"loc":{"start":{"line":133,"column":10},"end":{"line":140,"column":3}},"line":133},"7":{"name":"(anonymous_7)","decl":{"start":{"line":146,"column":2},"end":{"line":146,"column":3}},"loc":{"start":{"line":146,"column":18},"end":{"line":168,"column":3}},"line":146},"8":{"name":"(anonymous_8)","decl":{"start":{"line":152,"column":46},"end":{"line":152,"column":47}},"loc":{"start":{"line":152,"column":53},"end":{"line":152,"column":63}},"line":152},"9":{"name":"(anonymous_9)","decl":{"start":{"line":157,"column":53},"end":{"line":157,"column":54}},"loc":{"start":{"line":157,"column":61},"end":{"line":164,"column":7}},"line":157},"10":{"name":"(anonymous_10)","decl":{"start":{"line":177,"column":2},"end":{"line":177,"column":3}},"loc":{"start":{"line":177,"column":34},"end":{"line":192,"column":3}},"line":177},"11":{"name":"(anonymous_11)","decl":{"start":{"line":198,"column":2},"end":{"line":198,"column":3}},"loc":{"start":{"line":198,"column":25},"end":{"line":202,"column":3}},"line":198},"12":{"name":"(anonymous_12)","decl":{"start":{"line":208,"column":2},"end":{"line":208,"column":3}},"loc":{"start":{"line":208,"column":23},"end":{"line":213,"column":3}},"line":208},"13":{"name":"(anonymous_13)","decl":{"start":{"line":220,"column":2},"end":{"line":220,"column":3}},"loc":{"start":{"line":220,"column":13},"end":{"line":227,"column":3}},"line":220},"14":{"name":"(anonymous_14)","decl":{"start":{"line":225,"column":46},"end":{"line":225,"column":47}},"loc":{"start":{"line":225,"column":53},"end":{"line":225,"column":63}},"line":225},"15":{"name":"(anonymous_15)","decl":{"start":{"line":235,"column":2},"end":{"line":235,"column":3}},"loc":{"start":{"line":235,"column":26},"end":{"line":244,"column":3}},"line":235},"16":{"name":"(anonymous_16)","decl":{"start":{"line":248,"column":2},"end":{"line":248,"column":3}},"loc":{"start":{"line":248,"column":18},"end":{"line":250,"column":3}},"line":248},"17":{"name":"(anonymous_17)","decl":{"start":{"line":249,"column":45},"end":{"line":249,"column":46}},"loc":{"start":{"line":249,"column":52},"end":{"line":249,"column":59}},"line":249},"18":{"name":"(anonymous_18)","decl":{"start":{"line":253,"column":2},"end":{"line":253,"column":3}},"loc":{"start":{"line":253,"column":28},"end":{"line":265,"column":3}},"line":253},"19":{"name":"(anonymous_19)","decl":{"start":{"line":268,"column":2},"end":{"line":268,"column":3}},"loc":{"start":{"line":268,"column":10},"end":{"line":278,"column":3}},"line":268},"20":{"name":"(anonymous_20)","decl":{"start":{"line":280,"column":2},"end":{"line":280,"column":3}},"loc":{"start":{"line":280,"column":24},"end":{"line":287,"column":3}},"line":280},"21":{"name":"(anonymous_21)","decl":{"start":{"line":293,"column":2},"end":{"line":293,"column":3}},"loc":{"start":{"line":293,"column":27},"end":{"line":343,"column":3}},"line":293},"22":{"name":"(anonymous_22)","decl":{"start":{"line":345,"column":2},"end":{"line":345,"column":3}},"loc":{"start":{"line":345,"column":27},"end":{"line":352,"column":3}},"line":345},"23":{"name":"(anonymous_23)","decl":{"start":{"line":354,"column":2},"end":{"line":354,"column":3}},"loc":{"start":{"line":354,"column":46},"end":{"line":360,"column":3}},"line":354},"24":{"name":"(anonymous_24)","decl":{"start":{"line":362,"column":2},"end":{"line":362,"column":3}},"loc":{"start":{"line":362,"column":17},"end":{"line":373,"column":3}},"line":362},"25":{"name":"(anonymous_25)","decl":{"start":{"line":375,"column":2},"end":{"line":375,"column":3}},"loc":{"start":{"line":375,"column":24},"end":{"line":377,"column":3}},"line":375}},"branchMap":{"0":{"loc":{"start":{"line":33,"column":26},"end":{"line":33,"column":44}},"type":"default-arg","locations":[{"start":{"line":33,"column":40},"end":{"line":33,"column":44}}],"line":33},"1":{"loc":{"start":{"line":58,"column":4},"end":{"line":58,"column":69}},"type":"if","locations":[{"start":{"line":58,"column":4},"end":{"line":58,"column":69}},{"start":{},"end":{}}],"line":58},"2":{"loc":{"start":{"line":60,"column":4},"end":{"line":60,"column":53}},"type":"if","locations":[{"start":{"line":60,"column":4},"end":{"line":60,"column":53}},{"start":{},"end":{}}],"line":60},"3":{"loc":{"start":{"line":73,"column":4},"end":{"line":73,"column":28}},"type":"if","locations":[{"start":{"line":73,"column":4},"end":{"line":73,"column":28}},{"start":{},"end":{}}],"line":73},"4":{"loc":{"start":{"line":78,"column":4},"end":{"line":80,"column":5}},"type":"if","locations":[{"start":{"line":78,"column":4},"end":{"line":80,"column":5}},{"start":{},"end":{}}],"line":78},"5":{"loc":{"start":{"line":78,"column":8},"end":{"line":78,"column":46}},"type":"binary-expr","locations":[{"start":{"line":78,"column":8},"end":{"line":78,"column":21}},{"start":{"line":78,"column":25},"end":{"line":78,"column":46}}],"line":78},"6":{"loc":{"start":{"line":83,"column":4},"end":{"line":88,"column":5}},"type":"if","locations":[{"start":{"line":83,"column":4},"end":{"line":88,"column":5}},{"start":{},"end":{}}],"line":83},"7":{"loc":{"start":{"line":85,"column":6},"end":{"line":87,"column":7}},"type":"if","locations":[{"start":{"line":85,"column":6},"end":{"line":87,"column":7}},{"start":{},"end":{}}],"line":85},"8":{"loc":{"start":{"line":86,"column":21},"end":{"line":86,"column":37}},"type":"binary-expr","locations":[{"start":{"line":86,"column":21},"end":{"line":86,"column":29}},{"start":{"line":86,"column":33},"end":{"line":86,"column":37}}],"line":86},"9":{"loc":{"start":{"line":102,"column":4},"end":{"line":102,"column":43}},"type":"if","locations":[{"start":{"line":102,"column":4},"end":{"line":102,"column":43}},{"start":{},"end":{}}],"line":102},"10":{"loc":{"start":{"line":102,"column":8},"end":{"line":102,"column":29}},"type":"binary-expr","locations":[{"start":{"line":102,"column":8},"end":{"line":102,"column":13}},{"start":{"line":102,"column":17},"end":{"line":102,"column":29}}],"line":102},"11":{"loc":{"start":{"line":103,"column":4},"end":{"line":103,"column":47}},"type":"if","locations":[{"start":{"line":103,"column":4},"end":{"line":103,"column":47}},{"start":{},"end":{}}],"line":103},"12":{"loc":{"start":{"line":104,"column":4},"end":{"line":104,"column":45}},"type":"if","locations":[{"start":{"line":104,"column":4},"end":{"line":104,"column":45}},{"start":{},"end":{}}],"line":104},"13":{"loc":{"start":{"line":124,"column":4},"end":{"line":127,"column":5}},"type":"if","locations":[{"start":{"line":124,"column":4},"end":{"line":127,"column":5}},{"start":{},"end":{}}],"line":124},"14":{"loc":{"start":{"line":147,"column":4},"end":{"line":147,"column":42}},"type":"if","locations":[{"start":{"line":147,"column":4},"end":{"line":147,"column":42}},{"start":{},"end":{}}],"line":147},"15":{"loc":{"start":{"line":151,"column":14},"end":{"line":151,"column":45}},"type":"cond-expr","locations":[{"start":{"line":151,"column":23},"end":{"line":151,"column":38}},{"start":{"line":151,"column":41},"end":{"line":151,"column":45}}],"line":151},"16":{"loc":{"start":{"line":155,"column":4},"end":{"line":167,"column":5}},"type":"if","locations":[{"start":{"line":155,"column":4},"end":{"line":167,"column":5}},{"start":{},"end":{}}],"line":155},"17":{"loc":{"start":{"line":179,"column":4},"end":{"line":179,"column":40}},"type":"if","locations":[{"start":{"line":179,"column":4},"end":{"line":179,"column":40}},{"start":{},"end":{}}],"line":179},"18":{"loc":{"start":{"line":179,"column":8},"end":{"line":179,"column":32}},"type":"binary-expr","locations":[{"start":{"line":179,"column":8},"end":{"line":179,"column":15}},{"start":{"line":179,"column":19},"end":{"line":179,"column":32}}],"line":179},"19":{"loc":{"start":{"line":181,"column":15},"end":{"line":181,"column":72}},"type":"cond-expr","locations":[{"start":{"line":181,"column":38},"end":{"line":181,"column":40}},{"start":{"line":181,"column":43},"end":{"line":181,"column":72}}],"line":181},"20":{"loc":{"start":{"line":181,"column":43},"end":{"line":181,"column":72}},"type":"cond-expr","locations":[{"start":{"line":181,"column":67},"end":{"line":181,"column":68}},{"start":{"line":181,"column":71},"end":{"line":181,"column":72}}],"line":181},"21":{"loc":{"start":{"line":182,"column":15},"end":{"line":182,"column":43}},"type":"cond-expr","locations":[{"start":{"line":182,"column":38},"end":{"line":182,"column":39}},{"start":{"line":182,"column":42},"end":{"line":182,"column":43}}],"line":182},"22":{"loc":{"start":{"line":185,"column":4},"end":{"line":191,"column":5}},"type":"if","locations":[{"start":{"line":185,"column":4},"end":{"line":191,"column":5}},{"start":{"line":188,"column":11},"end":{"line":191,"column":5}}],"line":185},"23":{"loc":{"start":{"line":187,"column":6},"end":{"line":187,"column":55}},"type":"if","locations":[{"start":{"line":187,"column":6},"end":{"line":187,"column":55}},{"start":{},"end":{}}],"line":187},"24":{"loc":{"start":{"line":188,"column":11},"end":{"line":191,"column":5}},"type":"if","locations":[{"start":{"line":188,"column":11},"end":{"line":191,"column":5}},{"start":{},"end":{}}],"line":188},"25":{"loc":{"start":{"line":200,"column":4},"end":{"line":200,"column":40}},"type":"if","locations":[{"start":{"line":200,"column":4},"end":{"line":200,"column":40}},{"start":{},"end":{}}],"line":200},"26":{"loc":{"start":{"line":200,"column":8},"end":{"line":200,"column":32}},"type":"binary-expr","locations":[{"start":{"line":200,"column":8},"end":{"line":200,"column":15}},{"start":{"line":200,"column":19},"end":{"line":200,"column":32}}],"line":200},"27":{"loc":{"start":{"line":210,"column":4},"end":{"line":210,"column":40}},"type":"if","locations":[{"start":{"line":210,"column":4},"end":{"line":210,"column":40}},{"start":{},"end":{}}],"line":210},"28":{"loc":{"start":{"line":210,"column":8},"end":{"line":210,"column":32}},"type":"binary-expr","locations":[{"start":{"line":210,"column":8},"end":{"line":210,"column":15}},{"start":{"line":210,"column":19},"end":{"line":210,"column":32}}],"line":210},"29":{"loc":{"start":{"line":236,"column":4},"end":{"line":236,"column":47}},"type":"if","locations":[{"start":{"line":236,"column":4},"end":{"line":236,"column":47}},{"start":{},"end":{}}],"line":236},"30":{"loc":{"start":{"line":237,"column":4},"end":{"line":237,"column":58}},"type":"if","locations":[{"start":{"line":237,"column":4},"end":{"line":237,"column":58}},{"start":{},"end":{}}],"line":237},"31":{"loc":{"start":{"line":237,"column":8},"end":{"line":237,"column":44}},"type":"binary-expr","locations":[{"start":{"line":237,"column":8},"end":{"line":237,"column":25}},{"start":{"line":237,"column":29},"end":{"line":237,"column":44}}],"line":237},"32":{"loc":{"start":{"line":239,"column":4},"end":{"line":239,"column":47}},"type":"if","locations":[{"start":{"line":239,"column":4},"end":{"line":239,"column":47}},{"start":{},"end":{}}],"line":239},"33":{"loc":{"start":{"line":239,"column":8},"end":{"line":239,"column":33}},"type":"binary-expr","locations":[{"start":{"line":239,"column":8},"end":{"line":239,"column":15}},{"start":{"line":239,"column":19},"end":{"line":239,"column":33}}],"line":239},"34":{"loc":{"start":{"line":240,"column":4},"end":{"line":240,"column":39}},"type":"if","locations":[{"start":{"line":240,"column":4},"end":{"line":240,"column":39}},{"start":{},"end":{}}],"line":240},"35":{"loc":{"start":{"line":270,"column":6},"end":{"line":270,"column":33}},"type":"if","locations":[{"start":{"line":270,"column":6},"end":{"line":270,"column":33}},{"start":{},"end":{}}],"line":270},"36":{"loc":{"start":{"line":272,"column":6},"end":{"line":275,"column":7}},"type":"if","locations":[{"start":{"line":272,"column":6},"end":{"line":275,"column":7}},{"start":{},"end":{}}],"line":272},"37":{"loc":{"start":{"line":282,"column":4},"end":{"line":286,"column":5}},"type":"if","locations":[{"start":{"line":282,"column":4},"end":{"line":286,"column":5}},{"start":{"line":284,"column":11},"end":{"line":286,"column":5}}],"line":282},"38":{"loc":{"start":{"line":302,"column":4},"end":{"line":312,"column":5}},"type":"if","locations":[{"start":{"line":302,"column":4},"end":{"line":312,"column":5}},{"start":{},"end":{}}],"line":302},"39":{"loc":{"start":{"line":309,"column":6},"end":{"line":311,"column":7}},"type":"if","locations":[{"start":{"line":309,"column":6},"end":{"line":311,"column":7}},{"start":{},"end":{}}],"line":309},"40":{"loc":{"start":{"line":315,"column":4},"end":{"line":318,"column":5}},"type":"if","locations":[{"start":{"line":315,"column":4},"end":{"line":318,"column":5}},{"start":{},"end":{}}],"line":315},"41":{"loc":{"start":{"line":324,"column":4},"end":{"line":327,"column":5}},"type":"if","locations":[{"start":{"line":324,"column":4},"end":{"line":327,"column":5}},{"start":{},"end":{}}],"line":324},"42":{"loc":{"start":{"line":333,"column":4},"end":{"line":342,"column":5}},"type":"if","locations":[{"start":{"line":333,"column":4},"end":{"line":342,"column":5}},{"start":{},"end":{}}],"line":333},"43":{"loc":{"start":{"line":356,"column":6},"end":{"line":358,"column":7}},"type":"if","locations":[{"start":{"line":356,"column":6},"end":{"line":358,"column":7}},{"start":{},"end":{}}],"line":356},"44":{"loc":{"start":{"line":356,"column":10},"end":{"line":356,"column":60}},"type":"binary-expr","locations":[{"start":{"line":356,"column":10},"end":{"line":356,"column":44}},{"start":{"line":356,"column":48},"end":{"line":356,"column":60}}],"line":356},"45":{"loc":{"start":{"line":365,"column":4},"end":{"line":368,"column":5}},"type":"if","locations":[{"start":{"line":365,"column":4},"end":{"line":368,"column":5}},{"start":{},"end":{}}],"line":365},"46":{"loc":{"start":{"line":365,"column":8},"end":{"line":365,"column":51}},"type":"binary-expr","locations":[{"start":{"line":365,"column":8},"end":{"line":365,"column":29}},{"start":{"line":365,"column":33},"end":{"line":365,"column":51}}],"line":365},"47":{"loc":{"start":{"line":370,"column":4},"end":{"line":372,"column":5}},"type":"if","locations":[{"start":{"line":370,"column":4},"end":{"line":372,"column":5}},{"start":{},"end":{}}],"line":370}},"s":{"0":2,"1":2,"2":2,"3":2,"4":49,"5":49,"6":49,"7":49,"8":49,"9":49,"10":49,"11":49,"12":49,"13":57,"14":0,"15":57,"16":57,"17":48,"18":57,"19":57,"20":8,"21":8,"22":1,"23":7,"24":7,"25":3,"26":7,"27":1,"28":1,"29":1,"30":7,"31":27,"32":27,"33":2,"34":25,"35":1,"36":24,"37":0,"38":24,"39":24,"40":24,"41":24,"42":26,"43":26,"44":26,"45":24,"46":18,"47":24,"48":25,"49":19,"50":19,"51":3,"52":3,"53":3,"54":3,"55":3,"56":3,"57":0,"58":3,"59":3,"60":3,"61":3,"62":3,"63":0,"64":0,"65":0,"66":0,"67":0,"68":6,"69":6,"70":2,"71":4,"72":4,"73":4,"74":4,"75":4,"76":4,"77":1,"78":0,"79":0,"80":3,"81":3,"82":1,"83":2,"84":2,"85":2,"86":0,"87":2,"88":2,"89":19,"90":19,"91":0,"92":0,"93":0,"94":0,"95":0,"96":0,"97":0,"98":0,"99":0,"100":0,"101":0,"102":0,"103":1,"104":1,"105":29,"106":29,"107":29,"108":29,"109":29,"110":29,"111":29,"112":29,"113":29,"114":29,"115":29,"116":18,"117":18,"118":0,"119":18,"120":18,"121":1,"122":1,"123":18,"124":1,"125":1,"126":1,"127":0,"128":3,"129":3,"130":3,"131":3,"132":1,"133":1,"134":1,"135":1,"136":1,"137":1,"138":3,"139":0,"140":0,"141":3,"142":3,"143":0,"144":0,"145":3,"146":3,"147":0,"148":0,"149":0,"150":0,"151":1,"152":2,"153":1,"154":0,"155":0,"156":0,"157":0,"158":0,"159":0,"160":18,"161":2},"f":{"0":49,"1":57,"2":8,"3":27,"4":18,"5":25,"6":3,"7":3,"8":3,"9":0,"10":6,"11":3,"12":2,"13":19,"14":19,"15":0,"16":1,"17":1,"18":29,"19":18,"20":1,"21":3,"22":0,"23":1,"24":0,"25":18},"b":{"0":[30],"1":[0,57],"2":[48,9],"3":[1,7],"4":[3,4],"5":[7,7],"6":[1,6],"7":[1,0],"8":[1,1],"9":[2,25],"10":[27,27],"11":[1,24],"12":[0,24],"13":[19,6],"14":[0,3],"15":[1,2],"16":[0,3],"17":[2,4],"18":[6,5],"19":[1,3],"20":[2,1],"21":[1,3],"22":[4,0],"23":[1,3],"24":[0,0],"25":[1,2],"26":[3,3],"27":[0,2],"28":[2,2],"29":[0,0],"30":[0,0],"31":[0,0],"32":[0,0],"33":[0,0],"34":[0,0],"35":[0,18],"36":[1,17],"37":[1,0],"38":[1,2],"39":[1,0],"40":[0,3],"41":[0,3],"42":[0,3],"43":[1,1],"44":[2,1],"45":[0,0],"46":[0,0],"47":[0,0]},"_coverageSchema":"1a1c01bbd47fc00a2c39e90264f33305004495a9","hash":"a4bb0b4d594a1aba92184518ec62e92ee355a584"}
,"/home/skk/Desktop/tetris_client/backend/src/game/Piece.js": {"path":"/home/skk/Desktop/tetris_client/backend/src/game/Piece.js","statementMap":{"0":{"start":{"line":7,"column":20},"end":{"line":71,"column":1}},"1":{"start":{"line":73,"column":18},"end":{"line":73,"column":20}},"2":{"start":{"line":82,"column":15},"end":{"line":82,"column":58}},"3":{"start":{"line":83,"column":16},"end":{"line":83,"column":49}},"4":{"start":{"line":83,"column":40},"end":{"line":83,"column":48}},"5":{"start":{"line":84,"column":12},"end":{"line":84,"column":57}},"6":{"start":{"line":85,"column":2},"end":{"line":85,"column":59}},"7":{"start":{"line":97,"column":10},"end":{"line":97,"column":20}},"8":{"start":{"line":98,"column":2},"end":{"line":103,"column":3}},"9":{"start":{"line":99,"column":4},"end":{"line":99,"column":30}},"10":{"start":{"line":100,"column":12},"end":{"line":100,"column":44}},"11":{"start":{"line":101,"column":4},"end":{"line":101,"column":50}},"12":{"start":{"line":102,"column":4},"end":{"line":102,"column":48}},"13":{"start":{"line":114,"column":14},"end":{"line":114,"column":30}},"14":{"start":{"line":115,"column":2},"end":{"line":115,"column":77}},"15":{"start":{"line":115,"column":38},"end":{"line":115,"column":76}},"16":{"start":{"line":118,"column":0},"end":{"line":118,"column":80}}},"fnMap":{"0":{"name":"createPiece","decl":{"start":{"line":81,"column":9},"end":{"line":81,"column":20}},"loc":{"start":{"line":81,"column":32},"end":{"line":86,"column":1}},"line":81},"1":{"name":"(anonymous_1)","decl":{"start":{"line":83,"column":31},"end":{"line":83,"column":32}},"loc":{"start":{"line":83,"column":40},"end":{"line":83,"column":48}},"line":83},"2":{"name":"mulberry32","decl":{"start":{"line":96,"column":9},"end":{"line":96,"column":19}},"loc":{"start":{"line":96,"column":26},"end":{"line":104,"column":1}},"line":96},"3":{"name":"(anonymous_3)","decl":{"start":{"line":98,"column":9},"end":{"line":98,"column":10}},"loc":{"start":{"line":98,"column":21},"end":{"line":103,"column":3}},"line":98},"4":{"name":"generatePieceSequence","decl":{"start":{"line":113,"column":9},"end":{"line":113,"column":30}},"loc":{"start":{"line":113,"column":52},"end":{"line":116,"column":1}},"line":113},"5":{"name":"(anonymous_5)","decl":{"start":{"line":115,"column":32},"end":{"line":115,"column":33}},"loc":{"start":{"line":115,"column":38},"end":{"line":115,"column":76}},"line":115}},"branchMap":{"0":{"loc":{"start":{"line":113,"column":37},"end":{"line":113,"column":50}},"type":"default-arg","locations":[{"start":{"line":113,"column":46},"end":{"line":113,"column":50}}],"line":113}},"s":{"0":4,"1":4,"2":88,"3":88,"4":272,"5":88,"6":88,"7":39,"8":39,"9":25865,"10":25865,"11":25865,"12":25865,"13":33,"14":33,"15":25705,"16":4},"f":{"0":88,"1":272,"2":39,"3":25865,"4":33,"5":25705},"b":{"0":[1]},"_coverageSchema":"1a1c01bbd47fc00a2c39e90264f33305004495a9","hash":"5ca61ca6bfe2abb8eae8b1c592ecb03a223e3de5"}
,"/home/skk/Desktop/tetris_client/backend/src/game/Player.js": {"path":"/home/skk/Desktop/tetris_client/backend/src/game/Player.js","statementMap":{"0":{"start":{"line":3,"column":23},"end":{"line":3,"column":41}},"1":{"start":{"line":4,"column":24},"end":{"line":4,"column":42}},"2":{"start":{"line":16,"column":4},"end":{"line":16,"column":28}},"3":{"start":{"line":17,"column":4},"end":{"line":17,"column":20}},"4":{"start":{"line":20,"column":4},"end":{"line":20,"column":23}},"5":{"start":{"line":23,"column":4},"end":{"line":23,"column":22}},"6":{"start":{"line":24,"column":4},"end":{"line":24,"column":28}},"7":{"start":{"line":25,"column":4},"end":{"line":25,"column":28}},"8":{"start":{"line":26,"column":4},"end":{"line":26,"column":25}},"9":{"start":{"line":27,"column":4},"end":{"line":27,"column":23}},"10":{"start":{"line":28,"column":4},"end":{"line":28,"column":18}},"11":{"start":{"line":29,"column":4},"end":{"line":29,"column":18}},"12":{"start":{"line":30,"column":4},"end":{"line":30,"column":25}},"13":{"start":{"line":31,"column":4},"end":{"line":31,"column":27}},"14":{"start":{"line":32,"column":4},"end":{"line":32,"column":25}},"15":{"start":{"line":35,"column":4},"end":{"line":35,"column":41}},"16":{"start":{"line":44,"column":16},"end":{"line":44,"column":36}},"17":{"start":{"line":45,"column":4},"end":{"line":53,"column":5}},"18":{"start":{"line":47,"column":6},"end":{"line":47,"column":77}},"19":{"start":{"line":48,"column":6},"end":{"line":48,"column":74}},"20":{"start":{"line":51,"column":6},"end":{"line":51,"column":40}},"21":{"start":{"line":52,"column":6},"end":{"line":52,"column":74}},"22":{"start":{"line":60,"column":4},"end":{"line":72,"column":5}},"23":{"start":{"line":76,"column":0},"end":{"line":76,"column":23}}},"fnMap":{"0":{"name":"(anonymous_0)","decl":{"start":{"line":15,"column":2},"end":{"line":15,"column":3}},"loc":{"start":{"line":15,"column":30},"end":{"line":36,"column":3}},"line":15},"1":{"name":"(anonymous_1)","decl":{"start":{"line":43,"column":2},"end":{"line":43,"column":3}},"loc":{"start":{"line":43,"column":28},"end":{"line":54,"column":3}},"line":43},"2":{"name":"(anonymous_2)","decl":{"start":{"line":59,"column":2},"end":{"line":59,"column":3}},"loc":{"start":{"line":59,"column":11},"end":{"line":73,"column":3}},"line":59}},"branchMap":{"0":{"loc":{"start":{"line":45,"column":4},"end":{"line":53,"column":5}},"type":"if","locations":[{"start":{"line":45,"column":4},"end":{"line":53,"column":5}},{"start":{"line":49,"column":11},"end":{"line":53,"column":5}}],"line":45}},"s":{"0":3,"1":3,"2":74,"3":74,"4":74,"5":74,"6":74,"7":74,"8":74,"9":74,"10":74,"11":74,"12":74,"13":74,"14":74,"15":74,"16":41,"17":41,"18":33,"19":33,"20":8,"21":8,"22":101,"23":3},"f":{"0":74,"1":41,"2":101},"b":{"0":[33,8]},"_coverageSchema":"1a1c01bbd47fc00a2c39e90264f33305004495a9","hash":"2a5c3177047860edc68ec379b37900c9d7a50676"}
,"/home/skk/Desktop/tetris_client/backend/src/game/logic.js": {"path":"/home/skk/Desktop/tetris_client/backend/src/game/logic.js","statementMap":{"0":{"start":{"line":3,"column":18},"end":{"line":3,"column":20}},"1":{"start":{"line":4,"column":18},"end":{"line":4,"column":20}},"2":{"start":{"line":13,"column":2},"end":{"line":13,"column":78}},"3":{"start":{"line":13,"column":49},"end":{"line":13,"column":77}},"4":{"start":{"line":27,"column":2},"end":{"line":36,"column":3}},"5":{"start":{"line":27,"column":17},"end":{"line":27,"column":18}},"6":{"start":{"line":28,"column":4},"end":{"line":35,"column":5}},"7":{"start":{"line":28,"column":19},"end":{"line":28,"column":20}},"8":{"start":{"line":29,"column":6},"end":{"line":29,"column":41}},"9":{"start":{"line":29,"column":33},"end":{"line":29,"column":41}},"10":{"start":{"line":30,"column":22},"end":{"line":30,"column":29}},"11":{"start":{"line":31,"column":22},"end":{"line":31,"column":29}},"12":{"start":{"line":32,"column":6},"end":{"line":32,"column":59}},"13":{"start":{"line":32,"column":47},"end":{"line":32,"column":59}},"14":{"start":{"line":33,"column":6},"end":{"line":33,"column":59}},"15":{"start":{"line":33,"column":47},"end":{"line":33,"column":59}},"16":{"start":{"line":34,"column":6},"end":{"line":34,"column":52}},"17":{"start":{"line":34,"column":40},"end":{"line":34,"column":52}},"18":{"start":{"line":37,"column":2},"end":{"line":37,"column":13}},"19":{"start":{"line":49,"column":15},"end":{"line":49,"column":27}},"20":{"start":{"line":50,"column":15},"end":{"line":50,"column":30}},"21":{"start":{"line":51,"column":18},"end":{"line":51,"column":77}},"22":{"start":{"line":51,"column":53},"end":{"line":51,"column":76}},"23":{"start":{"line":52,"column":2},"end":{"line":56,"column":3}},"24":{"start":{"line":52,"column":17},"end":{"line":52,"column":18}},"25":{"start":{"line":53,"column":4},"end":{"line":55,"column":5}},"26":{"start":{"line":53,"column":19},"end":{"line":53,"column":20}},"27":{"start":{"line":54,"column":6},"end":{"line":54,"column":52}},"28":{"start":{"line":57,"column":2},"end":{"line":57,"column":16}},"29":{"start":{"line":69,"column":18},"end":{"line":69,"column":47}},"30":{"start":{"line":70,"column":16},"end":{"line":70,"column":33}},"31":{"start":{"line":71,"column":2},"end":{"line":75,"column":3}},"32":{"start":{"line":72,"column":4},"end":{"line":74,"column":5}},"33":{"start":{"line":73,"column":6},"end":{"line":73,"column":58}},"34":{"start":{"line":76,"column":2},"end":{"line":76,"column":14}},"35":{"start":{"line":90,"column":15},"end":{"line":90,"column":27}},"36":{"start":{"line":91,"column":15},"end":{"line":91,"column":27}},"37":{"start":{"line":92,"column":2},"end":{"line":94,"column":3}},"38":{"start":{"line":93,"column":4},"end":{"line":93,"column":41}},"39":{"start":{"line":95,"column":2},"end":{"line":95,"column":13}},"40":{"start":{"line":105,"column":10},"end":{"line":105,"column":17}},"41":{"start":{"line":106,"column":2},"end":{"line":108,"column":3}},"42":{"start":{"line":107,"column":4},"end":{"line":107,"column":7}},"43":{"start":{"line":109,"column":2},"end":{"line":109,"column":24}},"44":{"start":{"line":121,"column":18},"end":{"line":121,"column":45}},"45":{"start":{"line":121,"column":36},"end":{"line":121,"column":44}},"46":{"start":{"line":122,"column":2},"end":{"line":131,"column":3}},"47":{"start":{"line":122,"column":17},"end":{"line":122,"column":18}},"48":{"start":{"line":123,"column":4},"end":{"line":130,"column":5}},"49":{"start":{"line":123,"column":19},"end":{"line":123,"column":20}},"50":{"start":{"line":124,"column":6},"end":{"line":124,"column":47}},"51":{"start":{"line":124,"column":39},"end":{"line":124,"column":47}},"52":{"start":{"line":125,"column":22},"end":{"line":125,"column":35}},"53":{"start":{"line":126,"column":22},"end":{"line":126,"column":35}},"54":{"start":{"line":127,"column":6},"end":{"line":129,"column":7}},"55":{"start":{"line":128,"column":8},"end":{"line":128,"column":57}},"56":{"start":{"line":132,"column":2},"end":{"line":132,"column":16}},"57":{"start":{"line":142,"column":20},"end":{"line":142,"column":72}},"58":{"start":{"line":142,"column":41},"end":{"line":142,"column":71}},"59":{"start":{"line":142,"column":60},"end":{"line":142,"column":70}},"60":{"start":{"line":143,"column":23},"end":{"line":143,"column":51}},"61":{"start":{"line":144,"column":20},"end":{"line":144,"column":92}},"62":{"start":{"line":144,"column":63},"end":{"line":144,"column":91}},"63":{"start":{"line":145,"column":2},"end":{"line":145,"column":64}},"64":{"start":{"line":158,"column":2},"end":{"line":158,"column":29}},"65":{"start":{"line":158,"column":18},"end":{"line":158,"column":29}},"66":{"start":{"line":159,"column":18},"end":{"line":163,"column":4}},"67":{"start":{"line":160,"column":16},"end":{"line":160,"column":44}},"68":{"start":{"line":161,"column":4},"end":{"line":161,"column":50}},"69":{"start":{"line":162,"column":4},"end":{"line":162,"column":14}},"70":{"start":{"line":164,"column":2},"end":{"line":164,"column":43}},"71":{"start":{"line":176,"column":2},"end":{"line":181,"column":4}},"72":{"start":{"line":177,"column":4},"end":{"line":179,"column":5}},"73":{"start":{"line":177,"column":19},"end":{"line":177,"column":20}},"74":{"start":{"line":178,"column":6},"end":{"line":178,"column":54}},"75":{"start":{"line":178,"column":32},"end":{"line":178,"column":54}},"76":{"start":{"line":180,"column":4},"end":{"line":180,"column":12}},"77":{"start":{"line":193,"column":2},"end":{"line":193,"column":43}},"78":{"start":{"line":193,"column":32},"end":{"line":193,"column":42}},"79":{"start":{"line":205,"column":15},"end":{"line":205,"column":38}},"80":{"start":{"line":206,"column":2},"end":{"line":206,"column":48}},"81":{"start":{"line":215,"column":2},"end":{"line":215,"column":36}},"82":{"start":{"line":225,"column":23},"end":{"line":225,"column":77}},"83":{"start":{"line":226,"column":23},"end":{"line":226,"column":78}},"84":{"start":{"line":227,"column":16},"end":{"line":227,"column":59}},"85":{"start":{"line":228,"column":2},"end":{"line":228,"column":49}},"86":{"start":{"line":231,"column":0},"end":{"line":248,"column":1}}},"fnMap":{"0":{"name":"createGrid","decl":{"start":{"line":12,"column":9},"end":{"line":12,"column":19}},"loc":{"start":{"line":12,"column":22},"end":{"line":14,"column":1}},"line":12},"1":{"name":"(anonymous_1)","decl":{"start":{"line":13,"column":43},"end":{"line":13,"column":44}},"loc":{"start":{"line":13,"column":49},"end":{"line":13,"column":77}},"line":13},"2":{"name":"isValidPosition","decl":{"start":{"line":26,"column":9},"end":{"line":26,"column":24}},"loc":{"start":{"line":26,"column":44},"end":{"line":38,"column":1}},"line":26},"3":{"name":"rotatePieceShape","decl":{"start":{"line":48,"column":9},"end":{"line":48,"column":25}},"loc":{"start":{"line":48,"column":33},"end":{"line":58,"column":1}},"line":48},"4":{"name":"(anonymous_4)","decl":{"start":{"line":51,"column":47},"end":{"line":51,"column":48}},"loc":{"start":{"line":51,"column":53},"end":{"line":51,"column":76}},"line":51},"5":{"name":"rotatePiece","decl":{"start":{"line":68,"column":9},"end":{"line":68,"column":20}},"loc":{"start":{"line":68,"column":34},"end":{"line":77,"column":1}},"line":68},"6":{"name":"movePiece","decl":{"start":{"line":89,"column":9},"end":{"line":89,"column":18}},"loc":{"start":{"line":89,"column":40},"end":{"line":96,"column":1}},"line":89},"7":{"name":"hardDrop","decl":{"start":{"line":104,"column":9},"end":{"line":104,"column":17}},"loc":{"start":{"line":104,"column":31},"end":{"line":110,"column":1}},"line":104},"8":{"name":"lockPiece","decl":{"start":{"line":120,"column":9},"end":{"line":120,"column":18}},"loc":{"start":{"line":120,"column":32},"end":{"line":133,"column":1}},"line":120},"9":{"name":"(anonymous_9)","decl":{"start":{"line":121,"column":27},"end":{"line":121,"column":28}},"loc":{"start":{"line":121,"column":36},"end":{"line":121,"column":44}},"line":121},"10":{"name":"clearLines","decl":{"start":{"line":141,"column":9},"end":{"line":141,"column":19}},"loc":{"start":{"line":141,"column":26},"end":{"line":146,"column":1}},"line":141},"11":{"name":"(anonymous_11)","decl":{"start":{"line":142,"column":32},"end":{"line":142,"column":33}},"loc":{"start":{"line":142,"column":41},"end":{"line":142,"column":71}},"line":142},"12":{"name":"(anonymous_12)","decl":{"start":{"line":142,"column":50},"end":{"line":142,"column":51}},"loc":{"start":{"line":142,"column":60},"end":{"line":142,"column":70}},"line":142},"13":{"name":"(anonymous_13)","decl":{"start":{"line":144,"column":57},"end":{"line":144,"column":58}},"loc":{"start":{"line":144,"column":63},"end":{"line":144,"column":91}},"line":144},"14":{"name":"addGarbageLines","decl":{"start":{"line":157,"column":9},"end":{"line":157,"column":24}},"loc":{"start":{"line":157,"column":38},"end":{"line":165,"column":1}},"line":157},"15":{"name":"(anonymous_15)","decl":{"start":{"line":159,"column":48},"end":{"line":159,"column":49}},"loc":{"start":{"line":159,"column":54},"end":{"line":163,"column":3}},"line":159},"16":{"name":"getSpectrum","decl":{"start":{"line":175,"column":9},"end":{"line":175,"column":20}},"loc":{"start":{"line":175,"column":27},"end":{"line":182,"column":1}},"line":175},"17":{"name":"(anonymous_17)","decl":{"start":{"line":176,"column":43},"end":{"line":176,"column":44}},"loc":{"start":{"line":176,"column":55},"end":{"line":181,"column":3}},"line":176},"18":{"name":"isGameOver","decl":{"start":{"line":192,"column":9},"end":{"line":192,"column":19}},"loc":{"start":{"line":192,"column":26},"end":{"line":194,"column":1}},"line":192},"19":{"name":"(anonymous_19)","decl":{"start":{"line":193,"column":22},"end":{"line":193,"column":23}},"loc":{"start":{"line":193,"column":32},"end":{"line":193,"column":42}},"line":193},"20":{"name":"calculateScore","decl":{"start":{"line":204,"column":9},"end":{"line":204,"column":23}},"loc":{"start":{"line":204,"column":45},"end":{"line":207,"column":1}},"line":204},"21":{"name":"calculateLevel","decl":{"start":{"line":214,"column":9},"end":{"line":214,"column":23}},"loc":{"start":{"line":214,"column":36},"end":{"line":216,"column":1}},"line":214},"22":{"name":"calculateGravityDelay","decl":{"start":{"line":224,"column":9},"end":{"line":224,"column":30}},"loc":{"start":{"line":224,"column":55},"end":{"line":229,"column":1}},"line":224}},"branchMap":{"0":{"loc":{"start":{"line":29,"column":6},"end":{"line":29,"column":41}},"type":"if","locations":[{"start":{"line":29,"column":6},"end":{"line":29,"column":41}},{"start":{},"end":{}}],"line":29},"1":{"loc":{"start":{"line":32,"column":6},"end":{"line":32,"column":59}},"type":"if","locations":[{"start":{"line":32,"column":6},"end":{"line":32,"column":59}},{"start":{},"end":{}}],"line":32},"2":{"loc":{"start":{"line":32,"column":10},"end":{"line":32,"column":45}},"type":"binary-expr","locations":[{"start":{"line":32,"column":10},"end":{"line":32,"column":21}},{"start":{"line":32,"column":25},"end":{"line":32,"column":45}}],"line":32},"3":{"loc":{"start":{"line":33,"column":6},"end":{"line":33,"column":59}},"type":"if","locations":[{"start":{"line":33,"column":6},"end":{"line":33,"column":59}},{"start":{},"end":{}}],"line":33},"4":{"loc":{"start":{"line":33,"column":10},"end":{"line":33,"column":45}},"type":"binary-expr","locations":[{"start":{"line":33,"column":10},"end":{"line":33,"column":21}},{"start":{"line":33,"column":25},"end":{"line":33,"column":45}}],"line":33},"5":{"loc":{"start":{"line":34,"column":6},"end":{"line":34,"column":52}},"type":"if","locations":[{"start":{"line":34,"column":6},"end":{"line":34,"column":52}},{"start":{},"end":{}}],"line":34},"6":{"loc":{"start":{"line":72,"column":4},"end":{"line":74,"column":5}},"type":"if","locations":[{"start":{"line":72,"column":4},"end":{"line":74,"column":5}},{"start":{},"end":{}}],"line":72},"7":{"loc":{"start":{"line":92,"column":2},"end":{"line":94,"column":3}},"type":"if","locations":[{"start":{"line":92,"column":2},"end":{"line":94,"column":3}},{"start":{},"end":{}}],"line":92},"8":{"loc":{"start":{"line":124,"column":6},"end":{"line":124,"column":47}},"type":"if","locations":[{"start":{"line":124,"column":6},"end":{"line":124,"column":47}},{"start":{},"end":{}}],"line":124},"9":{"loc":{"start":{"line":127,"column":6},"end":{"line":129,"column":7}},"type":"if","locations":[{"start":{"line":127,"column":6},"end":{"line":129,"column":7}},{"start":{},"end":{}}],"line":127},"10":{"loc":{"start":{"line":127,"column":10},"end":{"line":127,"column":84}},"type":"binary-expr","locations":[{"start":{"line":127,"column":10},"end":{"line":127,"column":22}},{"start":{"line":127,"column":26},"end":{"line":127,"column":45}},{"start":{"line":127,"column":49},"end":{"line":127,"column":61}},{"start":{"line":127,"column":65},"end":{"line":127,"column":84}}],"line":127},"11":{"loc":{"start":{"line":158,"column":2},"end":{"line":158,"column":29}},"type":"if","locations":[{"start":{"line":158,"column":2},"end":{"line":158,"column":29}},{"start":{},"end":{}}],"line":158},"12":{"loc":{"start":{"line":178,"column":6},"end":{"line":178,"column":54}},"type":"if","locations":[{"start":{"line":178,"column":6},"end":{"line":178,"column":54}},{"start":{},"end":{}}],"line":178},"13":{"loc":{"start":{"line":206,"column":10},"end":{"line":206,"column":33}},"type":"binary-expr","locations":[{"start":{"line":206,"column":10},"end":{"line":206,"column":28}},{"start":{"line":206,"column":32},"end":{"line":206,"column":33}}],"line":206},"14":{"loc":{"start":{"line":224,"column":38},"end":{"line":224,"column":53}},"type":"default-arg","locations":[{"start":{"line":224,"column":45},"end":{"line":224,"column":53}}],"line":224},"15":{"loc":{"start":{"line":227,"column":16},"end":{"line":227,"column":59}},"type":"cond-expr","locations":[{"start":{"line":227,"column":34},"end":{"line":227,"column":44}},{"start":{"line":227,"column":47},"end":{"line":227,"column":59}}],"line":227}},"s":{"0":4,"1":4,"2":138,"3":2760,"4":121,"5":121,"6":257,"7":257,"8":628,"9":246,"10":382,"11":382,"12":382,"13":5,"14":377,"15":4,"16":373,"17":9,"18":103,"19":13,"20":13,"21":13,"22":38,"23":13,"24":13,"25":36,"26":36,"27":110,"28":13,"29":5,"30":5,"31":5,"32":10,"33":4,"34":1,"35":10,"36":10,"37":10,"38":8,"39":2,"40":5,"41":5,"42":86,"43":5,"44":6,"45":120,"46":6,"47":6,"48":15,"49":15,"50":43,"51":24,"52":19,"53":19,"54":19,"55":19,"56":6,"57":9,"58":180,"59":369,"60":9,"61":9,"62":20,"63":9,"64":4,"65":1,"66":3,"67":6,"68":6,"69":6,"70":3,"71":6,"72":60,"73":60,"74":1176,"75":14,"76":46,"77":6,"78":56,"79":6,"80":6,"81":5,"82":52,"83":52,"84":52,"85":52,"86":4},"f":{"0":138,"1":2760,"2":121,"3":13,"4":38,"5":5,"6":10,"7":5,"8":6,"9":120,"10":9,"11":180,"12":369,"13":20,"14":4,"15":6,"16":6,"17":60,"18":6,"19":56,"20":6,"21":5,"22":52},"b":{"0":[246,382],"1":[5,377],"2":[382,382],"3":[4,373],"4":[377,375],"5":[9,364],"6":[4,6],"7":[8,2],"8":[24,19],"9":[19,0],"10":[19,19,19,19],"11":[1,3],"12":[14,1162],"13":[6,0],"14":[1],"15":[16,36]},"_coverageSchema":"1a1c01bbd47fc00a2c39e90264f33305004495a9","hash":"0811032e79535abc126bd59f6f7a0bfed1b81db1"}
,"/home/skk/Desktop/tetris_client/backend/src/persistence/scoresStore.js": {"path":"/home/skk/Desktop/tetris_client/backend/src/persistence/scoresStore.js","statementMap":{"0":{"start":{"line":3,"column":11},"end":{"line":3,"column":24}},"1":{"start":{"line":4,"column":12},"end":{"line":4,"column":34}},"2":{"start":{"line":5,"column":13},"end":{"line":5,"column":28}},"3":{"start":{"line":7,"column":14},"end":{"line":7,"column":16}},"4":{"start":{"line":8,"column":21},"end":{"line":8,"column":70}},"5":{"start":{"line":11,"column":13},"end":{"line":11,"column":15}},"6":{"start":{"line":12,"column":19},"end":{"line":12,"column":36}},"7":{"start":{"line":14,"column":2},"end":{"line":26,"column":3}},"8":{"start":{"line":15,"column":4},"end":{"line":15,"column":61}},"9":{"start":{"line":16,"column":4},"end":{"line":22,"column":5}},"10":{"start":{"line":17,"column":18},"end":{"line":17,"column":51}},"11":{"start":{"line":18,"column":21},"end":{"line":18,"column":36}},"12":{"start":{"line":19,"column":6},"end":{"line":21,"column":7}},"13":{"start":{"line":20,"column":8},"end":{"line":20,"column":21}},"14":{"start":{"line":24,"column":4},"end":{"line":24,"column":84}},"15":{"start":{"line":25,"column":4},"end":{"line":25,"column":13}},"16":{"start":{"line":28,"column":18},"end":{"line":40,"column":3}},"17":{"start":{"line":29,"column":21},"end":{"line":29,"column":50}},"18":{"start":{"line":30,"column":4},"end":{"line":38,"column":6}},"19":{"start":{"line":31,"column":18},"end":{"line":31,"column":50}},"20":{"start":{"line":32,"column":6},"end":{"line":37,"column":7}},"21":{"start":{"line":33,"column":8},"end":{"line":33,"column":50}},"22":{"start":{"line":34,"column":8},"end":{"line":34,"column":39}},"23":{"start":{"line":36,"column":8},"end":{"line":36,"column":73}},"24":{"start":{"line":39,"column":4},"end":{"line":39,"column":21}},"25":{"start":{"line":42,"column":22},"end":{"line":45,"column":22}},"26":{"start":{"line":43,"column":4},"end":{"line":45,"column":22}},"27":{"start":{"line":44,"column":22},"end":{"line":44,"column":74}},"28":{"start":{"line":47,"column":2},"end":{"line":79,"column":3}},"29":{"start":{"line":49,"column":6},"end":{"line":49,"column":50}},"30":{"start":{"line":53,"column":6},"end":{"line":55,"column":7}},"31":{"start":{"line":54,"column":8},"end":{"line":54,"column":52}},"32":{"start":{"line":56,"column":22},"end":{"line":64,"column":11}},"33":{"start":{"line":57,"column":23},"end":{"line":57,"column":97}},"34":{"start":{"line":58,"column":21},"end":{"line":64,"column":9}},"35":{"start":{"line":66,"column":6},"end":{"line":68,"column":7}},"36":{"start":{"line":67,"column":8},"end":{"line":67,"column":52}},"37":{"start":{"line":70,"column":21},"end":{"line":70,"column":71}},"38":{"start":{"line":71,"column":6},"end":{"line":71,"column":27}},"39":{"start":{"line":72,"column":6},"end":{"line":72,"column":15}},"40":{"start":{"line":73,"column":6},"end":{"line":73,"column":24}},"41":{"start":{"line":77,"column":6},"end":{"line":77,"column":23}},"42":{"start":{"line":82,"column":0},"end":{"line":82,"column":38}}},"fnMap":{"0":{"name":"createScoresStore","decl":{"start":{"line":10,"column":9},"end":{"line":10,"column":26}},"loc":{"start":{"line":10,"column":88},"end":{"line":80,"column":1}},"line":10},"1":{"name":"(anonymous_1)","decl":{"start":{"line":28,"column":18},"end":{"line":28,"column":19}},"loc":{"start":{"line":28,"column":24},"end":{"line":40,"column":3}},"line":28},"2":{"name":"(anonymous_2)","decl":{"start":{"line":30,"column":33},"end":{"line":30,"column":34}},"loc":{"start":{"line":30,"column":45},"end":{"line":38,"column":5}},"line":30},"3":{"name":"(anonymous_3)","decl":{"start":{"line":42,"column":22},"end":{"line":42,"column":23}},"loc":{"start":{"line":43,"column":4},"end":{"line":45,"column":22}},"line":43},"4":{"name":"(anonymous_4)","decl":{"start":{"line":44,"column":12},"end":{"line":44,"column":13}},"loc":{"start":{"line":44,"column":22},"end":{"line":44,"column":74}},"line":44},"5":{"name":"(anonymous_5)","decl":{"start":{"line":48,"column":4},"end":{"line":48,"column":5}},"loc":{"start":{"line":48,"column":22},"end":{"line":50,"column":5}},"line":48},"6":{"name":"(anonymous_6)","decl":{"start":{"line":52,"column":4},"end":{"line":52,"column":5}},"loc":{"start":{"line":52,"column":31},"end":{"line":74,"column":5}},"line":52},"7":{"name":"(anonymous_7)","decl":{"start":{"line":57,"column":16},"end":{"line":57,"column":17}},"loc":{"start":{"line":57,"column":23},"end":{"line":57,"column":97}},"line":57},"8":{"name":"(anonymous_8)","decl":{"start":{"line":58,"column":13},"end":{"line":58,"column":14}},"loc":{"start":{"line":58,"column":21},"end":{"line":64,"column":9}},"line":58},"9":{"name":"(anonymous_9)","decl":{"start":{"line":76,"column":4},"end":{"line":76,"column":5}},"loc":{"start":{"line":76,"column":13},"end":{"line":78,"column":5}},"line":76}},"branchMap":{"0":{"loc":{"start":{"line":10,"column":27},"end":{"line":10,"column":86}},"type":"default-arg","locations":[{"start":{"line":10,"column":84},"end":{"line":10,"column":86}}],"line":10},"1":{"loc":{"start":{"line":10,"column":29},"end":{"line":10,"column":79}},"type":"default-arg","locations":[{"start":{"line":10,"column":40},"end":{"line":10,"column":79}}],"line":10},"2":{"loc":{"start":{"line":10,"column":40},"end":{"line":10,"column":79}},"type":"binary-expr","locations":[{"start":{"line":10,"column":40},"end":{"line":10,"column":63}},{"start":{"line":10,"column":67},"end":{"line":10,"column":79}}],"line":10},"3":{"loc":{"start":{"line":16,"column":4},"end":{"line":22,"column":5}},"type":"if","locations":[{"start":{"line":16,"column":4},"end":{"line":22,"column":5}},{"start":{},"end":{}}],"line":16},"4":{"loc":{"start":{"line":19,"column":6},"end":{"line":21,"column":7}},"type":"if","locations":[{"start":{"line":19,"column":6},"end":{"line":21,"column":7}},{"start":{},"end":{}}],"line":19},"5":{"loc":{"start":{"line":19,"column":10},"end":{"line":19,"column":72}},"type":"binary-expr","locations":[{"start":{"line":19,"column":10},"end":{"line":19,"column":16}},{"start":{"line":19,"column":20},"end":{"line":19,"column":46}},{"start":{"line":19,"column":50},"end":{"line":19,"column":72}}],"line":19},"6":{"loc":{"start":{"line":44,"column":22},"end":{"line":44,"column":74}},"type":"binary-expr","locations":[{"start":{"line":44,"column":22},"end":{"line":44,"column":39}},{"start":{"line":44,"column":43},"end":{"line":44,"column":74}}],"line":44},"7":{"loc":{"start":{"line":49,"column":13},"end":{"line":49,"column":50}},"type":"cond-expr","locations":[{"start":{"line":49,"column":28},"end":{"line":49,"column":45}},{"start":{"line":49,"column":48},"end":{"line":49,"column":50}}],"line":49},"8":{"loc":{"start":{"line":53,"column":6},"end":{"line":55,"column":7}},"type":"if","locations":[{"start":{"line":53,"column":6},"end":{"line":55,"column":7}},{"start":{},"end":{}}],"line":53},"9":{"loc":{"start":{"line":53,"column":10},"end":{"line":53,"column":68}},"type":"binary-expr","locations":[{"start":{"line":53,"column":10},"end":{"line":53,"column":17}},{"start":{"line":53,"column":21},"end":{"line":53,"column":44}},{"start":{"line":53,"column":48},"end":{"line":53,"column":68}}],"line":53},"10":{"loc":{"start":{"line":54,"column":15},"end":{"line":54,"column":52}},"type":"cond-expr","locations":[{"start":{"line":54,"column":30},"end":{"line":54,"column":47}},{"start":{"line":54,"column":50},"end":{"line":54,"column":52}}],"line":54},"11":{"loc":{"start":{"line":57,"column":23},"end":{"line":57,"column":97}},"type":"binary-expr","locations":[{"start":{"line":57,"column":23},"end":{"line":57,"column":24}},{"start":{"line":57,"column":28},"end":{"line":57,"column":54}},{"start":{"line":57,"column":58},"end":{"line":57,"column":82}},{"start":{"line":57,"column":86},"end":{"line":57,"column":97}}],"line":57},"12":{"loc":{"start":{"line":61,"column":28},"end":{"line":61,"column":40}},"type":"binary-expr","locations":[{"start":{"line":61,"column":28},"end":{"line":61,"column":35}},{"start":{"line":61,"column":39},"end":{"line":61,"column":40}}],"line":61},"13":{"loc":{"start":{"line":62,"column":35},"end":{"line":62,"column":54}},"type":"binary-expr","locations":[{"start":{"line":62,"column":35},"end":{"line":62,"column":49}},{"start":{"line":62,"column":53},"end":{"line":62,"column":54}}],"line":62},"14":{"loc":{"start":{"line":63,"column":22},"end":{"line":63,"column":62}},"type":"binary-expr","locations":[{"start":{"line":63,"column":22},"end":{"line":63,"column":34}},{"start":{"line":63,"column":38},"end":{"line":63,"column":62}}],"line":63},"15":{"loc":{"start":{"line":66,"column":6},"end":{"line":68,"column":7}},"type":"if","locations":[{"start":{"line":66,"column":6},"end":{"line":68,"column":7}},{"start":{},"end":{}}],"line":66},"16":{"loc":{"start":{"line":67,"column":15},"end":{"line":67,"column":52}},"type":"cond-expr","locations":[{"start":{"line":67,"column":30},"end":{"line":67,"column":47}},{"start":{"line":67,"column":50},"end":{"line":67,"column":52}}],"line":67},"17":{"loc":{"start":{"line":70,"column":38},"end":{"line":70,"column":56}},"type":"binary-expr","locations":[{"start":{"line":70,"column":38},"end":{"line":70,"column":50}},{"start":{"line":70,"column":54},"end":{"line":70,"column":56}}],"line":70}},"s":{"0":0,"1":0,"2":0,"3":0,"4":0,"5":0,"6":0,"7":0,"8":0,"9":0,"10":0,"11":0,"12":0,"13":0,"14":0,"15":0,"16":0,"17":0,"18":0,"19":0,"20":0,"21":0,"22":0,"23":0,"24":0,"25":0,"26":0,"27":0,"28":0,"29":0,"30":0,"31":0,"32":0,"33":0,"34":0,"35":0,"36":0,"37":0,"38":0,"39":0,"40":0,"41":0,"42":0},"f":{"0":0,"1":0,"2":0,"3":0,"4":0,"5":0,"6":0,"7":0,"8":0,"9":0},"b":{"0":[0],"1":[0],"2":[0,0],"3":[0,0],"4":[0,0],"5":[0,0,0],"6":[0,0],"7":[0,0],"8":[0,0],"9":[0,0,0],"10":[0,0],"11":[0,0,0,0],"12":[0,0],"13":[0,0],"14":[0,0],"15":[0,0],"16":[0,0],"17":[0,0]}}
,"/home/skk/Desktop/tetris_client/backend/src/sockets/gameHandler.js": {"path":"/home/skk/Desktop/tetris_client/backend/src/sockets/gameHandler.js","statementMap":{"0":{"start":{"line":3,"column":17},"end":{"line":3,"column":40}},"1":{"start":{"line":14,"column":22},"end":{"line":14,"column":56}},"2":{"start":{"line":14,"column":28},"end":{"line":14,"column":56}},"3":{"start":{"line":18,"column":2},"end":{"line":74,"column":4}},"4":{"start":{"line":19,"column":4},"end":{"line":22,"column":5}},"5":{"start":{"line":20,"column":6},"end":{"line":20,"column":77}},"6":{"start":{"line":21,"column":6},"end":{"line":21,"column":12}},"7":{"start":{"line":25,"column":23},"end":{"line":25,"column":50}},"8":{"start":{"line":26,"column":21},"end":{"line":26,"column":52}},"9":{"start":{"line":29,"column":4},"end":{"line":31,"column":5}},"10":{"start":{"line":30,"column":6},"end":{"line":30,"column":66}},"11":{"start":{"line":33,"column":17},"end":{"line":33,"column":38}},"12":{"start":{"line":36,"column":21},"end":{"line":36,"column":80}},"13":{"start":{"line":36,"column":60},"end":{"line":36,"column":79}},"14":{"start":{"line":37,"column":4},"end":{"line":52,"column":5}},"15":{"start":{"line":38,"column":6},"end":{"line":42,"column":7}},"16":{"start":{"line":39,"column":8},"end":{"line":39,"column":46}},"17":{"start":{"line":40,"column":8},"end":{"line":40,"column":37}},"18":{"start":{"line":41,"column":8},"end":{"line":41,"column":45}},"19":{"start":{"line":43,"column":6},"end":{"line":43,"column":29}},"20":{"start":{"line":44,"column":6},"end":{"line":44,"column":36}},"21":{"start":{"line":45,"column":6},"end":{"line":50,"column":8}},"22":{"start":{"line":48,"column":55},"end":{"line":48,"column":65}},"23":{"start":{"line":51,"column":6},"end":{"line":51,"column":12}},"24":{"start":{"line":55,"column":4},"end":{"line":58,"column":5}},"25":{"start":{"line":56,"column":6},"end":{"line":56,"column":67}},"26":{"start":{"line":57,"column":6},"end":{"line":57,"column":12}},"27":{"start":{"line":60,"column":19},"end":{"line":60,"column":54}},"28":{"start":{"line":61,"column":4},"end":{"line":61,"column":27}},"29":{"start":{"line":62,"column":4},"end":{"line":62,"column":34}},"30":{"start":{"line":65,"column":4},"end":{"line":70,"column":6}},"31":{"start":{"line":68,"column":53},"end":{"line":68,"column":63}},"32":{"start":{"line":73,"column":4},"end":{"line":73,"column":76}},"33":{"start":{"line":78,"column":2},"end":{"line":90,"column":4}},"34":{"start":{"line":79,"column":17},"end":{"line":79,"column":30}},"35":{"start":{"line":80,"column":4},"end":{"line":80,"column":21}},"36":{"start":{"line":80,"column":15},"end":{"line":80,"column":21}},"37":{"start":{"line":82,"column":4},"end":{"line":85,"column":5}},"38":{"start":{"line":83,"column":6},"end":{"line":83,"column":75}},"39":{"start":{"line":84,"column":6},"end":{"line":84,"column":12}},"40":{"start":{"line":87,"column":4},"end":{"line":89,"column":6}},"41":{"start":{"line":88,"column":53},"end":{"line":88,"column":63}},"42":{"start":{"line":95,"column":2},"end":{"line":101,"column":4}},"43":{"start":{"line":96,"column":17},"end":{"line":96,"column":30}},"44":{"start":{"line":97,"column":4},"end":{"line":97,"column":21}},"45":{"start":{"line":97,"column":15},"end":{"line":97,"column":21}},"46":{"start":{"line":98,"column":4},"end":{"line":100,"column":5}},"47":{"start":{"line":99,"column":6},"end":{"line":99,"column":58}},"48":{"start":{"line":105,"column":2},"end":{"line":110,"column":4}},"49":{"start":{"line":106,"column":17},"end":{"line":106,"column":30}},"50":{"start":{"line":107,"column":4},"end":{"line":107,"column":50}},"51":{"start":{"line":107,"column":44},"end":{"line":107,"column":50}},"52":{"start":{"line":108,"column":4},"end":{"line":108,"column":62}},"53":{"start":{"line":108,"column":56},"end":{"line":108,"column":62}},"54":{"start":{"line":109,"column":4},"end":{"line":109,"column":41}},"55":{"start":{"line":113,"column":2},"end":{"line":117,"column":4}},"56":{"start":{"line":114,"column":17},"end":{"line":114,"column":30}},"57":{"start":{"line":115,"column":4},"end":{"line":115,"column":50}},"58":{"start":{"line":115,"column":44},"end":{"line":115,"column":50}},"59":{"start":{"line":116,"column":4},"end":{"line":116,"column":32}},"60":{"start":{"line":120,"column":2},"end":{"line":124,"column":4}},"61":{"start":{"line":121,"column":17},"end":{"line":121,"column":30}},"62":{"start":{"line":122,"column":4},"end":{"line":122,"column":50}},"63":{"start":{"line":122,"column":44},"end":{"line":122,"column":50}},"64":{"start":{"line":123,"column":4},"end":{"line":123,"column":30}},"65":{"start":{"line":128,"column":2},"end":{"line":143,"column":4}},"66":{"start":{"line":129,"column":17},"end":{"line":129,"column":30}},"67":{"start":{"line":130,"column":4},"end":{"line":130,"column":21}},"68":{"start":{"line":130,"column":15},"end":{"line":130,"column":21}},"69":{"start":{"line":131,"column":4},"end":{"line":131,"column":42}},"70":{"start":{"line":131,"column":36},"end":{"line":131,"column":42}},"71":{"start":{"line":133,"column":19},"end":{"line":133,"column":46}},"72":{"start":{"line":134,"column":4},"end":{"line":137,"column":5}},"73":{"start":{"line":135,"column":6},"end":{"line":135,"column":77}},"74":{"start":{"line":136,"column":6},"end":{"line":136,"column":12}},"75":{"start":{"line":139,"column":4},"end":{"line":139,"column":16}},"76":{"start":{"line":140,"column":4},"end":{"line":142,"column":6}},"77":{"start":{"line":141,"column":53},"end":{"line":141,"column":63}},"78":{"start":{"line":147,"column":2},"end":{"line":157,"column":4}},"79":{"start":{"line":148,"column":4},"end":{"line":151,"column":5}},"80":{"start":{"line":149,"column":6},"end":{"line":149,"column":72}},"81":{"start":{"line":150,"column":6},"end":{"line":150,"column":12}},"82":{"start":{"line":152,"column":23},"end":{"line":152,"column":50}},"83":{"start":{"line":153,"column":4},"end":{"line":156,"column":6}},"84":{"start":{"line":160,"column":2},"end":{"line":170,"column":4}},"85":{"start":{"line":161,"column":4},"end":{"line":164,"column":5}},"86":{"start":{"line":162,"column":6},"end":{"line":162,"column":79}},"87":{"start":{"line":163,"column":6},"end":{"line":163,"column":12}},"88":{"start":{"line":165,"column":19},"end":{"line":165,"column":57}},"89":{"start":{"line":166,"column":4},"end":{"line":169,"column":6}},"90":{"start":{"line":173,"column":2},"end":{"line":199,"column":4}},"91":{"start":{"line":174,"column":4},"end":{"line":174,"column":52}},"92":{"start":{"line":176,"column":17},"end":{"line":176,"column":30}},"93":{"start":{"line":177,"column":4},"end":{"line":177,"column":21}},"94":{"start":{"line":177,"column":15},"end":{"line":177,"column":21}},"95":{"start":{"line":181,"column":4},"end":{"line":181,"column":42}},"96":{"start":{"line":181,"column":36},"end":{"line":181,"column":42}},"97":{"start":{"line":183,"column":19},"end":{"line":183,"column":47}},"98":{"start":{"line":184,"column":4},"end":{"line":184,"column":23}},"99":{"start":{"line":184,"column":17},"end":{"line":184,"column":23}},"100":{"start":{"line":186,"column":20},"end":{"line":186,"column":76}},"101":{"start":{"line":186,"column":59},"end":{"line":186,"column":67}},"102":{"start":{"line":188,"column":4},"end":{"line":192,"column":6}},"103":{"start":{"line":195,"column":4},"end":{"line":198,"column":5}},"104":{"start":{"line":196,"column":6},"end":{"line":196,"column":17}},"105":{"start":{"line":197,"column":6},"end":{"line":197,"column":37}},"106":{"start":{"line":202,"column":0},"end":{"line":202,"column":34}}},"fnMap":{"0":{"name":"setupGameHandlers","decl":{"start":{"line":12,"column":9},"end":{"line":12,"column":26}},"loc":{"start":{"line":12,"column":66},"end":{"line":200,"column":1}},"line":12},"1":{"name":"(anonymous_1)","decl":{"start":{"line":14,"column":22},"end":{"line":14,"column":23}},"loc":{"start":{"line":14,"column":28},"end":{"line":14,"column":56}},"line":14},"2":{"name":"(anonymous_2)","decl":{"start":{"line":18,"column":25},"end":{"line":18,"column":26}},"loc":{"start":{"line":18,"column":58},"end":{"line":74,"column":3}},"line":18},"3":{"name":"(anonymous_3)","decl":{"start":{"line":36,"column":53},"end":{"line":36,"column":54}},"loc":{"start":{"line":36,"column":60},"end":{"line":36,"column":79}},"line":36},"4":{"name":"(anonymous_4)","decl":{"start":{"line":48,"column":48},"end":{"line":48,"column":49}},"loc":{"start":{"line":48,"column":55},"end":{"line":48,"column":65}},"line":48},"5":{"name":"(anonymous_5)","decl":{"start":{"line":68,"column":46},"end":{"line":68,"column":47}},"loc":{"start":{"line":68,"column":53},"end":{"line":68,"column":63}},"line":68},"6":{"name":"(anonymous_6)","decl":{"start":{"line":78,"column":26},"end":{"line":78,"column":27}},"loc":{"start":{"line":78,"column":32},"end":{"line":90,"column":3}},"line":78},"7":{"name":"(anonymous_7)","decl":{"start":{"line":88,"column":46},"end":{"line":88,"column":47}},"loc":{"start":{"line":88,"column":53},"end":{"line":88,"column":63}},"line":88},"8":{"name":"(anonymous_8)","decl":{"start":{"line":95,"column":24},"end":{"line":95,"column":25}},"loc":{"start":{"line":95,"column":43},"end":{"line":101,"column":3}},"line":95},"9":{"name":"(anonymous_9)","decl":{"start":{"line":105,"column":20},"end":{"line":105,"column":21}},"loc":{"start":{"line":105,"column":44},"end":{"line":110,"column":3}},"line":105},"10":{"name":"(anonymous_10)","decl":{"start":{"line":113,"column":22},"end":{"line":113,"column":23}},"loc":{"start":{"line":113,"column":28},"end":{"line":117,"column":3}},"line":113},"11":{"name":"(anonymous_11)","decl":{"start":{"line":120,"column":20},"end":{"line":120,"column":21}},"loc":{"start":{"line":120,"column":26},"end":{"line":124,"column":3}},"line":120},"12":{"name":"(anonymous_12)","decl":{"start":{"line":128,"column":28},"end":{"line":128,"column":29}},"loc":{"start":{"line":128,"column":34},"end":{"line":143,"column":3}},"line":128},"13":{"name":"(anonymous_13)","decl":{"start":{"line":141,"column":46},"end":{"line":141,"column":47}},"loc":{"start":{"line":141,"column":53},"end":{"line":141,"column":63}},"line":141},"14":{"name":"(anonymous_14)","decl":{"start":{"line":147,"column":26},"end":{"line":147,"column":27}},"loc":{"start":{"line":147,"column":55},"end":{"line":157,"column":3}},"line":147},"15":{"name":"(anonymous_15)","decl":{"start":{"line":160,"column":26},"end":{"line":160,"column":27}},"loc":{"start":{"line":160,"column":47},"end":{"line":170,"column":3}},"line":160},"16":{"name":"(anonymous_16)","decl":{"start":{"line":173,"column":26},"end":{"line":173,"column":27}},"loc":{"start":{"line":173,"column":32},"end":{"line":199,"column":3}},"line":173},"17":{"name":"(anonymous_17)","decl":{"start":{"line":186,"column":52},"end":{"line":186,"column":53}},"loc":{"start":{"line":186,"column":59},"end":{"line":186,"column":67}},"line":186}},"branchMap":{"0":{"loc":{"start":{"line":12,"column":46},"end":{"line":12,"column":64}},"type":"default-arg","locations":[{"start":{"line":12,"column":60},"end":{"line":12,"column":64}}],"line":12},"1":{"loc":{"start":{"line":18,"column":26},"end":{"line":18,"column":53}},"type":"default-arg","locations":[{"start":{"line":18,"column":51},"end":{"line":18,"column":53}}],"line":18},"2":{"loc":{"start":{"line":19,"column":4},"end":{"line":22,"column":5}},"type":"if","locations":[{"start":{"line":19,"column":4},"end":{"line":22,"column":5}},{"start":{},"end":{}}],"line":19},"3":{"loc":{"start":{"line":19,"column":8},"end":{"line":19,"column":30}},"type":"binary-expr","locations":[{"start":{"line":19,"column":8},"end":{"line":19,"column":15}},{"start":{"line":19,"column":19},"end":{"line":19,"column":30}}],"line":19},"4":{"loc":{"start":{"line":29,"column":4},"end":{"line":31,"column":5}},"type":"if","locations":[{"start":{"line":29,"column":4},"end":{"line":31,"column":5}},{"start":{},"end":{}}],"line":29},"5":{"loc":{"start":{"line":37,"column":4},"end":{"line":52,"column":5}},"type":"if","locations":[{"start":{"line":37,"column":4},"end":{"line":52,"column":5}},{"start":{},"end":{}}],"line":37},"6":{"loc":{"start":{"line":38,"column":6},"end":{"line":42,"column":7}},"type":"if","locations":[{"start":{"line":38,"column":6},"end":{"line":42,"column":7}},{"start":{},"end":{}}],"line":38},"7":{"loc":{"start":{"line":55,"column":4},"end":{"line":58,"column":5}},"type":"if","locations":[{"start":{"line":55,"column":4},"end":{"line":58,"column":5}},{"start":{},"end":{}}],"line":55},"8":{"loc":{"start":{"line":80,"column":4},"end":{"line":80,"column":21}},"type":"if","locations":[{"start":{"line":80,"column":4},"end":{"line":80,"column":21}},{"start":{},"end":{}}],"line":80},"9":{"loc":{"start":{"line":82,"column":4},"end":{"line":85,"column":5}},"type":"if","locations":[{"start":{"line":82,"column":4},"end":{"line":85,"column":5}},{"start":{},"end":{}}],"line":82},"10":{"loc":{"start":{"line":95,"column":25},"end":{"line":95,"column":38}},"type":"default-arg","locations":[{"start":{"line":95,"column":36},"end":{"line":95,"column":38}}],"line":95},"11":{"loc":{"start":{"line":97,"column":4},"end":{"line":97,"column":21}},"type":"if","locations":[{"start":{"line":97,"column":4},"end":{"line":97,"column":21}},{"start":{},"end":{}}],"line":97},"12":{"loc":{"start":{"line":98,"column":4},"end":{"line":100,"column":5}},"type":"if","locations":[{"start":{"line":98,"column":4},"end":{"line":100,"column":5}},{"start":{},"end":{}}],"line":98},"13":{"loc":{"start":{"line":105,"column":21},"end":{"line":105,"column":39}},"type":"default-arg","locations":[{"start":{"line":105,"column":37},"end":{"line":105,"column":39}}],"line":105},"14":{"loc":{"start":{"line":107,"column":4},"end":{"line":107,"column":50}},"type":"if","locations":[{"start":{"line":107,"column":4},"end":{"line":107,"column":50}},{"start":{},"end":{}}],"line":107},"15":{"loc":{"start":{"line":107,"column":8},"end":{"line":107,"column":42}},"type":"binary-expr","locations":[{"start":{"line":107,"column":8},"end":{"line":107,"column":13}},{"start":{"line":107,"column":17},"end":{"line":107,"column":42}}],"line":107},"16":{"loc":{"start":{"line":108,"column":4},"end":{"line":108,"column":62}},"type":"if","locations":[{"start":{"line":108,"column":4},"end":{"line":108,"column":62}},{"start":{},"end":{}}],"line":108},"17":{"loc":{"start":{"line":115,"column":4},"end":{"line":115,"column":50}},"type":"if","locations":[{"start":{"line":115,"column":4},"end":{"line":115,"column":50}},{"start":{},"end":{}}],"line":115},"18":{"loc":{"start":{"line":115,"column":8},"end":{"line":115,"column":42}},"type":"binary-expr","locations":[{"start":{"line":115,"column":8},"end":{"line":115,"column":13}},{"start":{"line":115,"column":17},"end":{"line":115,"column":42}}],"line":115},"19":{"loc":{"start":{"line":122,"column":4},"end":{"line":122,"column":50}},"type":"if","locations":[{"start":{"line":122,"column":4},"end":{"line":122,"column":50}},{"start":{},"end":{}}],"line":122},"20":{"loc":{"start":{"line":122,"column":8},"end":{"line":122,"column":42}},"type":"binary-expr","locations":[{"start":{"line":122,"column":8},"end":{"line":122,"column":13}},{"start":{"line":122,"column":17},"end":{"line":122,"column":42}}],"line":122},"21":{"loc":{"start":{"line":130,"column":4},"end":{"line":130,"column":21}},"type":"if","locations":[{"start":{"line":130,"column":4},"end":{"line":130,"column":21}},{"start":{},"end":{}}],"line":130},"22":{"loc":{"start":{"line":131,"column":4},"end":{"line":131,"column":42}},"type":"if","locations":[{"start":{"line":131,"column":4},"end":{"line":131,"column":42}},{"start":{},"end":{}}],"line":131},"23":{"loc":{"start":{"line":134,"column":4},"end":{"line":137,"column":5}},"type":"if","locations":[{"start":{"line":134,"column":4},"end":{"line":137,"column":5}},{"start":{},"end":{}}],"line":134},"24":{"loc":{"start":{"line":134,"column":8},"end":{"line":134,"column":33}},"type":"binary-expr","locations":[{"start":{"line":134,"column":8},"end":{"line":134,"column":15}},{"start":{"line":134,"column":19},"end":{"line":134,"column":33}}],"line":134},"25":{"loc":{"start":{"line":147,"column":27},"end":{"line":147,"column":50}},"type":"default-arg","locations":[{"start":{"line":147,"column":48},"end":{"line":147,"column":50}}],"line":147},"26":{"loc":{"start":{"line":148,"column":4},"end":{"line":151,"column":5}},"type":"if","locations":[{"start":{"line":148,"column":4},"end":{"line":151,"column":5}},{"start":{},"end":{}}],"line":148},"27":{"loc":{"start":{"line":148,"column":8},"end":{"line":148,"column":31}},"type":"binary-expr","locations":[{"start":{"line":148,"column":8},"end":{"line":148,"column":15}},{"start":{"line":148,"column":19},"end":{"line":148,"column":31}}],"line":148},"28":{"loc":{"start":{"line":149,"column":43},"end":{"line":149,"column":57}},"type":"binary-expr","locations":[{"start":{"line":149,"column":43},"end":{"line":149,"column":49}},{"start":{"line":149,"column":53},"end":{"line":149,"column":57}}],"line":149},"29":{"loc":{"start":{"line":160,"column":27},"end":{"line":160,"column":42}},"type":"default-arg","locations":[{"start":{"line":160,"column":40},"end":{"line":160,"column":42}}],"line":160},"30":{"loc":{"start":{"line":161,"column":4},"end":{"line":164,"column":5}},"type":"if","locations":[{"start":{"line":161,"column":4},"end":{"line":164,"column":5}},{"start":{},"end":{}}],"line":161},"31":{"loc":{"start":{"line":168,"column":13},"end":{"line":168,"column":45}},"type":"cond-expr","locations":[{"start":{"line":168,"column":22},"end":{"line":168,"column":26}},{"start":{"line":168,"column":29},"end":{"line":168,"column":45}}],"line":168},"32":{"loc":{"start":{"line":177,"column":4},"end":{"line":177,"column":21}},"type":"if","locations":[{"start":{"line":177,"column":4},"end":{"line":177,"column":21}},{"start":{},"end":{}}],"line":177},"33":{"loc":{"start":{"line":181,"column":4},"end":{"line":181,"column":42}},"type":"if","locations":[{"start":{"line":181,"column":4},"end":{"line":181,"column":42}},{"start":{},"end":{}}],"line":181},"34":{"loc":{"start":{"line":184,"column":4},"end":{"line":184,"column":23}},"type":"if","locations":[{"start":{"line":184,"column":4},"end":{"line":184,"column":23}},{"start":{},"end":{}}],"line":184},"35":{"loc":{"start":{"line":186,"column":20},"end":{"line":186,"column":76}},"type":"binary-expr","locations":[{"start":{"line":186,"column":20},"end":{"line":186,"column":68}},{"start":{"line":186,"column":72},"end":{"line":186,"column":76}}],"line":186},"36":{"loc":{"start":{"line":191,"column":15},"end":{"line":191,"column":48}},"type":"cond-expr","locations":[{"start":{"line":191,"column":25},"end":{"line":191,"column":41}},{"start":{"line":191,"column":44},"end":{"line":191,"column":48}}],"line":191},"37":{"loc":{"start":{"line":195,"column":4},"end":{"line":198,"column":5}},"type":"if","locations":[{"start":{"line":195,"column":4},"end":{"line":198,"column":5}},{"start":{},"end":{}}],"line":195}},"s":{"0":1,"1":30,"2":22,"3":30,"4":25,"5":2,"6":2,"7":23,"8":23,"9":23,"10":19,"11":23,"12":23,"13":4,"14":23,"15":0,"16":0,"17":0,"18":0,"19":0,"20":0,"21":0,"22":0,"23":0,"24":23,"25":1,"26":1,"27":22,"28":22,"29":22,"30":22,"31":25,"32":22,"33":30,"34":7,"35":7,"36":1,"37":6,"38":1,"39":1,"40":5,"41":5,"42":30,"43":0,"44":0,"45":0,"46":0,"47":0,"48":30,"49":3,"50":3,"51":1,"52":2,"53":1,"54":1,"55":30,"56":2,"57":2,"58":1,"59":1,"60":30,"61":2,"62":2,"63":1,"64":1,"65":30,"66":4,"67":4,"68":1,"69":3,"70":1,"71":2,"72":2,"73":1,"74":1,"75":1,"76":1,"77":1,"78":30,"79":0,"80":0,"81":0,"82":0,"83":0,"84":30,"85":0,"86":0,"87":0,"88":0,"89":0,"90":30,"91":4,"92":4,"93":4,"94":1,"95":3,"96":0,"97":3,"98":3,"99":0,"100":3,"101":1,"102":3,"103":3,"104":2,"105":2,"106":1},"f":{"0":30,"1":22,"2":25,"3":4,"4":0,"5":25,"6":7,"7":5,"8":0,"9":3,"10":2,"11":2,"12":4,"13":1,"14":0,"15":0,"16":4,"17":1},"b":{"0":[30],"1":[0],"2":[2,23],"3":[25,24],"4":[19,4],"5":[0,23],"6":[0,0],"7":[1,22],"8":[1,6],"9":[1,5],"10":[0],"11":[0,0],"12":[0,0],"13":[0],"14":[1,2],"15":[3,2],"16":[1,1],"17":[1,1],"18":[2,1],"19":[1,1],"20":[2,1],"21":[1,3],"22":[1,2],"23":[1,1],"24":[2,2],"25":[0],"26":[0,0],"27":[0,0],"28":[0,0],"29":[0],"30":[0,0],"31":[0,0],"32":[1,3],"33":[0,3],"34":[0,3],"35":[3,2],"36":[1,2],"37":[2,1]},"_coverageSchema":"1a1c01bbd47fc00a2c39e90264f33305004495a9","hash":"265fffd79674c8fc4a16ad93fd76c46442de6fd9"}
}
