{"/home/skk/Desktop/tetris_client/backend/src/game/Game.js": {"path":"/home/skk/Desktop/tetris_client/backend/src/game/Game.js","statementMap":{"0":{"start":{"line":3,"column":15},"end":{"line":3,"column":34}},"1":{"start":{"line":4,"column":34},"end":{"line":4,"column":52}},"2":{"start":{"line":19,"column":4},"end":{"line":19,"column":22}},"3":{"start":{"line":22,"column":18},"end":{"line":22,"column":20}},"4":{"start":{"line":34,"column":4},"end":{"line":34,"column":24}},"5":{"start":{"line":35,"column":4},"end":{"line":35,"column":16}},"6":{"start":{"line":36,"column":4},"end":{"line":36,"column":34}},"7":{"start":{"line":39,"column":4},"end":{"line":39,"column":28}},"8":{"start":{"line":40,"column":4},"end":{"line":40,"column":27}},"9":{"start":{"line":42,"column":4},"end":{"line":42,"column":27}},"10":{"start":{"line":43,"column":4},"end":{"line":43,"column":29}},"11":{"start":{"line":44,"column":4},"end":{"line":44,"column":21}},"12":{"start":{"line":56,"column":4},"end":{"line":56,"column":69}},"13":{"start":{"line":56,"column":36},"end":{"line":56,"column":69}},"14":{"start":{"line":57,"column":19},"end":{"line":57,"column":45}},"15":{"start":{"line":58,"column":4},"end":{"line":58,"column":53}},"16":{"start":{"line":58,"column":33},"end":{"line":58,"column":53}},"17":{"start":{"line":59,"column":4},"end":{"line":59,"column":38}},"18":{"start":{"line":60,"column":4},"end":{"line":60,"column":17}},"19":{"start":{"line":70,"column":19},"end":{"line":70,"column":45}},"20":{"start":{"line":71,"column":4},"end":{"line":71,"column":28}},"21":{"start":{"line":71,"column":17},"end":{"line":71,"column":28}},"22":{"start":{"line":73,"column":4},"end":{"line":73,"column":33}},"23":{"start":{"line":76,"column":4},"end":{"line":78,"column":5}},"24":{"start":{"line":77,"column":6},"end":{"line":77,"column":54}},"25":{"start":{"line":81,"column":4},"end":{"line":86,"column":5}},"26":{"start":{"line":82,"column":20},"end":{"line":82,"column":40}},"27":{"start":{"line":83,"column":6},"end":{"line":85,"column":7}},"28":{"start":{"line":84,"column":8},"end":{"line":84,"column":38}},"29":{"start":{"line":88,"column":4},"end":{"line":88,"column":17}},"30":{"start":{"line":99,"column":17},"end":{"line":99,"column":47}},"31":{"start":{"line":100,"column":4},"end":{"line":100,"column":43}},"32":{"start":{"line":100,"column":31},"end":{"line":100,"column":43}},"33":{"start":{"line":101,"column":4},"end":{"line":101,"column":47}},"34":{"start":{"line":101,"column":35},"end":{"line":101,"column":47}},"35":{"start":{"line":102,"column":4},"end":{"line":102,"column":45}},"36":{"start":{"line":102,"column":33},"end":{"line":102,"column":45}},"37":{"start":{"line":104,"column":4},"end":{"line":104,"column":27}},"38":{"start":{"line":105,"column":4},"end":{"line":105,"column":64}},"39":{"start":{"line":106,"column":4},"end":{"line":106,"column":27}},"40":{"start":{"line":108,"column":4},"end":{"line":112,"column":5}},"41":{"start":{"line":109,"column":6},"end":{"line":109,"column":36}},"42":{"start":{"line":110,"column":6},"end":{"line":110,"column":25}},"43":{"start":{"line":111,"column":6},"end":{"line":111,"column":43}},"44":{"start":{"line":114,"column":4},"end":{"line":114,"column":67}},"45":{"start":{"line":114,"column":43},"end":{"line":114,"column":55}},"46":{"start":{"line":115,"column":4},"end":{"line":115,"column":15}},"47":{"start":{"line":122,"column":4},"end":{"line":125,"column":5}},"48":{"start":{"line":123,"column":6},"end":{"line":123,"column":39}},"49":{"start":{"line":124,"column":6},"end":{"line":124,"column":31}},"50":{"start":{"line":132,"column":4},"end":{"line":132,"column":15}},"51":{"start":{"line":133,"column":4},"end":{"line":133,"column":27}},"52":{"start":{"line":134,"column":4},"end":{"line":134,"column":27}},"53":{"start":{"line":135,"column":4},"end":{"line":137,"column":5}},"54":{"start":{"line":136,"column":6},"end":{"line":136,"column":36}},"55":{"start":{"line":145,"column":4},"end":{"line":145,"column":42}},"56":{"start":{"line":145,"column":36},"end":{"line":145,"column":42}},"57":{"start":{"line":146,"column":4},"end":{"line":146,"column":15}},"58":{"start":{"line":147,"column":4},"end":{"line":147,"column":28}},"59":{"start":{"line":148,"column":4},"end":{"line":151,"column":6}},"60":{"start":{"line":150,"column":53},"end":{"line":150,"column":63}},"61":{"start":{"line":153,"column":4},"end":{"line":153,"column":26}},"62":{"start":{"line":155,"column":4},"end":{"line":167,"column":5}},"63":{"start":{"line":156,"column":25},"end":{"line":156,"column":49}},"64":{"start":{"line":157,"column":22},"end":{"line":164,"column":9}},"65":{"start":{"line":157,"column":61},"end":{"line":164,"column":7}},"66":{"start":{"line":165,"column":22},"end":{"line":165,"column":70}},"67":{"start":{"line":166,"column":6},"end":{"line":166,"column":91}},"68":{"start":{"line":178,"column":19},"end":{"line":178,"column":45}},"69":{"start":{"line":179,"column":4},"end":{"line":179,"column":40}},"70":{"start":{"line":179,"column":34},"end":{"line":179,"column":40}},"71":{"start":{"line":181,"column":15},"end":{"line":181,"column":72}},"72":{"start":{"line":182,"column":15},"end":{"line":182,"column":43}},"73":{"start":{"line":184,"column":18},"end":{"line":184,"column":69}},"74":{"start":{"line":185,"column":4},"end":{"line":191,"column":5}},"75":{"start":{"line":186,"column":6},"end":{"line":186,"column":33}},"76":{"start":{"line":187,"column":6},"end":{"line":187,"column":55}},"77":{"start":{"line":187,"column":32},"end":{"line":187,"column":55}},"78":{"start":{"line":188,"column":11},"end":{"line":191,"column":5}},"79":{"start":{"line":190,"column":6},"end":{"line":190,"column":35}},"80":{"start":{"line":199,"column":19},"end":{"line":199,"column":45}},"81":{"start":{"line":200,"column":4},"end":{"line":200,"column":40}},"82":{"start":{"line":200,"column":34},"end":{"line":200,"column":40}},"83":{"start":{"line":201,"column":4},"end":{"line":201,"column":71}},"84":{"start":{"line":209,"column":19},"end":{"line":209,"column":45}},"85":{"start":{"line":210,"column":4},"end":{"line":210,"column":40}},"86":{"start":{"line":210,"column":34},"end":{"line":210,"column":40}},"87":{"start":{"line":211,"column":4},"end":{"line":211,"column":68}},"88":{"start":{"line":212,"column":4},"end":{"line":212,"column":33}},"89":{"start":{"line":221,"column":4},"end":{"line":225,"column":5}},"90":{"start":{"line":224,"column":53},"end":{"line":224,"column":63}},"91":{"start":{"line":231,"column":4},"end":{"line":231,"column":60}},"92":{"start":{"line":231,"column":52},"end":{"line":231,"column":59}},"93":{"start":{"line":236,"column":4},"end":{"line":236,"column":24}},"94":{"start":{"line":237,"column":4},"end":{"line":237,"column":30}},"95":{"start":{"line":238,"column":4},"end":{"line":238,"column":30}},"96":{"start":{"line":239,"column":4},"end":{"line":239,"column":27}},"97":{"start":{"line":240,"column":4},"end":{"line":240,"column":25}},"98":{"start":{"line":241,"column":4},"end":{"line":241,"column":20}},"99":{"start":{"line":242,"column":4},"end":{"line":242,"column":20}},"100":{"start":{"line":243,"column":4},"end":{"line":243,"column":27}},"101":{"start":{"line":244,"column":4},"end":{"line":244,"column":27}},"102":{"start":{"line":245,"column":4},"end":{"line":245,"column":29}},"103":{"start":{"line":246,"column":4},"end":{"line":246,"column":43}},"104":{"start":{"line":251,"column":4},"end":{"line":258,"column":5}},"105":{"start":{"line":252,"column":6},"end":{"line":252,"column":33}},"106":{"start":{"line":252,"column":25},"end":{"line":252,"column":33}},"107":{"start":{"line":253,"column":6},"end":{"line":253,"column":38}},"108":{"start":{"line":254,"column":6},"end":{"line":257,"column":7}},"109":{"start":{"line":255,"column":8},"end":{"line":255,"column":31}},"110":{"start":{"line":256,"column":8},"end":{"line":256,"column":34}},"111":{"start":{"line":259,"column":4},"end":{"line":259,"column":30}},"112":{"start":{"line":263,"column":18},"end":{"line":263,"column":67}},"113":{"start":{"line":264,"column":4},"end":{"line":268,"column":5}},"114":{"start":{"line":265,"column":6},"end":{"line":265,"column":33}},"115":{"start":{"line":267,"column":6},"end":{"line":267,"column":35}},"116":{"start":{"line":277,"column":4},"end":{"line":277,"column":61}},"117":{"start":{"line":280,"column":38},"end":{"line":280,"column":61}},"118":{"start":{"line":281,"column":4},"end":{"line":281,"column":25}},"119":{"start":{"line":284,"column":4},"end":{"line":294,"column":5}},"120":{"start":{"line":285,"column":6},"end":{"line":285,"column":41}},"121":{"start":{"line":286,"column":6},"end":{"line":286,"column":64}},"122":{"start":{"line":287,"column":6},"end":{"line":287,"column":56}},"123":{"start":{"line":290,"column":22},"end":{"line":290,"column":38}},"124":{"start":{"line":291,"column":6},"end":{"line":293,"column":7}},"125":{"start":{"line":292,"column":8},"end":{"line":292,"column":59}},"126":{"start":{"line":297,"column":4},"end":{"line":300,"column":5}},"127":{"start":{"line":298,"column":6},"end":{"line":298,"column":71}},"128":{"start":{"line":299,"column":6},"end":{"line":299,"column":31}},"129":{"start":{"line":303,"column":4},"end":{"line":303,"column":46}},"130":{"start":{"line":306,"column":4},"end":{"line":309,"column":5}},"131":{"start":{"line":307,"column":6},"end":{"line":307,"column":35}},"132":{"start":{"line":308,"column":6},"end":{"line":308,"column":12}},"133":{"start":{"line":312,"column":4},"end":{"line":312,"column":41}},"134":{"start":{"line":315,"column":4},"end":{"line":324,"column":5}},"135":{"start":{"line":323,"column":6},"end":{"line":323,"column":35}},"136":{"start":{"line":328,"column":4},"end":{"line":328,"column":24}},"137":{"start":{"line":329,"column":4},"end":{"line":332,"column":6}},"138":{"start":{"line":333,"column":4},"end":{"line":333,"column":23}},"139":{"start":{"line":337,"column":4},"end":{"line":341,"column":5}},"140":{"start":{"line":338,"column":6},"end":{"line":340,"column":7}},"141":{"start":{"line":339,"column":8},"end":{"line":339,"column":38}},"142":{"start":{"line":345,"column":18},"end":{"line":345,"column":38}},"143":{"start":{"line":347,"column":4},"end":{"line":350,"column":5}},"144":{"start":{"line":348,"column":6},"end":{"line":348,"column":28}},"145":{"start":{"line":349,"column":6},"end":{"line":349,"column":12}},"146":{"start":{"line":352,"column":4},"end":{"line":354,"column":5}},"147":{"start":{"line":353,"column":6},"end":{"line":353,"column":24}},"148":{"start":{"line":358,"column":4},"end":{"line":358,"column":63}},"149":{"start":{"line":362,"column":0},"end":{"line":362,"column":36}}},"fnMap":{"0":{"name":"(anonymous_0)","decl":{"start":{"line":33,"column":2},"end":{"line":33,"column":3}},"loc":{"start":{"line":33,"column":46},"end":{"line":45,"column":3}},"line":33},"1":{"name":"(anonymous_1)","decl":{"start":{"line":55,"column":2},"end":{"line":55,"column":3}},"loc":{"start":{"line":55,"column":28},"end":{"line":61,"column":3}},"line":55},"2":{"name":"(anonymous_2)","decl":{"start":{"line":69,"column":2},"end":{"line":69,"column":3}},"loc":{"start":{"line":69,"column":25},"end":{"line":89,"column":3}},"line":69},"3":{"name":"(anonymous_3)","decl":{"start":{"line":98,"column":2},"end":{"line":98,"column":3}},"loc":{"start":{"line":98,"column":22},"end":{"line":116,"column":3}},"line":98},"4":{"name":"(anonymous_4)","decl":{"start":{"line":114,"column":37},"end":{"line":114,"column":38}},"loc":{"start":{"line":114,"column":43},"end":{"line":114,"column":55}},"line":114},"5":{"name":"(anonymous_5)","decl":{"start":{"line":121,"column":2},"end":{"line":121,"column":3}},"loc":{"start":{"line":121,"column":9},"end":{"line":126,"column":3}},"line":121},"6":{"name":"(anonymous_6)","decl":{"start":{"line":131,"column":2},"end":{"line":131,"column":3}},"loc":{"start":{"line":131,"column":10},"end":{"line":138,"column":3}},"line":131},"7":{"name":"(anonymous_7)","decl":{"start":{"line":144,"column":2},"end":{"line":144,"column":3}},"loc":{"start":{"line":144,"column":18},"end":{"line":168,"column":3}},"line":144},"8":{"name":"(anonymous_8)","decl":{"start":{"line":150,"column":46},"end":{"line":150,"column":47}},"loc":{"start":{"line":150,"column":53},"end":{"line":150,"column":63}},"line":150},"9":{"name":"(anonymous_9)","decl":{"start":{"line":157,"column":53},"end":{"line":157,"column":54}},"loc":{"start":{"line":157,"column":61},"end":{"line":164,"column":7}},"line":157},"10":{"name":"(anonymous_10)","decl":{"start":{"line":177,"column":2},"end":{"line":177,"column":3}},"loc":{"start":{"line":177,"column":34},"end":{"line":192,"column":3}},"line":177},"11":{"name":"(anonymous_11)","decl":{"start":{"line":198,"column":2},"end":{"line":198,"column":3}},"loc":{"start":{"line":198,"column":25},"end":{"line":202,"column":3}},"line":198},"12":{"name":"(anonymous_12)","decl":{"start":{"line":208,"column":2},"end":{"line":208,"column":3}},"loc":{"start":{"line":208,"column":23},"end":{"line":213,"column":3}},"line":208},"13":{"name":"(anonymous_13)","decl":{"start":{"line":220,"column":2},"end":{"line":220,"column":3}},"loc":{"start":{"line":220,"column":13},"end":{"line":226,"column":3}},"line":220},"14":{"name":"(anonymous_14)","decl":{"start":{"line":224,"column":46},"end":{"line":224,"column":47}},"loc":{"start":{"line":224,"column":53},"end":{"line":224,"column":63}},"line":224},"15":{"name":"(anonymous_15)","decl":{"start":{"line":230,"column":2},"end":{"line":230,"column":3}},"loc":{"start":{"line":230,"column":18},"end":{"line":232,"column":3}},"line":230},"16":{"name":"(anonymous_16)","decl":{"start":{"line":231,"column":45},"end":{"line":231,"column":46}},"loc":{"start":{"line":231,"column":52},"end":{"line":231,"column":59}},"line":231},"17":{"name":"(anonymous_17)","decl":{"start":{"line":235,"column":2},"end":{"line":235,"column":3}},"loc":{"start":{"line":235,"column":28},"end":{"line":247,"column":3}},"line":235},"18":{"name":"(anonymous_18)","decl":{"start":{"line":250,"column":2},"end":{"line":250,"column":3}},"loc":{"start":{"line":250,"column":10},"end":{"line":260,"column":3}},"line":250},"19":{"name":"(anonymous_19)","decl":{"start":{"line":262,"column":2},"end":{"line":262,"column":3}},"loc":{"start":{"line":262,"column":24},"end":{"line":269,"column":3}},"line":262},"20":{"name":"(anonymous_20)","decl":{"start":{"line":275,"column":2},"end":{"line":275,"column":3}},"loc":{"start":{"line":275,"column":27},"end":{"line":325,"column":3}},"line":275},"21":{"name":"(anonymous_21)","decl":{"start":{"line":327,"column":2},"end":{"line":327,"column":3}},"loc":{"start":{"line":327,"column":27},"end":{"line":334,"column":3}},"line":327},"22":{"name":"(anonymous_22)","decl":{"start":{"line":336,"column":2},"end":{"line":336,"column":3}},"loc":{"start":{"line":336,"column":46},"end":{"line":342,"column":3}},"line":336},"23":{"name":"(anonymous_23)","decl":{"start":{"line":344,"column":2},"end":{"line":344,"column":3}},"loc":{"start":{"line":344,"column":17},"end":{"line":355,"column":3}},"line":344},"24":{"name":"(anonymous_24)","decl":{"start":{"line":357,"column":2},"end":{"line":357,"column":3}},"loc":{"start":{"line":357,"column":24},"end":{"line":359,"column":3}},"line":357}},"branchMap":{"0":{"loc":{"start":{"line":33,"column":26},"end":{"line":33,"column":44}},"type":"default-arg","locations":[{"start":{"line":33,"column":40},"end":{"line":33,"column":44}}],"line":33},"1":{"loc":{"start":{"line":56,"column":4},"end":{"line":56,"column":69}},"type":"if","locations":[{"start":{"line":56,"column":4},"end":{"line":56,"column":69}},{"start":{},"end":{}}],"line":56},"2":{"loc":{"start":{"line":58,"column":4},"end":{"line":58,"column":53}},"type":"if","locations":[{"start":{"line":58,"column":4},"end":{"line":58,"column":53}},{"start":{},"end":{}}],"line":58},"3":{"loc":{"start":{"line":71,"column":4},"end":{"line":71,"column":28}},"type":"if","locations":[{"start":{"line":71,"column":4},"end":{"line":71,"column":28}},{"start":{},"end":{}}],"line":71},"4":{"loc":{"start":{"line":76,"column":4},"end":{"line":78,"column":5}},"type":"if","locations":[{"start":{"line":76,"column":4},"end":{"line":78,"column":5}},{"start":{},"end":{}}],"line":76},"5":{"loc":{"start":{"line":76,"column":8},"end":{"line":76,"column":46}},"type":"binary-expr","locations":[{"start":{"line":76,"column":8},"end":{"line":76,"column":21}},{"start":{"line":76,"column":25},"end":{"line":76,"column":46}}],"line":76},"6":{"loc":{"start":{"line":81,"column":4},"end":{"line":86,"column":5}},"type":"if","locations":[{"start":{"line":81,"column":4},"end":{"line":86,"column":5}},{"start":{},"end":{}}],"line":81},"7":{"loc":{"start":{"line":83,"column":6},"end":{"line":85,"column":7}},"type":"if","locations":[{"start":{"line":83,"column":6},"end":{"line":85,"column":7}},{"start":{},"end":{}}],"line":83},"8":{"loc":{"start":{"line":84,"column":21},"end":{"line":84,"column":37}},"type":"binary-expr","locations":[{"start":{"line":84,"column":21},"end":{"line":84,"column":29}},{"start":{"line":84,"column":33},"end":{"line":84,"column":37}}],"line":84},"9":{"loc":{"start":{"line":100,"column":4},"end":{"line":100,"column":43}},"type":"if","locations":[{"start":{"line":100,"column":4},"end":{"line":100,"column":43}},{"start":{},"end":{}}],"line":100},"10":{"loc":{"start":{"line":100,"column":8},"end":{"line":100,"column":29}},"type":"binary-expr","locations":[{"start":{"line":100,"column":8},"end":{"line":100,"column":13}},{"start":{"line":100,"column":17},"end":{"line":100,"column":29}}],"line":100},"11":{"loc":{"start":{"line":101,"column":4},"end":{"line":101,"column":47}},"type":"if","locations":[{"start":{"line":101,"column":4},"end":{"line":101,"column":47}},{"start":{},"end":{}}],"line":101},"12":{"loc":{"start":{"line":102,"column":4},"end":{"line":102,"column":45}},"type":"if","locations":[{"start":{"line":102,"column":4},"end":{"line":102,"column":45}},{"start":{},"end":{}}],"line":102},"13":{"loc":{"start":{"line":122,"column":4},"end":{"line":125,"column":5}},"type":"if","locations":[{"start":{"line":122,"column":4},"end":{"line":125,"column":5}},{"start":{},"end":{}}],"line":122},"14":{"loc":{"start":{"line":145,"column":4},"end":{"line":145,"column":42}},"type":"if","locations":[{"start":{"line":145,"column":4},"end":{"line":145,"column":42}},{"start":{},"end":{}}],"line":145},"15":{"loc":{"start":{"line":149,"column":14},"end":{"line":149,"column":45}},"type":"cond-expr","locations":[{"start":{"line":149,"column":23},"end":{"line":149,"column":38}},{"start":{"line":149,"column":41},"end":{"line":149,"column":45}}],"line":149},"16":{"loc":{"start":{"line":155,"column":4},"end":{"line":167,"column":5}},"type":"if","locations":[{"start":{"line":155,"column":4},"end":{"line":167,"column":5}},{"start":{},"end":{}}],"line":155},"17":{"loc":{"start":{"line":179,"column":4},"end":{"line":179,"column":40}},"type":"if","locations":[{"start":{"line":179,"column":4},"end":{"line":179,"column":40}},{"start":{},"end":{}}],"line":179},"18":{"loc":{"start":{"line":179,"column":8},"end":{"line":179,"column":32}},"type":"binary-expr","locations":[{"start":{"line":179,"column":8},"end":{"line":179,"column":15}},{"start":{"line":179,"column":19},"end":{"line":179,"column":32}}],"line":179},"19":{"loc":{"start":{"line":181,"column":15},"end":{"line":181,"column":72}},"type":"cond-expr","locations":[{"start":{"line":181,"column":38},"end":{"line":181,"column":40}},{"start":{"line":181,"column":43},"end":{"line":181,"column":72}}],"line":181},"20":{"loc":{"start":{"line":181,"column":43},"end":{"line":181,"column":72}},"type":"cond-expr","locations":[{"start":{"line":181,"column":67},"end":{"line":181,"column":68}},{"start":{"line":181,"column":71},"end":{"line":181,"column":72}}],"line":181},"21":{"loc":{"start":{"line":182,"column":15},"end":{"line":182,"column":43}},"type":"cond-expr","locations":[{"start":{"line":182,"column":38},"end":{"line":182,"column":39}},{"start":{"line":182,"column":42},"end":{"line":182,"column":43}}],"line":182},"22":{"loc":{"start":{"line":185,"column":4},"end":{"line":191,"column":5}},"type":"if","locations":[{"start":{"line":185,"column":4},"end":{"line":191,"column":5}},{"start":{"line":188,"column":11},"end":{"line":191,"column":5}}],"line":185},"23":{"loc":{"start":{"line":187,"column":6},"end":{"line":187,"column":55}},"type":"if","locations":[{"start":{"line":187,"column":6},"end":{"line":187,"column":55}},{"start":{},"end":{}}],"line":187},"24":{"loc":{"start":{"line":188,"column":11},"end":{"line":191,"column":5}},"type":"if","locations":[{"start":{"line":188,"column":11},"end":{"line":191,"column":5}},{"start":{},"end":{}}],"line":188},"25":{"loc":{"start":{"line":200,"column":4},"end":{"line":200,"column":40}},"type":"if","locations":[{"start":{"line":200,"column":4},"end":{"line":200,"column":40}},{"start":{},"end":{}}],"line":200},"26":{"loc":{"start":{"line":200,"column":8},"end":{"line":200,"column":32}},"type":"binary-expr","locations":[{"start":{"line":200,"column":8},"end":{"line":200,"column":15}},{"start":{"line":200,"column":19},"end":{"line":200,"column":32}}],"line":200},"27":{"loc":{"start":{"line":210,"column":4},"end":{"line":210,"column":40}},"type":"if","locations":[{"start":{"line":210,"column":4},"end":{"line":210,"column":40}},{"start":{},"end":{}}],"line":210},"28":{"loc":{"start":{"line":210,"column":8},"end":{"line":210,"column":32}},"type":"binary-expr","locations":[{"start":{"line":210,"column":8},"end":{"line":210,"column":15}},{"start":{"line":210,"column":19},"end":{"line":210,"column":32}}],"line":210},"29":{"loc":{"start":{"line":252,"column":6},"end":{"line":252,"column":33}},"type":"if","locations":[{"start":{"line":252,"column":6},"end":{"line":252,"column":33}},{"start":{},"end":{}}],"line":252},"30":{"loc":{"start":{"line":254,"column":6},"end":{"line":257,"column":7}},"type":"if","locations":[{"start":{"line":254,"column":6},"end":{"line":257,"column":7}},{"start":{},"end":{}}],"line":254},"31":{"loc":{"start":{"line":264,"column":4},"end":{"line":268,"column":5}},"type":"if","locations":[{"start":{"line":264,"column":4},"end":{"line":268,"column":5}},{"start":{"line":266,"column":11},"end":{"line":268,"column":5}}],"line":264},"32":{"loc":{"start":{"line":284,"column":4},"end":{"line":294,"column":5}},"type":"if","locations":[{"start":{"line":284,"column":4},"end":{"line":294,"column":5}},{"start":{},"end":{}}],"line":284},"33":{"loc":{"start":{"line":291,"column":6},"end":{"line":293,"column":7}},"type":"if","locations":[{"start":{"line":291,"column":6},"end":{"line":293,"column":7}},{"start":{},"end":{}}],"line":291},"34":{"loc":{"start":{"line":297,"column":4},"end":{"line":300,"column":5}},"type":"if","locations":[{"start":{"line":297,"column":4},"end":{"line":300,"column":5}},{"start":{},"end":{}}],"line":297},"35":{"loc":{"start":{"line":306,"column":4},"end":{"line":309,"column":5}},"type":"if","locations":[{"start":{"line":306,"column":4},"end":{"line":309,"column":5}},{"start":{},"end":{}}],"line":306},"36":{"loc":{"start":{"line":315,"column":4},"end":{"line":324,"column":5}},"type":"if","locations":[{"start":{"line":315,"column":4},"end":{"line":324,"column":5}},{"start":{},"end":{}}],"line":315},"37":{"loc":{"start":{"line":338,"column":6},"end":{"line":340,"column":7}},"type":"if","locations":[{"start":{"line":338,"column":6},"end":{"line":340,"column":7}},{"start":{},"end":{}}],"line":338},"38":{"loc":{"start":{"line":338,"column":10},"end":{"line":338,"column":60}},"type":"binary-expr","locations":[{"start":{"line":338,"column":10},"end":{"line":338,"column":44}},{"start":{"line":338,"column":48},"end":{"line":338,"column":60}}],"line":338},"39":{"loc":{"start":{"line":347,"column":4},"end":{"line":350,"column":5}},"type":"if","locations":[{"start":{"line":347,"column":4},"end":{"line":350,"column":5}},{"start":{},"end":{}}],"line":347},"40":{"loc":{"start":{"line":347,"column":8},"end":{"line":347,"column":51}},"type":"binary-expr","locations":[{"start":{"line":347,"column":8},"end":{"line":347,"column":29}},{"start":{"line":347,"column":33},"end":{"line":347,"column":51}}],"line":347},"41":{"loc":{"start":{"line":352,"column":4},"end":{"line":354,"column":5}},"type":"if","locations":[{"start":{"line":352,"column":4},"end":{"line":354,"column":5}},{"start":{},"end":{}}],"line":352}},"s":{"0":2,"1":2,"2":2,"3":2,"4":49,"5":49,"6":49,"7":49,"8":49,"9":49,"10":49,"11":49,"12":57,"13":0,"14":57,"15":57,"16":48,"17":57,"18":57,"19":8,"20":8,"21":1,"22":7,"23":7,"24":3,"25":7,"26":1,"27":1,"28":1,"29":7,"30":27,"31":27,"32":2,"33":25,"34":1,"35":24,"36":0,"37":24,"38":24,"39":24,"40":24,"41":26,"42":26,"43":26,"44":24,"45":18,"46":24,"47":25,"48":19,"49":19,"50":3,"51":3,"52":3,"53":3,"54":3,"55":3,"56":0,"57":3,"58":3,"59":3,"60":3,"61":3,"62":3,"63":0,"64":0,"65":0,"66":0,"67":0,"68":6,"69":6,"70":2,"71":4,"72":4,"73":4,"74":4,"75":4,"76":4,"77":1,"78":0,"79":0,"80":3,"81":3,"82":1,"83":2,"84":2,"85":2,"86":0,"87":2,"88":2,"89":19,"90":19,"91":1,"92":1,"93":29,"94":29,"95":29,"96":29,"97":29,"98":29,"99":29,"100":29,"101":29,"102":29,"103":29,"104":18,"105":18,"106":0,"107":18,"108":18,"109":1,"110":1,"111":18,"112":1,"113":1,"114":1,"115":0,"116":3,"117":3,"118":3,"119":3,"120":1,"121":1,"122":1,"123":1,"124":1,"125":1,"126":3,"127":0,"128":0,"129":3,"130":3,"131":0,"132":0,"133":3,"134":3,"135":0,"136":0,"137":0,"138":0,"139":1,"140":2,"141":1,"142":0,"143":0,"144":0,"145":0,"146":0,"147":0,"148":18,"149":2},"f":{"0":49,"1":57,"2":8,"3":27,"4":18,"5":25,"6":3,"7":3,"8":3,"9":0,"10":6,"11":3,"12":2,"13":19,"14":19,"15":1,"16":1,"17":29,"18":18,"19":1,"20":3,"21":0,"22":1,"23":0,"24":18},"b":{"0":[30],"1":[0,57],"2":[48,9],"3":[1,7],"4":[3,4],"5":[7,7],"6":[1,6],"7":[1,0],"8":[1,1],"9":[2,25],"10":[27,27],"11":[1,24],"12":[0,24],"13":[19,6],"14":[0,3],"15":[1,2],"16":[0,3],"17":[2,4],"18":[6,5],"19":[1,3],"20":[2,1],"21":[1,3],"22":[4,0],"23":[1,3],"24":[0,0],"25":[1,2],"26":[3,3],"27":[0,2],"28":[2,2],"29":[0,18],"30":[1,17],"31":[1,0],"32":[1,2],"33":[1,0],"34":[0,3],"35":[0,3],"36":[0,3],"37":[1,1],"38":[2,1],"39":[0,0],"40":[0,0],"41":[0,0]},"_coverageSchema":"1a1c01bbd47fc00a2c39e90264f33305004495a9","hash":"5a5e0ff34f8eb0e56dddbb6aef6abe3a914dcb64"}
,"/home/skk/Desktop/tetris_client/backend/src/game/Piece.js": {"path":"/home/skk/Desktop/tetris_client/backend/src/game/Piece.js","statementMap":{"0":{"start":{"line":7,"column":20},"end":{"line":71,"column":1}},"1":{"start":{"line":73,"column":18},"end":{"line":73,"column":20}},"2":{"start":{"line":82,"column":15},"end":{"line":82,"column":58}},"3":{"start":{"line":83,"column":16},"end":{"line":83,"column":49}},"4":{"start":{"line":83,"column":40},"end":{"line":83,"column":48}},"5":{"start":{"line":84,"column":12},"end":{"line":84,"column":57}},"6":{"start":{"line":85,"column":2},"end":{"line":85,"column":59}},"7":{"start":{"line":97,"column":10},"end":{"line":97,"column":20}},"8":{"start":{"line":98,"column":2},"end":{"line":103,"column":3}},"9":{"start":{"line":99,"column":4},"end":{"line":99,"column":30}},"10":{"start":{"line":100,"column":12},"end":{"line":100,"column":44}},"11":{"start":{"line":101,"column":4},"end":{"line":101,"column":50}},"12":{"start":{"line":102,"column":4},"end":{"line":102,"column":48}},"13":{"start":{"line":114,"column":14},"end":{"line":114,"column":30}},"14":{"start":{"line":115,"column":2},"end":{"line":115,"column":77}},"15":{"start":{"line":115,"column":38},"end":{"line":115,"column":76}},"16":{"start":{"line":118,"column":0},"end":{"line":118,"column":80}}},"fnMap":{"0":{"name":"createPiece","decl":{"start":{"line":81,"column":9},"end":{"line":81,"column":20}},"loc":{"start":{"line":81,"column":32},"end":{"line":86,"column":1}},"line":81},"1":{"name":"(anonymous_1)","decl":{"start":{"line":83,"column":31},"end":{"line":83,"column":32}},"loc":{"start":{"line":83,"column":40},"end":{"line":83,"column":48}},"line":83},"2":{"name":"mulberry32","decl":{"start":{"line":96,"column":9},"end":{"line":96,"column":19}},"loc":{"start":{"line":96,"column":26},"end":{"line":104,"column":1}},"line":96},"3":{"name":"(anonymous_3)","decl":{"start":{"line":98,"column":9},"end":{"line":98,"column":10}},"loc":{"start":{"line":98,"column":21},"end":{"line":103,"column":3}},"line":98},"4":{"name":"generatePieceSequence","decl":{"start":{"line":113,"column":9},"end":{"line":113,"column":30}},"loc":{"start":{"line":113,"column":52},"end":{"line":116,"column":1}},"line":113},"5":{"name":"(anonymous_5)","decl":{"start":{"line":115,"column":32},"end":{"line":115,"column":33}},"loc":{"start":{"line":115,"column":38},"end":{"line":115,"column":76}},"line":115}},"branchMap":{"0":{"loc":{"start":{"line":113,"column":37},"end":{"line":113,"column":50}},"type":"default-arg","locations":[{"start":{"line":113,"column":46},"end":{"line":113,"column":50}}],"line":113}},"s":{"0":4,"1":4,"2":88,"3":88,"4":270,"5":88,"6":88,"7":39,"8":39,"9":25865,"10":25865,"11":25865,"12":25865,"13":33,"14":33,"15":25705,"16":4},"f":{"0":88,"1":270,"2":39,"3":25865,"4":33,"5":25705},"b":{"0":[1]},"_coverageSchema":"1a1c01bbd47fc00a2c39e90264f33305004495a9","hash":"5ca61ca6bfe2abb8eae8b1c592ecb03a223e3de5"}
,"/home/skk/Desktop/tetris_client/backend/src/game/Player.js": {"path":"/home/skk/Desktop/tetris_client/backend/src/game/Player.js","statementMap":{"0":{"start":{"line":3,"column":23},"end":{"line":3,"column":41}},"1":{"start":{"line":4,"column":24},"end":{"line":4,"column":42}},"2":{"start":{"line":16,"column":4},"end":{"line":16,"column":28}},"3":{"start":{"line":17,"column":4},"end":{"line":17,"column":20}},"4":{"start":{"line":20,"column":4},"end":{"line":20,"column":23}},"5":{"start":{"line":23,"column":4},"end":{"line":23,"column":22}},"6":{"start":{"line":24,"column":4},"end":{"line":24,"column":28}},"7":{"start":{"line":25,"column":4},"end":{"line":25,"column":28}},"8":{"start":{"line":26,"column":4},"end":{"line":26,"column":25}},"9":{"start":{"line":27,"column":4},"end":{"line":27,"column":23}},"10":{"start":{"line":28,"column":4},"end":{"line":28,"column":18}},"11":{"start":{"line":29,"column":4},"end":{"line":29,"column":18}},"12":{"start":{"line":30,"column":4},"end":{"line":30,"column":25}},"13":{"start":{"line":31,"column":4},"end":{"line":31,"column":27}},"14":{"start":{"line":32,"column":4},"end":{"line":32,"column":25}},"15":{"start":{"line":35,"column":4},"end":{"line":35,"column":41}},"16":{"start":{"line":44,"column":16},"end":{"line":44,"column":36}},"17":{"start":{"line":45,"column":4},"end":{"line":53,"column":5}},"18":{"start":{"line":47,"column":6},"end":{"line":47,"column":77}},"19":{"start":{"line":48,"column":6},"end":{"line":48,"column":74}},"20":{"start":{"line":51,"column":6},"end":{"line":51,"column":40}},"21":{"start":{"line":52,"column":6},"end":{"line":52,"column":74}},"22":{"start":{"line":60,"column":4},"end":{"line":72,"column":5}},"23":{"start":{"line":76,"column":0},"end":{"line":76,"column":23}}},"fnMap":{"0":{"name":"(anonymous_0)","decl":{"start":{"line":15,"column":2},"end":{"line":15,"column":3}},"loc":{"start":{"line":15,"column":30},"end":{"line":36,"column":3}},"line":15},"1":{"name":"(anonymous_1)","decl":{"start":{"line":43,"column":2},"end":{"line":43,"column":3}},"loc":{"start":{"line":43,"column":28},"end":{"line":54,"column":3}},"line":43},"2":{"name":"(anonymous_2)","decl":{"start":{"line":59,"column":2},"end":{"line":59,"column":3}},"loc":{"start":{"line":59,"column":11},"end":{"line":73,"column":3}},"line":59}},"branchMap":{"0":{"loc":{"start":{"line":45,"column":4},"end":{"line":53,"column":5}},"type":"if","locations":[{"start":{"line":45,"column":4},"end":{"line":53,"column":5}},{"start":{"line":49,"column":11},"end":{"line":53,"column":5}}],"line":45}},"s":{"0":3,"1":3,"2":74,"3":74,"4":74,"5":74,"6":74,"7":74,"8":74,"9":74,"10":74,"11":74,"12":74,"13":74,"14":74,"15":74,"16":41,"17":41,"18":33,"19":33,"20":8,"21":8,"22":101,"23":3},"f":{"0":74,"1":41,"2":101},"b":{"0":[33,8]},"_coverageSchema":"1a1c01bbd47fc00a2c39e90264f33305004495a9","hash":"2a5c3177047860edc68ec379b37900c9d7a50676"}
,"/home/skk/Desktop/tetris_client/backend/src/game/logic.js": {"path":"/home/skk/Desktop/tetris_client/backend/src/game/logic.js","statementMap":{"0":{"start":{"line":3,"column":18},"end":{"line":3,"column":20}},"1":{"start":{"line":4,"column":18},"end":{"line":4,"column":20}},"2":{"start":{"line":13,"column":2},"end":{"line":13,"column":78}},"3":{"start":{"line":13,"column":49},"end":{"line":13,"column":77}},"4":{"start":{"line":27,"column":2},"end":{"line":36,"column":3}},"5":{"start":{"line":27,"column":17},"end":{"line":27,"column":18}},"6":{"start":{"line":28,"column":4},"end":{"line":35,"column":5}},"7":{"start":{"line":28,"column":19},"end":{"line":28,"column":20}},"8":{"start":{"line":29,"column":6},"end":{"line":29,"column":41}},"9":{"start":{"line":29,"column":33},"end":{"line":29,"column":41}},"10":{"start":{"line":30,"column":22},"end":{"line":30,"column":29}},"11":{"start":{"line":31,"column":22},"end":{"line":31,"column":29}},"12":{"start":{"line":32,"column":6},"end":{"line":32,"column":59}},"13":{"start":{"line":32,"column":47},"end":{"line":32,"column":59}},"14":{"start":{"line":33,"column":6},"end":{"line":33,"column":59}},"15":{"start":{"line":33,"column":47},"end":{"line":33,"column":59}},"16":{"start":{"line":34,"column":6},"end":{"line":34,"column":52}},"17":{"start":{"line":34,"column":40},"end":{"line":34,"column":52}},"18":{"start":{"line":37,"column":2},"end":{"line":37,"column":13}},"19":{"start":{"line":49,"column":15},"end":{"line":49,"column":27}},"20":{"start":{"line":50,"column":15},"end":{"line":50,"column":30}},"21":{"start":{"line":51,"column":18},"end":{"line":51,"column":77}},"22":{"start":{"line":51,"column":53},"end":{"line":51,"column":76}},"23":{"start":{"line":52,"column":2},"end":{"line":56,"column":3}},"24":{"start":{"line":52,"column":17},"end":{"line":52,"column":18}},"25":{"start":{"line":53,"column":4},"end":{"line":55,"column":5}},"26":{"start":{"line":53,"column":19},"end":{"line":53,"column":20}},"27":{"start":{"line":54,"column":6},"end":{"line":54,"column":52}},"28":{"start":{"line":57,"column":2},"end":{"line":57,"column":16}},"29":{"start":{"line":69,"column":18},"end":{"line":69,"column":47}},"30":{"start":{"line":70,"column":16},"end":{"line":70,"column":33}},"31":{"start":{"line":71,"column":2},"end":{"line":75,"column":3}},"32":{"start":{"line":72,"column":4},"end":{"line":74,"column":5}},"33":{"start":{"line":73,"column":6},"end":{"line":73,"column":58}},"34":{"start":{"line":76,"column":2},"end":{"line":76,"column":14}},"35":{"start":{"line":90,"column":15},"end":{"line":90,"column":27}},"36":{"start":{"line":91,"column":15},"end":{"line":91,"column":27}},"37":{"start":{"line":92,"column":2},"end":{"line":94,"column":3}},"38":{"start":{"line":93,"column":4},"end":{"line":93,"column":41}},"39":{"start":{"line":95,"column":2},"end":{"line":95,"column":13}},"40":{"start":{"line":105,"column":10},"end":{"line":105,"column":17}},"41":{"start":{"line":106,"column":2},"end":{"line":108,"column":3}},"42":{"start":{"line":107,"column":4},"end":{"line":107,"column":7}},"43":{"start":{"line":109,"column":2},"end":{"line":109,"column":24}},"44":{"start":{"line":121,"column":18},"end":{"line":121,"column":45}},"45":{"start":{"line":121,"column":36},"end":{"line":121,"column":44}},"46":{"start":{"line":122,"column":2},"end":{"line":131,"column":3}},"47":{"start":{"line":122,"column":17},"end":{"line":122,"column":18}},"48":{"start":{"line":123,"column":4},"end":{"line":130,"column":5}},"49":{"start":{"line":123,"column":19},"end":{"line":123,"column":20}},"50":{"start":{"line":124,"column":6},"end":{"line":124,"column":47}},"51":{"start":{"line":124,"column":39},"end":{"line":124,"column":47}},"52":{"start":{"line":125,"column":22},"end":{"line":125,"column":35}},"53":{"start":{"line":126,"column":22},"end":{"line":126,"column":35}},"54":{"start":{"line":127,"column":6},"end":{"line":129,"column":7}},"55":{"start":{"line":128,"column":8},"end":{"line":128,"column":57}},"56":{"start":{"line":132,"column":2},"end":{"line":132,"column":16}},"57":{"start":{"line":142,"column":20},"end":{"line":142,"column":72}},"58":{"start":{"line":142,"column":41},"end":{"line":142,"column":71}},"59":{"start":{"line":142,"column":60},"end":{"line":142,"column":70}},"60":{"start":{"line":143,"column":23},"end":{"line":143,"column":51}},"61":{"start":{"line":144,"column":20},"end":{"line":144,"column":92}},"62":{"start":{"line":144,"column":63},"end":{"line":144,"column":91}},"63":{"start":{"line":145,"column":2},"end":{"line":145,"column":64}},"64":{"start":{"line":158,"column":2},"end":{"line":158,"column":29}},"65":{"start":{"line":158,"column":18},"end":{"line":158,"column":29}},"66":{"start":{"line":159,"column":18},"end":{"line":163,"column":4}},"67":{"start":{"line":160,"column":16},"end":{"line":160,"column":44}},"68":{"start":{"line":161,"column":4},"end":{"line":161,"column":50}},"69":{"start":{"line":162,"column":4},"end":{"line":162,"column":14}},"70":{"start":{"line":164,"column":2},"end":{"line":164,"column":43}},"71":{"start":{"line":176,"column":2},"end":{"line":181,"column":4}},"72":{"start":{"line":177,"column":4},"end":{"line":179,"column":5}},"73":{"start":{"line":177,"column":19},"end":{"line":177,"column":20}},"74":{"start":{"line":178,"column":6},"end":{"line":178,"column":54}},"75":{"start":{"line":178,"column":32},"end":{"line":178,"column":54}},"76":{"start":{"line":180,"column":4},"end":{"line":180,"column":12}},"77":{"start":{"line":193,"column":2},"end":{"line":193,"column":43}},"78":{"start":{"line":193,"column":32},"end":{"line":193,"column":42}},"79":{"start":{"line":205,"column":15},"end":{"line":205,"column":38}},"80":{"start":{"line":206,"column":2},"end":{"line":206,"column":48}},"81":{"start":{"line":215,"column":2},"end":{"line":215,"column":36}},"82":{"start":{"line":224,"column":17},"end":{"line":224,"column":71}},"83":{"start":{"line":225,"column":2},"end":{"line":225,"column":51}},"84":{"start":{"line":228,"column":0},"end":{"line":245,"column":1}}},"fnMap":{"0":{"name":"createGrid","decl":{"start":{"line":12,"column":9},"end":{"line":12,"column":19}},"loc":{"start":{"line":12,"column":22},"end":{"line":14,"column":1}},"line":12},"1":{"name":"(anonymous_1)","decl":{"start":{"line":13,"column":43},"end":{"line":13,"column":44}},"loc":{"start":{"line":13,"column":49},"end":{"line":13,"column":77}},"line":13},"2":{"name":"isValidPosition","decl":{"start":{"line":26,"column":9},"end":{"line":26,"column":24}},"loc":{"start":{"line":26,"column":44},"end":{"line":38,"column":1}},"line":26},"3":{"name":"rotatePieceShape","decl":{"start":{"line":48,"column":9},"end":{"line":48,"column":25}},"loc":{"start":{"line":48,"column":33},"end":{"line":58,"column":1}},"line":48},"4":{"name":"(anonymous_4)","decl":{"start":{"line":51,"column":47},"end":{"line":51,"column":48}},"loc":{"start":{"line":51,"column":53},"end":{"line":51,"column":76}},"line":51},"5":{"name":"rotatePiece","decl":{"start":{"line":68,"column":9},"end":{"line":68,"column":20}},"loc":{"start":{"line":68,"column":34},"end":{"line":77,"column":1}},"line":68},"6":{"name":"movePiece","decl":{"start":{"line":89,"column":9},"end":{"line":89,"column":18}},"loc":{"start":{"line":89,"column":40},"end":{"line":96,"column":1}},"line":89},"7":{"name":"hardDrop","decl":{"start":{"line":104,"column":9},"end":{"line":104,"column":17}},"loc":{"start":{"line":104,"column":31},"end":{"line":110,"column":1}},"line":104},"8":{"name":"lockPiece","decl":{"start":{"line":120,"column":9},"end":{"line":120,"column":18}},"loc":{"start":{"line":120,"column":32},"end":{"line":133,"column":1}},"line":120},"9":{"name":"(anonymous_9)","decl":{"start":{"line":121,"column":27},"end":{"line":121,"column":28}},"loc":{"start":{"line":121,"column":36},"end":{"line":121,"column":44}},"line":121},"10":{"name":"clearLines","decl":{"start":{"line":141,"column":9},"end":{"line":141,"column":19}},"loc":{"start":{"line":141,"column":26},"end":{"line":146,"column":1}},"line":141},"11":{"name":"(anonymous_11)","decl":{"start":{"line":142,"column":32},"end":{"line":142,"column":33}},"loc":{"start":{"line":142,"column":41},"end":{"line":142,"column":71}},"line":142},"12":{"name":"(anonymous_12)","decl":{"start":{"line":142,"column":50},"end":{"line":142,"column":51}},"loc":{"start":{"line":142,"column":60},"end":{"line":142,"column":70}},"line":142},"13":{"name":"(anonymous_13)","decl":{"start":{"line":144,"column":57},"end":{"line":144,"column":58}},"loc":{"start":{"line":144,"column":63},"end":{"line":144,"column":91}},"line":144},"14":{"name":"addGarbageLines","decl":{"start":{"line":157,"column":9},"end":{"line":157,"column":24}},"loc":{"start":{"line":157,"column":38},"end":{"line":165,"column":1}},"line":157},"15":{"name":"(anonymous_15)","decl":{"start":{"line":159,"column":48},"end":{"line":159,"column":49}},"loc":{"start":{"line":159,"column":54},"end":{"line":163,"column":3}},"line":159},"16":{"name":"getSpectrum","decl":{"start":{"line":175,"column":9},"end":{"line":175,"column":20}},"loc":{"start":{"line":175,"column":27},"end":{"line":182,"column":1}},"line":175},"17":{"name":"(anonymous_17)","decl":{"start":{"line":176,"column":43},"end":{"line":176,"column":44}},"loc":{"start":{"line":176,"column":55},"end":{"line":181,"column":3}},"line":176},"18":{"name":"isGameOver","decl":{"start":{"line":192,"column":9},"end":{"line":192,"column":19}},"loc":{"start":{"line":192,"column":26},"end":{"line":194,"column":1}},"line":192},"19":{"name":"(anonymous_19)","decl":{"start":{"line":193,"column":22},"end":{"line":193,"column":23}},"loc":{"start":{"line":193,"column":32},"end":{"line":193,"column":42}},"line":193},"20":{"name":"calculateScore","decl":{"start":{"line":204,"column":9},"end":{"line":204,"column":23}},"loc":{"start":{"line":204,"column":45},"end":{"line":207,"column":1}},"line":204},"21":{"name":"calculateLevel","decl":{"start":{"line":214,"column":9},"end":{"line":214,"column":23}},"loc":{"start":{"line":214,"column":36},"end":{"line":216,"column":1}},"line":214},"22":{"name":"calculateGravityDelay","decl":{"start":{"line":223,"column":9},"end":{"line":223,"column":30}},"loc":{"start":{"line":223,"column":38},"end":{"line":226,"column":1}},"line":223}},"branchMap":{"0":{"loc":{"start":{"line":29,"column":6},"end":{"line":29,"column":41}},"type":"if","locations":[{"start":{"line":29,"column":6},"end":{"line":29,"column":41}},{"start":{},"end":{}}],"line":29},"1":{"loc":{"start":{"line":32,"column":6},"end":{"line":32,"column":59}},"type":"if","locations":[{"start":{"line":32,"column":6},"end":{"line":32,"column":59}},{"start":{},"end":{}}],"line":32},"2":{"loc":{"start":{"line":32,"column":10},"end":{"line":32,"column":45}},"type":"binary-expr","locations":[{"start":{"line":32,"column":10},"end":{"line":32,"column":21}},{"start":{"line":32,"column":25},"end":{"line":32,"column":45}}],"line":32},"3":{"loc":{"start":{"line":33,"column":6},"end":{"line":33,"column":59}},"type":"if","locations":[{"start":{"line":33,"column":6},"end":{"line":33,"column":59}},{"start":{},"end":{}}],"line":33},"4":{"loc":{"start":{"line":33,"column":10},"end":{"line":33,"column":45}},"type":"binary-expr","locations":[{"start":{"line":33,"column":10},"end":{"line":33,"column":21}},{"start":{"line":33,"column":25},"end":{"line":33,"column":45}}],"line":33},"5":{"loc":{"start":{"line":34,"column":6},"end":{"line":34,"column":52}},"type":"if","locations":[{"start":{"line":34,"column":6},"end":{"line":34,"column":52}},{"start":{},"end":{}}],"line":34},"6":{"loc":{"start":{"line":72,"column":4},"end":{"line":74,"column":5}},"type":"if","locations":[{"start":{"line":72,"column":4},"end":{"line":74,"column":5}},{"start":{},"end":{}}],"line":72},"7":{"loc":{"start":{"line":92,"column":2},"end":{"line":94,"column":3}},"type":"if","locations":[{"start":{"line":92,"column":2},"end":{"line":94,"column":3}},{"start":{},"end":{}}],"line":92},"8":{"loc":{"start":{"line":124,"column":6},"end":{"line":124,"column":47}},"type":"if","locations":[{"start":{"line":124,"column":6},"end":{"line":124,"column":47}},{"start":{},"end":{}}],"line":124},"9":{"loc":{"start":{"line":127,"column":6},"end":{"line":129,"column":7}},"type":"if","locations":[{"start":{"line":127,"column":6},"end":{"line":129,"column":7}},{"start":{},"end":{}}],"line":127},"10":{"loc":{"start":{"line":127,"column":10},"end":{"line":127,"column":84}},"type":"binary-expr","locations":[{"start":{"line":127,"column":10},"end":{"line":127,"column":22}},{"start":{"line":127,"column":26},"end":{"line":127,"column":45}},{"start":{"line":127,"column":49},"end":{"line":127,"column":61}},{"start":{"line":127,"column":65},"end":{"line":127,"column":84}}],"line":127},"11":{"loc":{"start":{"line":158,"column":2},"end":{"line":158,"column":29}},"type":"if","locations":[{"start":{"line":158,"column":2},"end":{"line":158,"column":29}},{"start":{},"end":{}}],"line":158},"12":{"loc":{"start":{"line":178,"column":6},"end":{"line":178,"column":54}},"type":"if","locations":[{"start":{"line":178,"column":6},"end":{"line":178,"column":54}},{"start":{},"end":{}}],"line":178},"13":{"loc":{"start":{"line":206,"column":10},"end":{"line":206,"column":33}},"type":"binary-expr","locations":[{"start":{"line":206,"column":10},"end":{"line":206,"column":28}},{"start":{"line":206,"column":32},"end":{"line":206,"column":33}}],"line":206}},"s":{"0":4,"1":4,"2":138,"3":2760,"4":121,"5":121,"6":258,"7":258,"8":635,"9":252,"10":383,"11":383,"12":383,"13":5,"14":378,"15":4,"16":374,"17":9,"18":103,"19":13,"20":13,"21":13,"22":40,"23":13,"24":13,"25":38,"26":38,"27":122,"28":13,"29":5,"30":5,"31":5,"32":10,"33":4,"34":1,"35":10,"36":10,"37":10,"38":8,"39":2,"40":5,"41":5,"42":86,"43":5,"44":6,"45":120,"46":6,"47":6,"48":15,"49":15,"50":43,"51":24,"52":19,"53":19,"54":19,"55":19,"56":6,"57":9,"58":180,"59":369,"60":9,"61":9,"62":20,"63":9,"64":4,"65":1,"66":3,"67":6,"68":6,"69":6,"70":3,"71":6,"72":60,"73":60,"74":1175,"75":14,"76":46,"77":6,"78":56,"79":6,"80":6,"81":5,"82":23,"83":23,"84":4},"f":{"0":138,"1":2760,"2":121,"3":13,"4":40,"5":5,"6":10,"7":5,"8":6,"9":120,"10":9,"11":180,"12":369,"13":20,"14":4,"15":6,"16":6,"17":60,"18":6,"19":56,"20":6,"21":5,"22":23},"b":{"0":[252,383],"1":[5,378],"2":[383,383],"3":[4,374],"4":[378,376],"5":[9,365],"6":[4,6],"7":[8,2],"8":[24,19],"9":[19,0],"10":[19,19,19,19],"11":[1,3],"12":[14,1161],"13":[6,0]},"_coverageSchema":"1a1c01bbd47fc00a2c39e90264f33305004495a9","hash":"ac9ff58588b3fad4095717938bdb1da4b672e9b9"}
,"/home/skk/Desktop/tetris_client/backend/src/persistence/scoresStore.js": {"path":"/home/skk/Desktop/tetris_client/backend/src/persistence/scoresStore.js","statementMap":{"0":{"start":{"line":3,"column":11},"end":{"line":3,"column":24}},"1":{"start":{"line":4,"column":12},"end":{"line":4,"column":34}},"2":{"start":{"line":5,"column":13},"end":{"line":5,"column":28}},"3":{"start":{"line":7,"column":14},"end":{"line":7,"column":16}},"4":{"start":{"line":8,"column":21},"end":{"line":8,"column":70}},"5":{"start":{"line":11,"column":13},"end":{"line":11,"column":15}},"6":{"start":{"line":12,"column":19},"end":{"line":12,"column":36}},"7":{"start":{"line":14,"column":2},"end":{"line":26,"column":3}},"8":{"start":{"line":15,"column":4},"end":{"line":15,"column":61}},"9":{"start":{"line":16,"column":4},"end":{"line":22,"column":5}},"10":{"start":{"line":17,"column":18},"end":{"line":17,"column":51}},"11":{"start":{"line":18,"column":21},"end":{"line":18,"column":36}},"12":{"start":{"line":19,"column":6},"end":{"line":21,"column":7}},"13":{"start":{"line":20,"column":8},"end":{"line":20,"column":21}},"14":{"start":{"line":24,"column":4},"end":{"line":24,"column":84}},"15":{"start":{"line":25,"column":4},"end":{"line":25,"column":13}},"16":{"start":{"line":28,"column":18},"end":{"line":40,"column":3}},"17":{"start":{"line":29,"column":21},"end":{"line":29,"column":50}},"18":{"start":{"line":30,"column":4},"end":{"line":38,"column":6}},"19":{"start":{"line":31,"column":18},"end":{"line":31,"column":50}},"20":{"start":{"line":32,"column":6},"end":{"line":37,"column":7}},"21":{"start":{"line":33,"column":8},"end":{"line":33,"column":50}},"22":{"start":{"line":34,"column":8},"end":{"line":34,"column":39}},"23":{"start":{"line":36,"column":8},"end":{"line":36,"column":73}},"24":{"start":{"line":39,"column":4},"end":{"line":39,"column":21}},"25":{"start":{"line":42,"column":22},"end":{"line":45,"column":22}},"26":{"start":{"line":43,"column":4},"end":{"line":45,"column":22}},"27":{"start":{"line":44,"column":22},"end":{"line":44,"column":74}},"28":{"start":{"line":47,"column":2},"end":{"line":79,"column":3}},"29":{"start":{"line":49,"column":6},"end":{"line":49,"column":50}},"30":{"start":{"line":53,"column":6},"end":{"line":55,"column":7}},"31":{"start":{"line":54,"column":8},"end":{"line":54,"column":52}},"32":{"start":{"line":56,"column":22},"end":{"line":64,"column":11}},"33":{"start":{"line":57,"column":23},"end":{"line":57,"column":97}},"34":{"start":{"line":58,"column":21},"end":{"line":64,"column":9}},"35":{"start":{"line":66,"column":6},"end":{"line":68,"column":7}},"36":{"start":{"line":67,"column":8},"end":{"line":67,"column":52}},"37":{"start":{"line":70,"column":21},"end":{"line":70,"column":71}},"38":{"start":{"line":71,"column":6},"end":{"line":71,"column":27}},"39":{"start":{"line":72,"column":6},"end":{"line":72,"column":15}},"40":{"start":{"line":73,"column":6},"end":{"line":73,"column":24}},"41":{"start":{"line":77,"column":6},"end":{"line":77,"column":23}},"42":{"start":{"line":82,"column":0},"end":{"line":82,"column":38}}},"fnMap":{"0":{"name":"createScoresStore","decl":{"start":{"line":10,"column":9},"end":{"line":10,"column":26}},"loc":{"start":{"line":10,"column":88},"end":{"line":80,"column":1}},"line":10},"1":{"name":"(anonymous_1)","decl":{"start":{"line":28,"column":18},"end":{"line":28,"column":19}},"loc":{"start":{"line":28,"column":24},"end":{"line":40,"column":3}},"line":28},"2":{"name":"(anonymous_2)","decl":{"start":{"line":30,"column":33},"end":{"line":30,"column":34}},"loc":{"start":{"line":30,"column":45},"end":{"line":38,"column":5}},"line":30},"3":{"name":"(anonymous_3)","decl":{"start":{"line":42,"column":22},"end":{"line":42,"column":23}},"loc":{"start":{"line":43,"column":4},"end":{"line":45,"column":22}},"line":43},"4":{"name":"(anonymous_4)","decl":{"start":{"line":44,"column":12},"end":{"line":44,"column":13}},"loc":{"start":{"line":44,"column":22},"end":{"line":44,"column":74}},"line":44},"5":{"name":"(anonymous_5)","decl":{"start":{"line":48,"column":4},"end":{"line":48,"column":5}},"loc":{"start":{"line":48,"column":22},"end":{"line":50,"column":5}},"line":48},"6":{"name":"(anonymous_6)","decl":{"start":{"line":52,"column":4},"end":{"line":52,"column":5}},"loc":{"start":{"line":52,"column":31},"end":{"line":74,"column":5}},"line":52},"7":{"name":"(anonymous_7)","decl":{"start":{"line":57,"column":16},"end":{"line":57,"column":17}},"loc":{"start":{"line":57,"column":23},"end":{"line":57,"column":97}},"line":57},"8":{"name":"(anonymous_8)","decl":{"start":{"line":58,"column":13},"end":{"line":58,"column":14}},"loc":{"start":{"line":58,"column":21},"end":{"line":64,"column":9}},"line":58},"9":{"name":"(anonymous_9)","decl":{"start":{"line":76,"column":4},"end":{"line":76,"column":5}},"loc":{"start":{"line":76,"column":13},"end":{"line":78,"column":5}},"line":76}},"branchMap":{"0":{"loc":{"start":{"line":10,"column":27},"end":{"line":10,"column":86}},"type":"default-arg","locations":[{"start":{"line":10,"column":84},"end":{"line":10,"column":86}}],"line":10},"1":{"loc":{"start":{"line":10,"column":29},"end":{"line":10,"column":79}},"type":"default-arg","locations":[{"start":{"line":10,"column":40},"end":{"line":10,"column":79}}],"line":10},"2":{"loc":{"start":{"line":10,"column":40},"end":{"line":10,"column":79}},"type":"binary-expr","locations":[{"start":{"line":10,"column":40},"end":{"line":10,"column":63}},{"start":{"line":10,"column":67},"end":{"line":10,"column":79}}],"line":10},"3":{"loc":{"start":{"line":16,"column":4},"end":{"line":22,"column":5}},"type":"if","locations":[{"start":{"line":16,"column":4},"end":{"line":22,"column":5}},{"start":{},"end":{}}],"line":16},"4":{"loc":{"start":{"line":19,"column":6},"end":{"line":21,"column":7}},"type":"if","locations":[{"start":{"line":19,"column":6},"end":{"line":21,"column":7}},{"start":{},"end":{}}],"line":19},"5":{"loc":{"start":{"line":19,"column":10},"end":{"line":19,"column":72}},"type":"binary-expr","locations":[{"start":{"line":19,"column":10},"end":{"line":19,"column":16}},{"start":{"line":19,"column":20},"end":{"line":19,"column":46}},{"start":{"line":19,"column":50},"end":{"line":19,"column":72}}],"line":19},"6":{"loc":{"start":{"line":44,"column":22},"end":{"line":44,"column":74}},"type":"binary-expr","locations":[{"start":{"line":44,"column":22},"end":{"line":44,"column":39}},{"start":{"line":44,"column":43},"end":{"line":44,"column":74}}],"line":44},"7":{"loc":{"start":{"line":49,"column":13},"end":{"line":49,"column":50}},"type":"cond-expr","locations":[{"start":{"line":49,"column":28},"end":{"line":49,"column":45}},{"start":{"line":49,"column":48},"end":{"line":49,"column":50}}],"line":49},"8":{"loc":{"start":{"line":53,"column":6},"end":{"line":55,"column":7}},"type":"if","locations":[{"start":{"line":53,"column":6},"end":{"line":55,"column":7}},{"start":{},"end":{}}],"line":53},"9":{"loc":{"start":{"line":53,"column":10},"end":{"line":53,"column":68}},"type":"binary-expr","locations":[{"start":{"line":53,"column":10},"end":{"line":53,"column":17}},{"start":{"line":53,"column":21},"end":{"line":53,"column":44}},{"start":{"line":53,"column":48},"end":{"line":53,"column":68}}],"line":53},"10":{"loc":{"start":{"line":54,"column":15},"end":{"line":54,"column":52}},"type":"cond-expr","locations":[{"start":{"line":54,"column":30},"end":{"line":54,"column":47}},{"start":{"line":54,"column":50},"end":{"line":54,"column":52}}],"line":54},"11":{"loc":{"start":{"line":57,"column":23},"end":{"line":57,"column":97}},"type":"binary-expr","locations":[{"start":{"line":57,"column":23},"end":{"line":57,"column":24}},{"start":{"line":57,"column":28},"end":{"line":57,"column":54}},{"start":{"line":57,"column":58},"end":{"line":57,"column":82}},{"start":{"line":57,"column":86},"end":{"line":57,"column":97}}],"line":57},"12":{"loc":{"start":{"line":61,"column":28},"end":{"line":61,"column":40}},"type":"binary-expr","locations":[{"start":{"line":61,"column":28},"end":{"line":61,"column":35}},{"start":{"line":61,"column":39},"end":{"line":61,"column":40}}],"line":61},"13":{"loc":{"start":{"line":62,"column":35},"end":{"line":62,"column":54}},"type":"binary-expr","locations":[{"start":{"line":62,"column":35},"end":{"line":62,"column":49}},{"start":{"line":62,"column":53},"end":{"line":62,"column":54}}],"line":62},"14":{"loc":{"start":{"line":63,"column":22},"end":{"line":63,"column":62}},"type":"binary-expr","locations":[{"start":{"line":63,"column":22},"end":{"line":63,"column":34}},{"start":{"line":63,"column":38},"end":{"line":63,"column":62}}],"line":63},"15":{"loc":{"start":{"line":66,"column":6},"end":{"line":68,"column":7}},"type":"if","locations":[{"start":{"line":66,"column":6},"end":{"line":68,"column":7}},{"start":{},"end":{}}],"line":66},"16":{"loc":{"start":{"line":67,"column":15},"end":{"line":67,"column":52}},"type":"cond-expr","locations":[{"start":{"line":67,"column":30},"end":{"line":67,"column":47}},{"start":{"line":67,"column":50},"end":{"line":67,"column":52}}],"line":67},"17":{"loc":{"start":{"line":70,"column":38},"end":{"line":70,"column":56}},"type":"binary-expr","locations":[{"start":{"line":70,"column":38},"end":{"line":70,"column":50}},{"start":{"line":70,"column":54},"end":{"line":70,"column":56}}],"line":70}},"s":{"0":0,"1":0,"2":0,"3":0,"4":0,"5":0,"6":0,"7":0,"8":0,"9":0,"10":0,"11":0,"12":0,"13":0,"14":0,"15":0,"16":0,"17":0,"18":0,"19":0,"20":0,"21":0,"22":0,"23":0,"24":0,"25":0,"26":0,"27":0,"28":0,"29":0,"30":0,"31":0,"32":0,"33":0,"34":0,"35":0,"36":0,"37":0,"38":0,"39":0,"40":0,"41":0,"42":0},"f":{"0":0,"1":0,"2":0,"3":0,"4":0,"5":0,"6":0,"7":0,"8":0,"9":0},"b":{"0":[0],"1":[0],"2":[0,0],"3":[0,0],"4":[0,0],"5":[0,0,0],"6":[0,0],"7":[0,0],"8":[0,0],"9":[0,0,0],"10":[0,0],"11":[0,0,0,0],"12":[0,0],"13":[0,0],"14":[0,0],"15":[0,0],"16":[0,0],"17":[0,0]}}
,"/home/skk/Desktop/tetris_client/backend/src/sockets/gameHandler.js": {"path":"/home/skk/Desktop/tetris_client/backend/src/sockets/gameHandler.js","statementMap":{"0":{"start":{"line":3,"column":17},"end":{"line":3,"column":40}},"1":{"start":{"line":14,"column":22},"end":{"line":14,"column":56}},"2":{"start":{"line":14,"column":28},"end":{"line":14,"column":56}},"3":{"start":{"line":18,"column":2},"end":{"line":72,"column":4}},"4":{"start":{"line":19,"column":4},"end":{"line":22,"column":5}},"5":{"start":{"line":20,"column":6},"end":{"line":20,"column":77}},"6":{"start":{"line":21,"column":6},"end":{"line":21,"column":12}},"7":{"start":{"line":25,"column":23},"end":{"line":25,"column":50}},"8":{"start":{"line":26,"column":21},"end":{"line":26,"column":52}},"9":{"start":{"line":29,"column":4},"end":{"line":31,"column":5}},"10":{"start":{"line":30,"column":6},"end":{"line":30,"column":66}},"11":{"start":{"line":33,"column":17},"end":{"line":33,"column":38}},"12":{"start":{"line":36,"column":21},"end":{"line":36,"column":80}},"13":{"start":{"line":36,"column":60},"end":{"line":36,"column":79}},"14":{"start":{"line":37,"column":4},"end":{"line":51,"column":5}},"15":{"start":{"line":38,"column":6},"end":{"line":42,"column":7}},"16":{"start":{"line":39,"column":8},"end":{"line":39,"column":46}},"17":{"start":{"line":40,"column":8},"end":{"line":40,"column":37}},"18":{"start":{"line":41,"column":8},"end":{"line":41,"column":45}},"19":{"start":{"line":43,"column":6},"end":{"line":43,"column":29}},"20":{"start":{"line":44,"column":6},"end":{"line":44,"column":36}},"21":{"start":{"line":45,"column":6},"end":{"line":49,"column":8}},"22":{"start":{"line":48,"column":55},"end":{"line":48,"column":65}},"23":{"start":{"line":50,"column":6},"end":{"line":50,"column":12}},"24":{"start":{"line":54,"column":4},"end":{"line":57,"column":5}},"25":{"start":{"line":55,"column":6},"end":{"line":55,"column":67}},"26":{"start":{"line":56,"column":6},"end":{"line":56,"column":12}},"27":{"start":{"line":59,"column":19},"end":{"line":59,"column":54}},"28":{"start":{"line":60,"column":4},"end":{"line":60,"column":27}},"29":{"start":{"line":61,"column":4},"end":{"line":61,"column":34}},"30":{"start":{"line":64,"column":4},"end":{"line":68,"column":6}},"31":{"start":{"line":67,"column":53},"end":{"line":67,"column":63}},"32":{"start":{"line":71,"column":4},"end":{"line":71,"column":76}},"33":{"start":{"line":76,"column":2},"end":{"line":88,"column":4}},"34":{"start":{"line":77,"column":17},"end":{"line":77,"column":30}},"35":{"start":{"line":78,"column":4},"end":{"line":78,"column":21}},"36":{"start":{"line":78,"column":15},"end":{"line":78,"column":21}},"37":{"start":{"line":80,"column":4},"end":{"line":83,"column":5}},"38":{"start":{"line":81,"column":6},"end":{"line":81,"column":75}},"39":{"start":{"line":82,"column":6},"end":{"line":82,"column":12}},"40":{"start":{"line":85,"column":4},"end":{"line":87,"column":6}},"41":{"start":{"line":86,"column":53},"end":{"line":86,"column":63}},"42":{"start":{"line":92,"column":2},"end":{"line":97,"column":4}},"43":{"start":{"line":93,"column":17},"end":{"line":93,"column":30}},"44":{"start":{"line":94,"column":4},"end":{"line":94,"column":50}},"45":{"start":{"line":94,"column":44},"end":{"line":94,"column":50}},"46":{"start":{"line":95,"column":4},"end":{"line":95,"column":62}},"47":{"start":{"line":95,"column":56},"end":{"line":95,"column":62}},"48":{"start":{"line":96,"column":4},"end":{"line":96,"column":41}},"49":{"start":{"line":100,"column":2},"end":{"line":104,"column":4}},"50":{"start":{"line":101,"column":17},"end":{"line":101,"column":30}},"51":{"start":{"line":102,"column":4},"end":{"line":102,"column":50}},"52":{"start":{"line":102,"column":44},"end":{"line":102,"column":50}},"53":{"start":{"line":103,"column":4},"end":{"line":103,"column":32}},"54":{"start":{"line":107,"column":2},"end":{"line":111,"column":4}},"55":{"start":{"line":108,"column":17},"end":{"line":108,"column":30}},"56":{"start":{"line":109,"column":4},"end":{"line":109,"column":50}},"57":{"start":{"line":109,"column":44},"end":{"line":109,"column":50}},"58":{"start":{"line":110,"column":4},"end":{"line":110,"column":30}},"59":{"start":{"line":115,"column":2},"end":{"line":130,"column":4}},"60":{"start":{"line":116,"column":17},"end":{"line":116,"column":30}},"61":{"start":{"line":117,"column":4},"end":{"line":117,"column":21}},"62":{"start":{"line":117,"column":15},"end":{"line":117,"column":21}},"63":{"start":{"line":118,"column":4},"end":{"line":118,"column":42}},"64":{"start":{"line":118,"column":36},"end":{"line":118,"column":42}},"65":{"start":{"line":120,"column":19},"end":{"line":120,"column":46}},"66":{"start":{"line":121,"column":4},"end":{"line":124,"column":5}},"67":{"start":{"line":122,"column":6},"end":{"line":122,"column":77}},"68":{"start":{"line":123,"column":6},"end":{"line":123,"column":12}},"69":{"start":{"line":126,"column":4},"end":{"line":126,"column":16}},"70":{"start":{"line":127,"column":4},"end":{"line":129,"column":6}},"71":{"start":{"line":128,"column":53},"end":{"line":128,"column":63}},"72":{"start":{"line":134,"column":2},"end":{"line":144,"column":4}},"73":{"start":{"line":135,"column":4},"end":{"line":138,"column":5}},"74":{"start":{"line":136,"column":6},"end":{"line":136,"column":72}},"75":{"start":{"line":137,"column":6},"end":{"line":137,"column":12}},"76":{"start":{"line":139,"column":23},"end":{"line":139,"column":50}},"77":{"start":{"line":140,"column":4},"end":{"line":143,"column":6}},"78":{"start":{"line":147,"column":2},"end":{"line":157,"column":4}},"79":{"start":{"line":148,"column":4},"end":{"line":151,"column":5}},"80":{"start":{"line":149,"column":6},"end":{"line":149,"column":79}},"81":{"start":{"line":150,"column":6},"end":{"line":150,"column":12}},"82":{"start":{"line":152,"column":19},"end":{"line":152,"column":57}},"83":{"start":{"line":153,"column":4},"end":{"line":156,"column":6}},"84":{"start":{"line":160,"column":2},"end":{"line":186,"column":4}},"85":{"start":{"line":161,"column":4},"end":{"line":161,"column":52}},"86":{"start":{"line":163,"column":17},"end":{"line":163,"column":30}},"87":{"start":{"line":164,"column":4},"end":{"line":164,"column":21}},"88":{"start":{"line":164,"column":15},"end":{"line":164,"column":21}},"89":{"start":{"line":168,"column":4},"end":{"line":168,"column":42}},"90":{"start":{"line":168,"column":36},"end":{"line":168,"column":42}},"91":{"start":{"line":170,"column":19},"end":{"line":170,"column":47}},"92":{"start":{"line":171,"column":4},"end":{"line":171,"column":23}},"93":{"start":{"line":171,"column":17},"end":{"line":171,"column":23}},"94":{"start":{"line":173,"column":20},"end":{"line":173,"column":76}},"95":{"start":{"line":173,"column":59},"end":{"line":173,"column":67}},"96":{"start":{"line":175,"column":4},"end":{"line":179,"column":6}},"97":{"start":{"line":182,"column":4},"end":{"line":185,"column":5}},"98":{"start":{"line":183,"column":6},"end":{"line":183,"column":17}},"99":{"start":{"line":184,"column":6},"end":{"line":184,"column":37}},"100":{"start":{"line":189,"column":0},"end":{"line":189,"column":34}}},"fnMap":{"0":{"name":"setupGameHandlers","decl":{"start":{"line":12,"column":9},"end":{"line":12,"column":26}},"loc":{"start":{"line":12,"column":66},"end":{"line":187,"column":1}},"line":12},"1":{"name":"(anonymous_1)","decl":{"start":{"line":14,"column":22},"end":{"line":14,"column":23}},"loc":{"start":{"line":14,"column":28},"end":{"line":14,"column":56}},"line":14},"2":{"name":"(anonymous_2)","decl":{"start":{"line":18,"column":25},"end":{"line":18,"column":26}},"loc":{"start":{"line":18,"column":58},"end":{"line":72,"column":3}},"line":18},"3":{"name":"(anonymous_3)","decl":{"start":{"line":36,"column":53},"end":{"line":36,"column":54}},"loc":{"start":{"line":36,"column":60},"end":{"line":36,"column":79}},"line":36},"4":{"name":"(anonymous_4)","decl":{"start":{"line":48,"column":48},"end":{"line":48,"column":49}},"loc":{"start":{"line":48,"column":55},"end":{"line":48,"column":65}},"line":48},"5":{"name":"(anonymous_5)","decl":{"start":{"line":67,"column":46},"end":{"line":67,"column":47}},"loc":{"start":{"line":67,"column":53},"end":{"line":67,"column":63}},"line":67},"6":{"name":"(anonymous_6)","decl":{"start":{"line":76,"column":26},"end":{"line":76,"column":27}},"loc":{"start":{"line":76,"column":32},"end":{"line":88,"column":3}},"line":76},"7":{"name":"(anonymous_7)","decl":{"start":{"line":86,"column":46},"end":{"line":86,"column":47}},"loc":{"start":{"line":86,"column":53},"end":{"line":86,"column":63}},"line":86},"8":{"name":"(anonymous_8)","decl":{"start":{"line":92,"column":20},"end":{"line":92,"column":21}},"loc":{"start":{"line":92,"column":44},"end":{"line":97,"column":3}},"line":92},"9":{"name":"(anonymous_9)","decl":{"start":{"line":100,"column":22},"end":{"line":100,"column":23}},"loc":{"start":{"line":100,"column":28},"end":{"line":104,"column":3}},"line":100},"10":{"name":"(anonymous_10)","decl":{"start":{"line":107,"column":20},"end":{"line":107,"column":21}},"loc":{"start":{"line":107,"column":26},"end":{"line":111,"column":3}},"line":107},"11":{"name":"(anonymous_11)","decl":{"start":{"line":115,"column":28},"end":{"line":115,"column":29}},"loc":{"start":{"line":115,"column":34},"end":{"line":130,"column":3}},"line":115},"12":{"name":"(anonymous_12)","decl":{"start":{"line":128,"column":46},"end":{"line":128,"column":47}},"loc":{"start":{"line":128,"column":53},"end":{"line":128,"column":63}},"line":128},"13":{"name":"(anonymous_13)","decl":{"start":{"line":134,"column":26},"end":{"line":134,"column":27}},"loc":{"start":{"line":134,"column":55},"end":{"line":144,"column":3}},"line":134},"14":{"name":"(anonymous_14)","decl":{"start":{"line":147,"column":26},"end":{"line":147,"column":27}},"loc":{"start":{"line":147,"column":47},"end":{"line":157,"column":3}},"line":147},"15":{"name":"(anonymous_15)","decl":{"start":{"line":160,"column":26},"end":{"line":160,"column":27}},"loc":{"start":{"line":160,"column":32},"end":{"line":186,"column":3}},"line":160},"16":{"name":"(anonymous_16)","decl":{"start":{"line":173,"column":52},"end":{"line":173,"column":53}},"loc":{"start":{"line":173,"column":59},"end":{"line":173,"column":67}},"line":173}},"branchMap":{"0":{"loc":{"start":{"line":12,"column":46},"end":{"line":12,"column":64}},"type":"default-arg","locations":[{"start":{"line":12,"column":60},"end":{"line":12,"column":64}}],"line":12},"1":{"loc":{"start":{"line":18,"column":26},"end":{"line":18,"column":53}},"type":"default-arg","locations":[{"start":{"line":18,"column":51},"end":{"line":18,"column":53}}],"line":18},"2":{"loc":{"start":{"line":19,"column":4},"end":{"line":22,"column":5}},"type":"if","locations":[{"start":{"line":19,"column":4},"end":{"line":22,"column":5}},{"start":{},"end":{}}],"line":19},"3":{"loc":{"start":{"line":19,"column":8},"end":{"line":19,"column":30}},"type":"binary-expr","locations":[{"start":{"line":19,"column":8},"end":{"line":19,"column":15}},{"start":{"line":19,"column":19},"end":{"line":19,"column":30}}],"line":19},"4":{"loc":{"start":{"line":29,"column":4},"end":{"line":31,"column":5}},"type":"if","locations":[{"start":{"line":29,"column":4},"end":{"line":31,"column":5}},{"start":{},"end":{}}],"line":29},"5":{"loc":{"start":{"line":37,"column":4},"end":{"line":51,"column":5}},"type":"if","locations":[{"start":{"line":37,"column":4},"end":{"line":51,"column":5}},{"start":{},"end":{}}],"line":37},"6":{"loc":{"start":{"line":38,"column":6},"end":{"line":42,"column":7}},"type":"if","locations":[{"start":{"line":38,"column":6},"end":{"line":42,"column":7}},{"start":{},"end":{}}],"line":38},"7":{"loc":{"start":{"line":54,"column":4},"end":{"line":57,"column":5}},"type":"if","locations":[{"start":{"line":54,"column":4},"end":{"line":57,"column":5}},{"start":{},"end":{}}],"line":54},"8":{"loc":{"start":{"line":78,"column":4},"end":{"line":78,"column":21}},"type":"if","locations":[{"start":{"line":78,"column":4},"end":{"line":78,"column":21}},{"start":{},"end":{}}],"line":78},"9":{"loc":{"start":{"line":80,"column":4},"end":{"line":83,"column":5}},"type":"if","locations":[{"start":{"line":80,"column":4},"end":{"line":83,"column":5}},{"start":{},"end":{}}],"line":80},"10":{"loc":{"start":{"line":92,"column":21},"end":{"line":92,"column":39}},"type":"default-arg","locations":[{"start":{"line":92,"column":37},"end":{"line":92,"column":39}}],"line":92},"11":{"loc":{"start":{"line":94,"column":4},"end":{"line":94,"column":50}},"type":"if","locations":[{"start":{"line":94,"column":4},"end":{"line":94,"column":50}},{"start":{},"end":{}}],"line":94},"12":{"loc":{"start":{"line":94,"column":8},"end":{"line":94,"column":42}},"type":"binary-expr","locations":[{"start":{"line":94,"column":8},"end":{"line":94,"column":13}},{"start":{"line":94,"column":17},"end":{"line":94,"column":42}}],"line":94},"13":{"loc":{"start":{"line":95,"column":4},"end":{"line":95,"column":62}},"type":"if","locations":[{"start":{"line":95,"column":4},"end":{"line":95,"column":62}},{"start":{},"end":{}}],"line":95},"14":{"loc":{"start":{"line":102,"column":4},"end":{"line":102,"column":50}},"type":"if","locations":[{"start":{"line":102,"column":4},"end":{"line":102,"column":50}},{"start":{},"end":{}}],"line":102},"15":{"loc":{"start":{"line":102,"column":8},"end":{"line":102,"column":42}},"type":"binary-expr","locations":[{"start":{"line":102,"column":8},"end":{"line":102,"column":13}},{"start":{"line":102,"column":17},"end":{"line":102,"column":42}}],"line":102},"16":{"loc":{"start":{"line":109,"column":4},"end":{"line":109,"column":50}},"type":"if","locations":[{"start":{"line":109,"column":4},"end":{"line":109,"column":50}},{"start":{},"end":{}}],"line":109},"17":{"loc":{"start":{"line":109,"column":8},"end":{"line":109,"column":42}},"type":"binary-expr","locations":[{"start":{"line":109,"column":8},"end":{"line":109,"column":13}},{"start":{"line":109,"column":17},"end":{"line":109,"column":42}}],"line":109},"18":{"loc":{"start":{"line":117,"column":4},"end":{"line":117,"column":21}},"type":"if","locations":[{"start":{"line":117,"column":4},"end":{"line":117,"column":21}},{"start":{},"end":{}}],"line":117},"19":{"loc":{"start":{"line":118,"column":4},"end":{"line":118,"column":42}},"type":"if","locations":[{"start":{"line":118,"column":4},"end":{"line":118,"column":42}},{"start":{},"end":{}}],"line":118},"20":{"loc":{"start":{"line":121,"column":4},"end":{"line":124,"column":5}},"type":"if","locations":[{"start":{"line":121,"column":4},"end":{"line":124,"column":5}},{"start":{},"end":{}}],"line":121},"21":{"loc":{"start":{"line":121,"column":8},"end":{"line":121,"column":33}},"type":"binary-expr","locations":[{"start":{"line":121,"column":8},"end":{"line":121,"column":15}},{"start":{"line":121,"column":19},"end":{"line":121,"column":33}}],"line":121},"22":{"loc":{"start":{"line":134,"column":27},"end":{"line":134,"column":50}},"type":"default-arg","locations":[{"start":{"line":134,"column":48},"end":{"line":134,"column":50}}],"line":134},"23":{"loc":{"start":{"line":135,"column":4},"end":{"line":138,"column":5}},"type":"if","locations":[{"start":{"line":135,"column":4},"end":{"line":138,"column":5}},{"start":{},"end":{}}],"line":135},"24":{"loc":{"start":{"line":135,"column":8},"end":{"line":135,"column":31}},"type":"binary-expr","locations":[{"start":{"line":135,"column":8},"end":{"line":135,"column":15}},{"start":{"line":135,"column":19},"end":{"line":135,"column":31}}],"line":135},"25":{"loc":{"start":{"line":136,"column":43},"end":{"line":136,"column":57}},"type":"binary-expr","locations":[{"start":{"line":136,"column":43},"end":{"line":136,"column":49}},{"start":{"line":136,"column":53},"end":{"line":136,"column":57}}],"line":136},"26":{"loc":{"start":{"line":147,"column":27},"end":{"line":147,"column":42}},"type":"default-arg","locations":[{"start":{"line":147,"column":40},"end":{"line":147,"column":42}}],"line":147},"27":{"loc":{"start":{"line":148,"column":4},"end":{"line":151,"column":5}},"type":"if","locations":[{"start":{"line":148,"column":4},"end":{"line":151,"column":5}},{"start":{},"end":{}}],"line":148},"28":{"loc":{"start":{"line":155,"column":13},"end":{"line":155,"column":45}},"type":"cond-expr","locations":[{"start":{"line":155,"column":22},"end":{"line":155,"column":26}},{"start":{"line":155,"column":29},"end":{"line":155,"column":45}}],"line":155},"29":{"loc":{"start":{"line":164,"column":4},"end":{"line":164,"column":21}},"type":"if","locations":[{"start":{"line":164,"column":4},"end":{"line":164,"column":21}},{"start":{},"end":{}}],"line":164},"30":{"loc":{"start":{"line":168,"column":4},"end":{"line":168,"column":42}},"type":"if","locations":[{"start":{"line":168,"column":4},"end":{"line":168,"column":42}},{"start":{},"end":{}}],"line":168},"31":{"loc":{"start":{"line":171,"column":4},"end":{"line":171,"column":23}},"type":"if","locations":[{"start":{"line":171,"column":4},"end":{"line":171,"column":23}},{"start":{},"end":{}}],"line":171},"32":{"loc":{"start":{"line":173,"column":20},"end":{"line":173,"column":76}},"type":"binary-expr","locations":[{"start":{"line":173,"column":20},"end":{"line":173,"column":68}},{"start":{"line":173,"column":72},"end":{"line":173,"column":76}}],"line":173},"33":{"loc":{"start":{"line":178,"column":15},"end":{"line":178,"column":48}},"type":"cond-expr","locations":[{"start":{"line":178,"column":25},"end":{"line":178,"column":41}},{"start":{"line":178,"column":44},"end":{"line":178,"column":48}}],"line":178},"34":{"loc":{"start":{"line":182,"column":4},"end":{"line":185,"column":5}},"type":"if","locations":[{"start":{"line":182,"column":4},"end":{"line":185,"column":5}},{"start":{},"end":{}}],"line":182}},"s":{"0":1,"1":30,"2":22,"3":30,"4":25,"5":2,"6":2,"7":23,"8":23,"9":23,"10":19,"11":23,"12":23,"13":4,"14":23,"15":0,"16":0,"17":0,"18":0,"19":0,"20":0,"21":0,"22":0,"23":0,"24":23,"25":1,"26":1,"27":22,"28":22,"29":22,"30":22,"31":25,"32":22,"33":30,"34":7,"35":7,"36":1,"37":6,"38":1,"39":1,"40":5,"41":5,"42":30,"43":3,"44":3,"45":1,"46":2,"47":1,"48":1,"49":30,"50":2,"51":2,"52":1,"53":1,"54":30,"55":2,"56":2,"57":1,"58":1,"59":30,"60":4,"61":4,"62":1,"63":3,"64":1,"65":2,"66":2,"67":1,"68":1,"69":1,"70":1,"71":1,"72":30,"73":0,"74":0,"75":0,"76":0,"77":0,"78":30,"79":0,"80":0,"81":0,"82":0,"83":0,"84":30,"85":4,"86":4,"87":4,"88":1,"89":3,"90":0,"91":3,"92":3,"93":0,"94":3,"95":1,"96":3,"97":3,"98":2,"99":2,"100":1},"f":{"0":30,"1":22,"2":25,"3":4,"4":0,"5":25,"6":7,"7":5,"8":3,"9":2,"10":2,"11":4,"12":1,"13":0,"14":0,"15":4,"16":1},"b":{"0":[30],"1":[0],"2":[2,23],"3":[25,24],"4":[19,4],"5":[0,23],"6":[0,0],"7":[1,22],"8":[1,6],"9":[1,5],"10":[0],"11":[1,2],"12":[3,2],"13":[1,1],"14":[1,1],"15":[2,1],"16":[1,1],"17":[2,1],"18":[1,3],"19":[1,2],"20":[1,1],"21":[2,2],"22":[0],"23":[0,0],"24":[0,0],"25":[0,0],"26":[0],"27":[0,0],"28":[0,0],"29":[1,3],"30":[0,3],"31":[0,3],"32":[3,2],"33":[1,2],"34":[2,1]},"_coverageSchema":"1a1c01bbd47fc00a2c39e90264f33305004495a9","hash":"b1aa100c99493de84565e52af5b788309f79edf6"}
}
