TN:
SF:src/game/Game.js
FN:33,(anonymous_0)
FN:55,(anonymous_1)
FN:69,(anonymous_2)
FN:98,(anonymous_3)
FN:114,(anonymous_4)
FN:121,(anonymous_5)
FN:131,(anonymous_6)
FN:144,(anonymous_7)
FN:150,(anonymous_8)
FN:157,(anonymous_9)
FN:177,(anonymous_10)
FN:198,(anonymous_11)
FN:208,(anonymous_12)
FN:220,(anonymous_13)
FN:224,(anonymous_14)
FN:230,(anonymous_15)
FN:231,(anonymous_16)
FN:235,(anonymous_17)
FN:250,(anonymous_18)
FN:262,(anonymous_19)
FN:275,(anonymous_20)
FN:327,(anonymous_21)
FN:336,(anonymous_22)
FN:344,(anonymous_23)
FN:357,(anonymous_24)
FNF:25
FNH:22
FNDA:49,(anonymous_0)
FNDA:57,(anonymous_1)
FNDA:8,(anonymous_2)
FNDA:27,(anonymous_3)
FNDA:18,(anonymous_4)
FNDA:25,(anonymous_5)
FNDA:3,(anonymous_6)
FNDA:3,(anonymous_7)
FNDA:3,(anonymous_8)
FNDA:0,(anonymous_9)
FNDA:6,(anonymous_10)
FNDA:3,(anonymous_11)
FNDA:2,(anonymous_12)
FNDA:19,(anonymous_13)
FNDA:19,(anonymous_14)
FNDA:1,(anonymous_15)
FNDA:1,(anonymous_16)
FNDA:29,(anonymous_17)
FNDA:18,(anonymous_18)
FNDA:1,(anonymous_19)
FNDA:3,(anonymous_20)
FNDA:0,(anonymous_21)
FNDA:1,(anonymous_22)
FNDA:0,(anonymous_23)
FNDA:18,(anonymous_24)
DA:3,2
DA:4,2
DA:19,2
DA:22,2
DA:34,49
DA:35,49
DA:36,49
DA:39,49
DA:40,49
DA:42,49
DA:43,49
DA:44,49
DA:56,57
DA:57,57
DA:58,57
DA:59,57
DA:60,57
DA:70,8
DA:71,8
DA:73,7
DA:76,7
DA:77,3
DA:81,7
DA:82,1
DA:83,1
DA:84,1
DA:88,7
DA:99,27
DA:100,27
DA:101,25
DA:102,24
DA:104,24
DA:105,24
DA:106,24
DA:108,24
DA:109,26
DA:110,26
DA:111,26
DA:114,24
DA:115,24
DA:122,25
DA:123,19
DA:124,19
DA:132,3
DA:133,3
DA:134,3
DA:135,3
DA:136,3
DA:145,3
DA:146,3
DA:147,3
DA:148,3
DA:150,3
DA:153,3
DA:155,3
DA:156,0
DA:157,0
DA:165,0
DA:166,0
DA:178,6
DA:179,6
DA:181,4
DA:182,4
DA:184,4
DA:185,4
DA:186,4
DA:187,4
DA:188,0
DA:190,0
DA:199,3
DA:200,3
DA:201,2
DA:209,2
DA:210,2
DA:211,2
DA:212,2
DA:221,19
DA:224,19
DA:231,1
DA:236,29
DA:237,29
DA:238,29
DA:239,29
DA:240,29
DA:241,29
DA:242,29
DA:243,29
DA:244,29
DA:245,29
DA:246,29
DA:251,18
DA:252,18
DA:253,18
DA:254,18
DA:255,1
DA:256,1
DA:259,18
DA:263,1
DA:264,1
DA:265,1
DA:267,0
DA:277,3
DA:280,3
DA:281,3
DA:284,3
DA:285,1
DA:286,1
DA:287,1
DA:290,1
DA:291,1
DA:292,1
DA:297,3
DA:298,0
DA:299,0
DA:303,3
DA:306,3
DA:307,0
DA:308,0
DA:312,3
DA:315,3
DA:323,0
DA:328,0
DA:329,0
DA:333,0
DA:337,1
DA:338,2
DA:339,1
DA:345,0
DA:347,0
DA:348,0
DA:349,0
DA:352,0
DA:353,0
DA:358,18
DA:362,2
LF:135
LH:114
BRDA:33,0,0,30
BRDA:56,1,0,0
BRDA:56,1,1,57
BRDA:58,2,0,48
BRDA:58,2,1,9
BRDA:71,3,0,1
BRDA:71,3,1,7
BRDA:76,4,0,3
BRDA:76,4,1,4
BRDA:76,5,0,7
BRDA:76,5,1,7
BRDA:81,6,0,1
BRDA:81,6,1,6
BRDA:83,7,0,1
BRDA:83,7,1,0
BRDA:84,8,0,1
BRDA:84,8,1,1
BRDA:100,9,0,2
BRDA:100,9,1,25
BRDA:100,10,0,27
BRDA:100,10,1,27
BRDA:101,11,0,1
BRDA:101,11,1,24
BRDA:102,12,0,0
BRDA:102,12,1,24
BRDA:122,13,0,19
BRDA:122,13,1,6
BRDA:145,14,0,0
BRDA:145,14,1,3
BRDA:149,15,0,1
BRDA:149,15,1,2
BRDA:155,16,0,0
BRDA:155,16,1,3
BRDA:179,17,0,2
BRDA:179,17,1,4
BRDA:179,18,0,6
BRDA:179,18,1,5
BRDA:181,19,0,1
BRDA:181,19,1,3
BRDA:181,20,0,2
BRDA:181,20,1,1
BRDA:182,21,0,1
BRDA:182,21,1,3
BRDA:185,22,0,4
BRDA:185,22,1,0
BRDA:187,23,0,1
BRDA:187,23,1,3
BRDA:188,24,0,0
BRDA:188,24,1,0
BRDA:200,25,0,1
BRDA:200,25,1,2
BRDA:200,26,0,3
BRDA:200,26,1,3
BRDA:210,27,0,0
BRDA:210,27,1,2
BRDA:210,28,0,2
BRDA:210,28,1,2
BRDA:252,29,0,0
BRDA:252,29,1,18
BRDA:254,30,0,1
BRDA:254,30,1,17
BRDA:264,31,0,1
BRDA:264,31,1,0
BRDA:284,32,0,1
BRDA:284,32,1,2
BRDA:291,33,0,1
BRDA:291,33,1,0
BRDA:297,34,0,0
BRDA:297,34,1,3
BRDA:306,35,0,0
BRDA:306,35,1,3
BRDA:315,36,0,0
BRDA:315,36,1,3
BRDA:338,37,0,1
BRDA:338,37,1,1
BRDA:338,38,0,2
BRDA:338,38,1,1
BRDA:347,39,0,0
BRDA:347,39,1,0
BRDA:347,40,0,0
BRDA:347,40,1,0
BRDA:352,41,0,0
BRDA:352,41,1,0
BRF:83
BRH:62
end_of_record
TN:
SF:src/game/Piece.js
FN:81,createPiece
FN:83,(anonymous_1)
FN:96,mulberry32
FN:98,(anonymous_3)
FN:113,generatePieceSequence
FN:115,(anonymous_5)
FNF:6
FNH:6
FNDA:88,createPiece
FNDA:270,(anonymous_1)
FNDA:39,mulberry32
FNDA:25865,(anonymous_3)
FNDA:33,generatePieceSequence
FNDA:25705,(anonymous_5)
DA:7,4
DA:73,4
DA:82,88
DA:83,270
DA:84,88
DA:85,88
DA:97,39
DA:98,39
DA:99,25865
DA:100,25865
DA:101,25865
DA:102,25865
DA:114,33
DA:115,25705
DA:118,4
LF:15
LH:15
BRDA:113,0,0,1
BRF:1
BRH:1
end_of_record
TN:
SF:src/game/Player.js
FN:15,(anonymous_0)
FN:43,(anonymous_1)
FN:59,(anonymous_2)
FNF:3
FNH:3
FNDA:74,(anonymous_0)
FNDA:41,(anonymous_1)
FNDA:101,(anonymous_2)
DA:3,3
DA:4,3
DA:16,74
DA:17,74
DA:20,74
DA:23,74
DA:24,74
DA:25,74
DA:26,74
DA:27,74
DA:28,74
DA:29,74
DA:30,74
DA:31,74
DA:32,74
DA:35,74
DA:44,41
DA:45,41
DA:47,33
DA:48,33
DA:51,8
DA:52,8
DA:60,101
DA:76,3
LF:24
LH:24
BRDA:45,0,0,33
BRDA:45,0,1,8
BRF:2
BRH:2
end_of_record
TN:
SF:src/game/logic.js
FN:12,createGrid
FN:13,(anonymous_1)
FN:26,isValidPosition
FN:48,rotatePieceShape
FN:51,(anonymous_4)
FN:68,rotatePiece
FN:89,movePiece
FN:104,hardDrop
FN:120,lockPiece
FN:121,(anonymous_9)
FN:141,clearLines
FN:142,(anonymous_11)
FN:142,(anonymous_12)
FN:144,(anonymous_13)
FN:157,addGarbageLines
FN:159,(anonymous_15)
FN:175,getSpectrum
FN:176,(anonymous_17)
FN:192,isGameOver
FN:193,(anonymous_19)
FN:204,calculateScore
FN:214,calculateLevel
FN:223,calculateGravityDelay
FNF:23
FNH:23
FNDA:138,createGrid
FNDA:2760,(anonymous_1)
FNDA:121,isValidPosition
FNDA:13,rotatePieceShape
FNDA:40,(anonymous_4)
FNDA:5,rotatePiece
FNDA:10,movePiece
FNDA:5,hardDrop
FNDA:6,lockPiece
FNDA:120,(anonymous_9)
FNDA:9,clearLines
FNDA:180,(anonymous_11)
FNDA:369,(anonymous_12)
FNDA:20,(anonymous_13)
FNDA:4,addGarbageLines
FNDA:6,(anonymous_15)
FNDA:6,getSpectrum
FNDA:60,(anonymous_17)
FNDA:6,isGameOver
FNDA:56,(anonymous_19)
FNDA:6,calculateScore
FNDA:5,calculateLevel
FNDA:23,calculateGravityDelay
DA:3,4
DA:4,4
DA:13,2760
DA:27,121
DA:28,258
DA:29,635
DA:30,383
DA:31,383
DA:32,383
DA:33,378
DA:34,374
DA:37,103
DA:49,13
DA:50,13
DA:51,40
DA:52,13
DA:53,38
DA:54,122
DA:57,13
DA:69,5
DA:70,5
DA:71,5
DA:72,10
DA:73,4
DA:76,1
DA:90,10
DA:91,10
DA:92,10
DA:93,8
DA:95,2
DA:105,5
DA:106,5
DA:107,86
DA:109,5
DA:121,120
DA:122,6
DA:123,15
DA:124,43
DA:125,19
DA:126,19
DA:127,19
DA:128,19
DA:132,6
DA:142,369
DA:143,9
DA:144,20
DA:145,9
DA:158,4
DA:159,3
DA:160,6
DA:161,6
DA:162,6
DA:164,3
DA:176,6
DA:177,60
DA:178,1175
DA:180,46
DA:193,56
DA:205,6
DA:206,6
DA:215,5
DA:224,23
DA:225,23
DA:228,4
LF:64
LH:64
BRDA:29,0,0,252
BRDA:29,0,1,383
BRDA:32,1,0,5
BRDA:32,1,1,378
BRDA:32,2,0,383
BRDA:32,2,1,383
BRDA:33,3,0,4
BRDA:33,3,1,374
BRDA:33,4,0,378
BRDA:33,4,1,376
BRDA:34,5,0,9
BRDA:34,5,1,365
BRDA:72,6,0,4
BRDA:72,6,1,6
BRDA:92,7,0,8
BRDA:92,7,1,2
BRDA:124,8,0,24
BRDA:124,8,1,19
BRDA:127,9,0,19
BRDA:127,9,1,0
BRDA:127,10,0,19
BRDA:127,10,1,19
BRDA:127,10,2,19
BRDA:127,10,3,19
BRDA:158,11,0,1
BRDA:158,11,1,3
BRDA:178,12,0,14
BRDA:178,12,1,1161
BRDA:206,13,0,6
BRDA:206,13,1,0
BRF:30
BRH:28
end_of_record
TN:
SF:src/persistence/scoresStore.js
FN:10,createScoresStore
FN:28,(anonymous_1)
FN:30,(anonymous_2)
FN:42,(anonymous_3)
FN:44,(anonymous_4)
FN:48,(anonymous_5)
FN:52,(anonymous_6)
FN:57,(anonymous_7)
FN:58,(anonymous_8)
FN:76,(anonymous_9)
FNF:10
FNH:0
FNDA:0,createScoresStore
FNDA:0,(anonymous_1)
FNDA:0,(anonymous_2)
FNDA:0,(anonymous_3)
FNDA:0,(anonymous_4)
FNDA:0,(anonymous_5)
FNDA:0,(anonymous_6)
FNDA:0,(anonymous_7)
FNDA:0,(anonymous_8)
FNDA:0,(anonymous_9)
DA:3,0
DA:4,0
DA:5,0
DA:7,0
DA:8,0
DA:11,0
DA:12,0
DA:14,0
DA:15,0
DA:16,0
DA:17,0
DA:18,0
DA:19,0
DA:20,0
DA:24,0
DA:25,0
DA:28,0
DA:29,0
DA:30,0
DA:31,0
DA:32,0
DA:33,0
DA:34,0
DA:36,0
DA:39,0
DA:42,0
DA:43,0
DA:44,0
DA:47,0
DA:49,0
DA:53,0
DA:54,0
DA:56,0
DA:57,0
DA:58,0
DA:66,0
DA:67,0
DA:70,0
DA:71,0
DA:72,0
DA:73,0
DA:77,0
DA:82,0
LF:43
LH:0
BRDA:10,0,0,0
BRDA:10,1,0,0
BRDA:10,2,0,0
BRDA:10,2,1,0
BRDA:16,3,0,0
BRDA:16,3,1,0
BRDA:19,4,0,0
BRDA:19,4,1,0
BRDA:19,5,0,0
BRDA:19,5,1,0
BRDA:19,5,2,0
BRDA:44,6,0,0
BRDA:44,6,1,0
BRDA:49,7,0,0
BRDA:49,7,1,0
BRDA:53,8,0,0
BRDA:53,8,1,0
BRDA:53,9,0,0
BRDA:53,9,1,0
BRDA:53,9,2,0
BRDA:54,10,0,0
BRDA:54,10,1,0
BRDA:57,11,0,0
BRDA:57,11,1,0
BRDA:57,11,2,0
BRDA:57,11,3,0
BRDA:61,12,0,0
BRDA:61,12,1,0
BRDA:62,13,0,0
BRDA:62,13,1,0
BRDA:63,14,0,0
BRDA:63,14,1,0
BRDA:66,15,0,0
BRDA:66,15,1,0
BRDA:67,16,0,0
BRDA:67,16,1,0
BRDA:70,17,0,0
BRDA:70,17,1,0
BRF:38
BRH:0
end_of_record
TN:
SF:src/sockets/gameHandler.js
FN:12,setupGameHandlers
FN:14,(anonymous_1)
FN:18,(anonymous_2)
FN:36,(anonymous_3)
FN:48,(anonymous_4)
FN:67,(anonymous_5)
FN:76,(anonymous_6)
FN:86,(anonymous_7)
FN:92,(anonymous_8)
FN:100,(anonymous_9)
FN:107,(anonymous_10)
FN:115,(anonymous_11)
FN:128,(anonymous_12)
FN:134,(anonymous_13)
FN:147,(anonymous_14)
FN:160,(anonymous_15)
FN:173,(anonymous_16)
FNF:17
FNH:14
FNDA:30,setupGameHandlers
FNDA:22,(anonymous_1)
FNDA:25,(anonymous_2)
FNDA:4,(anonymous_3)
FNDA:0,(anonymous_4)
FNDA:25,(anonymous_5)
FNDA:7,(anonymous_6)
FNDA:5,(anonymous_7)
FNDA:3,(anonymous_8)
FNDA:2,(anonymous_9)
FNDA:2,(anonymous_10)
FNDA:4,(anonymous_11)
FNDA:1,(anonymous_12)
FNDA:0,(anonymous_13)
FNDA:0,(anonymous_14)
FNDA:4,(anonymous_15)
FNDA:1,(anonymous_16)
DA:3,1
DA:14,30
DA:18,30
DA:19,25
DA:20,2
DA:21,2
DA:25,23
DA:26,23
DA:29,23
DA:30,19
DA:33,23
DA:36,23
DA:37,23
DA:38,0
DA:39,0
DA:40,0
DA:41,0
DA:43,0
DA:44,0
DA:45,0
DA:48,0
DA:50,0
DA:54,23
DA:55,1
DA:56,1
DA:59,22
DA:60,22
DA:61,22
DA:64,22
DA:67,25
DA:71,22
DA:76,30
DA:77,7
DA:78,7
DA:80,6
DA:81,1
DA:82,1
DA:85,5
DA:86,5
DA:92,30
DA:93,3
DA:94,3
DA:95,2
DA:96,1
DA:100,30
DA:101,2
DA:102,2
DA:103,1
DA:107,30
DA:108,2
DA:109,2
DA:110,1
DA:115,30
DA:116,4
DA:117,4
DA:118,3
DA:120,2
DA:121,2
DA:122,1
DA:123,1
DA:126,1
DA:127,1
DA:128,1
DA:134,30
DA:135,0
DA:136,0
DA:137,0
DA:139,0
DA:140,0
DA:147,30
DA:148,0
DA:149,0
DA:150,0
DA:152,0
DA:153,0
DA:160,30
DA:161,4
DA:163,4
DA:164,4
DA:168,3
DA:170,3
DA:171,3
DA:173,3
DA:175,3
DA:182,3
DA:183,2
DA:184,2
DA:189,1
LF:88
LH:69
BRDA:12,0,0,30
BRDA:18,1,0,0
BRDA:19,2,0,2
BRDA:19,2,1,23
BRDA:19,3,0,25
BRDA:19,3,1,24
BRDA:29,4,0,19
BRDA:29,4,1,4
BRDA:37,5,0,0
BRDA:37,5,1,23
BRDA:38,6,0,0
BRDA:38,6,1,0
BRDA:54,7,0,1
BRDA:54,7,1,22
BRDA:78,8,0,1
BRDA:78,8,1,6
BRDA:80,9,0,1
BRDA:80,9,1,5
BRDA:92,10,0,0
BRDA:94,11,0,1
BRDA:94,11,1,2
BRDA:94,12,0,3
BRDA:94,12,1,2
BRDA:95,13,0,1
BRDA:95,13,1,1
BRDA:102,14,0,1
BRDA:102,14,1,1
BRDA:102,15,0,2
BRDA:102,15,1,1
BRDA:109,16,0,1
BRDA:109,16,1,1
BRDA:109,17,0,2
BRDA:109,17,1,1
BRDA:117,18,0,1
BRDA:117,18,1,3
BRDA:118,19,0,1
BRDA:118,19,1,2
BRDA:121,20,0,1
BRDA:121,20,1,1
BRDA:121,21,0,2
BRDA:121,21,1,2
BRDA:134,22,0,0
BRDA:135,23,0,0
BRDA:135,23,1,0
BRDA:135,24,0,0
BRDA:135,24,1,0
BRDA:136,25,0,0
BRDA:136,25,1,0
BRDA:147,26,0,0
BRDA:148,27,0,0
BRDA:148,27,1,0
BRDA:155,28,0,0
BRDA:155,28,1,0
BRDA:164,29,0,1
BRDA:164,29,1,3
BRDA:168,30,0,0
BRDA:168,30,1,3
BRDA:171,31,0,0
BRDA:171,31,1,3
BRDA:173,32,0,3
BRDA:173,32,1,2
BRDA:178,33,0,1
BRDA:178,33,1,2
BRDA:182,34,0,2
BRDA:182,34,1,1
BRF:65
BRH:46
end_of_record
