TN:
SF:src/game/Game.js
FN:33,(anonymous_0)
FN:57,(anonymous_1)
FN:71,(anonymous_2)
FN:100,(anonymous_3)
FN:116,(anonymous_4)
FN:123,(anonymous_5)
FN:133,(anonymous_6)
FN:146,(anonymous_7)
FN:152,(anonymous_8)
FN:157,(anonymous_9)
FN:177,(anonymous_10)
FN:198,(anonymous_11)
FN:208,(anonymous_12)
FN:220,(anonymous_13)
FN:225,(anonymous_14)
FN:235,(anonymous_15)
FN:248,(anonymous_16)
FN:249,(anonymous_17)
FN:253,(anonymous_18)
FN:268,(anonymous_19)
FN:280,(anonymous_20)
FN:293,(anonymous_21)
FN:345,(anonymous_22)
FN:354,(anonymous_23)
FN:362,(anonymous_24)
FN:375,(anonymous_25)
FNF:26
FNH:22
FNDA:49,(anonymous_0)
FNDA:57,(anonymous_1)
FNDA:8,(anonymous_2)
FNDA:27,(anonymous_3)
FNDA:18,(anonymous_4)
FNDA:25,(anonymous_5)
FNDA:3,(anonymous_6)
FNDA:3,(anonymous_7)
FNDA:3,(anonymous_8)
FNDA:0,(anonymous_9)
FNDA:6,(anonymous_10)
FNDA:3,(anonymous_11)
FNDA:2,(anonymous_12)
FNDA:19,(anonymous_13)
FNDA:19,(anonymous_14)
FNDA:0,(anonymous_15)
FNDA:1,(anonymous_16)
FNDA:1,(anonymous_17)
FNDA:29,(anonymous_18)
FNDA:18,(anonymous_19)
FNDA:1,(anonymous_20)
FNDA:3,(anonymous_21)
FNDA:0,(anonymous_22)
FNDA:1,(anonymous_23)
FNDA:0,(anonymous_24)
FNDA:18,(anonymous_25)
DA:3,2
DA:4,2
DA:19,2
DA:22,2
DA:34,49
DA:35,49
DA:36,49
DA:39,49
DA:40,49
DA:42,49
DA:44,49
DA:45,49
DA:46,49
DA:58,57
DA:59,57
DA:60,57
DA:61,57
DA:62,57
DA:72,8
DA:73,8
DA:75,7
DA:78,7
DA:79,3
DA:83,7
DA:84,1
DA:85,1
DA:86,1
DA:90,7
DA:101,27
DA:102,27
DA:103,25
DA:104,24
DA:106,24
DA:107,24
DA:108,24
DA:110,24
DA:111,26
DA:112,26
DA:113,26
DA:116,24
DA:117,24
DA:124,25
DA:125,19
DA:126,19
DA:134,3
DA:135,3
DA:136,3
DA:137,3
DA:138,3
DA:147,3
DA:148,3
DA:149,3
DA:150,3
DA:152,3
DA:155,3
DA:156,0
DA:157,0
DA:165,0
DA:166,0
DA:178,6
DA:179,6
DA:181,4
DA:182,4
DA:184,4
DA:185,4
DA:186,4
DA:187,4
DA:188,0
DA:190,0
DA:199,3
DA:200,3
DA:201,2
DA:209,2
DA:210,2
DA:211,2
DA:212,2
DA:221,19
DA:225,19
DA:236,0
DA:237,0
DA:238,0
DA:239,0
DA:240,0
DA:241,0
DA:242,0
DA:243,0
DA:249,1
DA:254,29
DA:255,29
DA:256,29
DA:257,29
DA:258,29
DA:259,29
DA:260,29
DA:261,29
DA:262,29
DA:263,29
DA:264,29
DA:269,18
DA:270,18
DA:271,18
DA:272,18
DA:273,1
DA:274,1
DA:277,18
DA:281,1
DA:282,1
DA:283,1
DA:285,0
DA:295,3
DA:298,3
DA:299,3
DA:302,3
DA:303,1
DA:304,1
DA:305,1
DA:308,1
DA:309,1
DA:310,1
DA:315,3
DA:316,0
DA:317,0
DA:321,3
DA:324,3
DA:325,0
DA:326,0
DA:330,3
DA:333,3
DA:341,0
DA:346,0
DA:347,0
DA:351,0
DA:355,1
DA:356,2
DA:357,1
DA:363,0
DA:365,0
DA:366,0
DA:367,0
DA:370,0
DA:371,0
DA:376,18
DA:380,2
LF:143
LH:114
BRDA:33,0,0,30
BRDA:58,1,0,0
BRDA:58,1,1,57
BRDA:60,2,0,48
BRDA:60,2,1,9
BRDA:73,3,0,1
BRDA:73,3,1,7
BRDA:78,4,0,3
BRDA:78,4,1,4
BRDA:78,5,0,7
BRDA:78,5,1,7
BRDA:83,6,0,1
BRDA:83,6,1,6
BRDA:85,7,0,1
BRDA:85,7,1,0
BRDA:86,8,0,1
BRDA:86,8,1,1
BRDA:102,9,0,2
BRDA:102,9,1,25
BRDA:102,10,0,27
BRDA:102,10,1,27
BRDA:103,11,0,1
BRDA:103,11,1,24
BRDA:104,12,0,0
BRDA:104,12,1,24
BRDA:124,13,0,19
BRDA:124,13,1,6
BRDA:147,14,0,0
BRDA:147,14,1,3
BRDA:151,15,0,1
BRDA:151,15,1,2
BRDA:155,16,0,0
BRDA:155,16,1,3
BRDA:179,17,0,2
BRDA:179,17,1,4
BRDA:179,18,0,6
BRDA:179,18,1,5
BRDA:181,19,0,1
BRDA:181,19,1,3
BRDA:181,20,0,2
BRDA:181,20,1,1
BRDA:182,21,0,1
BRDA:182,21,1,3
BRDA:185,22,0,4
BRDA:185,22,1,0
BRDA:187,23,0,1
BRDA:187,23,1,3
BRDA:188,24,0,0
BRDA:188,24,1,0
BRDA:200,25,0,1
BRDA:200,25,1,2
BRDA:200,26,0,3
BRDA:200,26,1,3
BRDA:210,27,0,0
BRDA:210,27,1,2
BRDA:210,28,0,2
BRDA:210,28,1,2
BRDA:236,29,0,0
BRDA:236,29,1,0
BRDA:237,30,0,0
BRDA:237,30,1,0
BRDA:237,31,0,0
BRDA:237,31,1,0
BRDA:239,32,0,0
BRDA:239,32,1,0
BRDA:239,33,0,0
BRDA:239,33,1,0
BRDA:240,34,0,0
BRDA:240,34,1,0
BRDA:270,35,0,0
BRDA:270,35,1,18
BRDA:272,36,0,1
BRDA:272,36,1,17
BRDA:282,37,0,1
BRDA:282,37,1,0
BRDA:302,38,0,1
BRDA:302,38,1,2
BRDA:309,39,0,1
BRDA:309,39,1,0
BRDA:315,40,0,0
BRDA:315,40,1,3
BRDA:324,41,0,0
BRDA:324,41,1,3
BRDA:333,42,0,0
BRDA:333,42,1,3
BRDA:356,43,0,1
BRDA:356,43,1,1
BRDA:356,44,0,2
BRDA:356,44,1,1
BRDA:365,45,0,0
BRDA:365,45,1,0
BRDA:365,46,0,0
BRDA:365,46,1,0
BRDA:370,47,0,0
BRDA:370,47,1,0
BRF:95
BRH:62
end_of_record
TN:
SF:src/game/Piece.js
FN:81,createPiece
FN:83,(anonymous_1)
FN:96,mulberry32
FN:98,(anonymous_3)
FN:113,generatePieceSequence
FN:115,(anonymous_5)
FNF:6
FNH:6
FNDA:88,createPiece
FNDA:272,(anonymous_1)
FNDA:39,mulberry32
FNDA:25865,(anonymous_3)
FNDA:33,generatePieceSequence
FNDA:25705,(anonymous_5)
DA:7,4
DA:73,4
DA:82,88
DA:83,272
DA:84,88
DA:85,88
DA:97,39
DA:98,39
DA:99,25865
DA:100,25865
DA:101,25865
DA:102,25865
DA:114,33
DA:115,25705
DA:118,4
LF:15
LH:15
BRDA:113,0,0,1
BRF:1
BRH:1
end_of_record
TN:
SF:src/game/Player.js
FN:15,(anonymous_0)
FN:43,(anonymous_1)
FN:59,(anonymous_2)
FNF:3
FNH:3
FNDA:74,(anonymous_0)
FNDA:41,(anonymous_1)
FNDA:101,(anonymous_2)
DA:3,3
DA:4,3
DA:16,74
DA:17,74
DA:20,74
DA:23,74
DA:24,74
DA:25,74
DA:26,74
DA:27,74
DA:28,74
DA:29,74
DA:30,74
DA:31,74
DA:32,74
DA:35,74
DA:44,41
DA:45,41
DA:47,33
DA:48,33
DA:51,8
DA:52,8
DA:60,101
DA:76,3
LF:24
LH:24
BRDA:45,0,0,33
BRDA:45,0,1,8
BRF:2
BRH:2
end_of_record
TN:
SF:src/game/logic.js
FN:12,createGrid
FN:13,(anonymous_1)
FN:26,isValidPosition
FN:48,rotatePieceShape
FN:51,(anonymous_4)
FN:68,rotatePiece
FN:89,movePiece
FN:104,hardDrop
FN:120,lockPiece
FN:121,(anonymous_9)
FN:141,clearLines
FN:142,(anonymous_11)
FN:142,(anonymous_12)
FN:144,(anonymous_13)
FN:157,addGarbageLines
FN:159,(anonymous_15)
FN:175,getSpectrum
FN:176,(anonymous_17)
FN:192,isGameOver
FN:193,(anonymous_19)
FN:204,calculateScore
FN:214,calculateLevel
FN:224,calculateGravityDelay
FNF:23
FNH:23
FNDA:138,createGrid
FNDA:2760,(anonymous_1)
FNDA:121,isValidPosition
FNDA:13,rotatePieceShape
FNDA:38,(anonymous_4)
FNDA:5,rotatePiece
FNDA:10,movePiece
FNDA:5,hardDrop
FNDA:6,lockPiece
FNDA:120,(anonymous_9)
FNDA:9,clearLines
FNDA:180,(anonymous_11)
FNDA:369,(anonymous_12)
FNDA:20,(anonymous_13)
FNDA:4,addGarbageLines
FNDA:6,(anonymous_15)
FNDA:6,getSpectrum
FNDA:60,(anonymous_17)
FNDA:6,isGameOver
FNDA:56,(anonymous_19)
FNDA:6,calculateScore
FNDA:5,calculateLevel
FNDA:52,calculateGravityDelay
DA:3,4
DA:4,4
DA:13,2760
DA:27,121
DA:28,257
DA:29,628
DA:30,382
DA:31,382
DA:32,382
DA:33,377
DA:34,373
DA:37,103
DA:49,13
DA:50,13
DA:51,38
DA:52,13
DA:53,36
DA:54,110
DA:57,13
DA:69,5
DA:70,5
DA:71,5
DA:72,10
DA:73,4
DA:76,1
DA:90,10
DA:91,10
DA:92,10
DA:93,8
DA:95,2
DA:105,5
DA:106,5
DA:107,86
DA:109,5
DA:121,120
DA:122,6
DA:123,15
DA:124,43
DA:125,19
DA:126,19
DA:127,19
DA:128,19
DA:132,6
DA:142,369
DA:143,9
DA:144,20
DA:145,9
DA:158,4
DA:159,3
DA:160,6
DA:161,6
DA:162,6
DA:164,3
DA:176,6
DA:177,60
DA:178,1176
DA:180,46
DA:193,56
DA:205,6
DA:206,6
DA:215,5
DA:225,52
DA:226,52
DA:227,52
DA:228,52
DA:231,4
LF:66
LH:66
BRDA:29,0,0,246
BRDA:29,0,1,382
BRDA:32,1,0,5
BRDA:32,1,1,377
BRDA:32,2,0,382
BRDA:32,2,1,382
BRDA:33,3,0,4
BRDA:33,3,1,373
BRDA:33,4,0,377
BRDA:33,4,1,375
BRDA:34,5,0,9
BRDA:34,5,1,364
BRDA:72,6,0,4
BRDA:72,6,1,6
BRDA:92,7,0,8
BRDA:92,7,1,2
BRDA:124,8,0,24
BRDA:124,8,1,19
BRDA:127,9,0,19
BRDA:127,9,1,0
BRDA:127,10,0,19
BRDA:127,10,1,19
BRDA:127,10,2,19
BRDA:127,10,3,19
BRDA:158,11,0,1
BRDA:158,11,1,3
BRDA:178,12,0,14
BRDA:178,12,1,1162
BRDA:206,13,0,6
BRDA:206,13,1,0
BRDA:224,14,0,1
BRDA:227,15,0,16
BRDA:227,15,1,36
BRF:33
BRH:31
end_of_record
TN:
SF:src/persistence/scoresStore.js
FN:10,createScoresStore
FN:28,(anonymous_1)
FN:30,(anonymous_2)
FN:42,(anonymous_3)
FN:44,(anonymous_4)
FN:48,(anonymous_5)
FN:52,(anonymous_6)
FN:57,(anonymous_7)
FN:58,(anonymous_8)
FN:76,(anonymous_9)
FNF:10
FNH:0
FNDA:0,createScoresStore
FNDA:0,(anonymous_1)
FNDA:0,(anonymous_2)
FNDA:0,(anonymous_3)
FNDA:0,(anonymous_4)
FNDA:0,(anonymous_5)
FNDA:0,(anonymous_6)
FNDA:0,(anonymous_7)
FNDA:0,(anonymous_8)
FNDA:0,(anonymous_9)
DA:3,0
DA:4,0
DA:5,0
DA:7,0
DA:8,0
DA:11,0
DA:12,0
DA:14,0
DA:15,0
DA:16,0
DA:17,0
DA:18,0
DA:19,0
DA:20,0
DA:24,0
DA:25,0
DA:28,0
DA:29,0
DA:30,0
DA:31,0
DA:32,0
DA:33,0
DA:34,0
DA:36,0
DA:39,0
DA:42,0
DA:43,0
DA:44,0
DA:47,0
DA:49,0
DA:53,0
DA:54,0
DA:56,0
DA:57,0
DA:58,0
DA:66,0
DA:67,0
DA:70,0
DA:71,0
DA:72,0
DA:73,0
DA:77,0
DA:82,0
LF:43
LH:0
BRDA:10,0,0,0
BRDA:10,1,0,0
BRDA:10,2,0,0
BRDA:10,2,1,0
BRDA:16,3,0,0
BRDA:16,3,1,0
BRDA:19,4,0,0
BRDA:19,4,1,0
BRDA:19,5,0,0
BRDA:19,5,1,0
BRDA:19,5,2,0
BRDA:44,6,0,0
BRDA:44,6,1,0
BRDA:49,7,0,0
BRDA:49,7,1,0
BRDA:53,8,0,0
BRDA:53,8,1,0
BRDA:53,9,0,0
BRDA:53,9,1,0
BRDA:53,9,2,0
BRDA:54,10,0,0
BRDA:54,10,1,0
BRDA:57,11,0,0
BRDA:57,11,1,0
BRDA:57,11,2,0
BRDA:57,11,3,0
BRDA:61,12,0,0
BRDA:61,12,1,0
BRDA:62,13,0,0
BRDA:62,13,1,0
BRDA:63,14,0,0
BRDA:63,14,1,0
BRDA:66,15,0,0
BRDA:66,15,1,0
BRDA:67,16,0,0
BRDA:67,16,1,0
BRDA:70,17,0,0
BRDA:70,17,1,0
BRF:38
BRH:0
end_of_record
TN:
SF:src/sockets/gameHandler.js
FN:12,setupGameHandlers
FN:14,(anonymous_1)
FN:18,(anonymous_2)
FN:36,(anonymous_3)
FN:48,(anonymous_4)
FN:68,(anonymous_5)
FN:78,(anonymous_6)
FN:88,(anonymous_7)
FN:95,(anonymous_8)
FN:105,(anonymous_9)
FN:113,(anonymous_10)
FN:120,(anonymous_11)
FN:128,(anonymous_12)
FN:141,(anonymous_13)
FN:147,(anonymous_14)
FN:160,(anonymous_15)
FN:173,(anonymous_16)
FN:186,(anonymous_17)
FNF:18
FNH:14
FNDA:30,setupGameHandlers
FNDA:22,(anonymous_1)
FNDA:25,(anonymous_2)
FNDA:4,(anonymous_3)
FNDA:0,(anonymous_4)
FNDA:25,(anonymous_5)
FNDA:7,(anonymous_6)
FNDA:5,(anonymous_7)
FNDA:0,(anonymous_8)
FNDA:3,(anonymous_9)
FNDA:2,(anonymous_10)
FNDA:2,(anonymous_11)
FNDA:4,(anonymous_12)
FNDA:1,(anonymous_13)
FNDA:0,(anonymous_14)
FNDA:0,(anonymous_15)
FNDA:4,(anonymous_16)
FNDA:1,(anonymous_17)
DA:3,1
DA:14,30
DA:18,30
DA:19,25
DA:20,2
DA:21,2
DA:25,23
DA:26,23
DA:29,23
DA:30,19
DA:33,23
DA:36,23
DA:37,23
DA:38,0
DA:39,0
DA:40,0
DA:41,0
DA:43,0
DA:44,0
DA:45,0
DA:48,0
DA:51,0
DA:55,23
DA:56,1
DA:57,1
DA:60,22
DA:61,22
DA:62,22
DA:65,22
DA:68,25
DA:73,22
DA:78,30
DA:79,7
DA:80,7
DA:82,6
DA:83,1
DA:84,1
DA:87,5
DA:88,5
DA:95,30
DA:96,0
DA:97,0
DA:98,0
DA:99,0
DA:105,30
DA:106,3
DA:107,3
DA:108,2
DA:109,1
DA:113,30
DA:114,2
DA:115,2
DA:116,1
DA:120,30
DA:121,2
DA:122,2
DA:123,1
DA:128,30
DA:129,4
DA:130,4
DA:131,3
DA:133,2
DA:134,2
DA:135,1
DA:136,1
DA:139,1
DA:140,1
DA:141,1
DA:147,30
DA:148,0
DA:149,0
DA:150,0
DA:152,0
DA:153,0
DA:160,30
DA:161,0
DA:162,0
DA:163,0
DA:165,0
DA:166,0
DA:173,30
DA:174,4
DA:176,4
DA:177,4
DA:181,3
DA:183,3
DA:184,3
DA:186,3
DA:188,3
DA:195,3
DA:196,2
DA:197,2
DA:202,1
LF:93
LH:70
BRDA:12,0,0,30
BRDA:18,1,0,0
BRDA:19,2,0,2
BRDA:19,2,1,23
BRDA:19,3,0,25
BRDA:19,3,1,24
BRDA:29,4,0,19
BRDA:29,4,1,4
BRDA:37,5,0,0
BRDA:37,5,1,23
BRDA:38,6,0,0
BRDA:38,6,1,0
BRDA:55,7,0,1
BRDA:55,7,1,22
BRDA:80,8,0,1
BRDA:80,8,1,6
BRDA:82,9,0,1
BRDA:82,9,1,5
BRDA:95,10,0,0
BRDA:97,11,0,0
BRDA:97,11,1,0
BRDA:98,12,0,0
BRDA:98,12,1,0
BRDA:105,13,0,0
BRDA:107,14,0,1
BRDA:107,14,1,2
BRDA:107,15,0,3
BRDA:107,15,1,2
BRDA:108,16,0,1
BRDA:108,16,1,1
BRDA:115,17,0,1
BRDA:115,17,1,1
BRDA:115,18,0,2
BRDA:115,18,1,1
BRDA:122,19,0,1
BRDA:122,19,1,1
BRDA:122,20,0,2
BRDA:122,20,1,1
BRDA:130,21,0,1
BRDA:130,21,1,3
BRDA:131,22,0,1
BRDA:131,22,1,2
BRDA:134,23,0,1
BRDA:134,23,1,1
BRDA:134,24,0,2
BRDA:134,24,1,2
BRDA:147,25,0,0
BRDA:148,26,0,0
BRDA:148,26,1,0
BRDA:148,27,0,0
BRDA:148,27,1,0
BRDA:149,28,0,0
BRDA:149,28,1,0
BRDA:160,29,0,0
BRDA:161,30,0,0
BRDA:161,30,1,0
BRDA:168,31,0,0
BRDA:168,31,1,0
BRDA:177,32,0,1
BRDA:177,32,1,3
BRDA:181,33,0,0
BRDA:181,33,1,3
BRDA:184,34,0,0
BRDA:184,34,1,3
BRDA:186,35,0,3
BRDA:186,35,1,2
BRDA:191,36,0,1
BRDA:191,36,1,2
BRDA:195,37,0,2
BRDA:195,37,1,1
BRF:70
BRH:46
end_of_record
